0
2
3
10
13
15
17
19
21
26
28
35
44
46
48
51
71
76
77
80
91
92
95
95
107
113
117
126
134
150
155
160
161
167
170
173
173
178
179
179
182
189
193
239
248
250
255
256
258
269
270
270
273
282
284
288
292
292
293
300
321
333
336
336
337
338
342
355
358
361
363
365
378
394
403
405
411
412
417
418
418
422
433
439
444
453
459
465
465
472
474
479
490
494
497
500
502
507
514
521
525
530
531
534
539
541
542
555
557
559
561
564
566
568
579
579
582
599
610
612
625
628
634
638
644
646
651
652
657
660
667
670
672
678
683
685
691
698
701
705
706
707
708
719
721
734
748
749
749
754
761
764
765
768
768
776
782
783
789
798
800
801
807
807
808
809
811
817
830
831
845
859
870
872
876
887
888
898
912
917
917
917
922
923
930
939
945
948
948
956
969
978
988
991
992
996
998
1003
1005
1014
1024
1032
1033
1033
1034
1042
1059
1060
1061
1062
1062
1066
1070
1073
1081
1098
1111
1115
1129
1134
1140
1149
1157
1166
1167
1168
1168
1178
1180
1181
1182
1188
1195
1204
1208
1210
1211
1217
1218
1225
1236
1239
1240
1240
1245
1247
1248
1259
1270
1276
1277
1284
1288
1296
1296
1300
1305
1317
1318
1321
1321
1329
1336
1344
1352
1357
1362
1375
1383
1388
1392
1401
1405
1414
1429
1430
1436
1456
1462
1463
1464
1469
1487
1490
1493
1500
1501
1509
1511
1521
1522
1528
1530
1535
1543
1543
1544
1547
1551
1555
1559
1562
1567
1569
1587
1598
1602
1609
1612
1612
1627
1627
1628
1628
1629
1629
1631
1633
1637
1639
1641
1646
1648
1651
1661
1664
1684
1686
1692
1692
1693
1695
1695
1708
1708
1713
1719
1720
1720
1722
1728
1731
1731
1734
1738
1745
1749
1756
1763
1783
1787
1788
1791
1794
1794
1797
1808
1808
1813
1815
1817
1818
1829
1832
1836
1839
1850
1859
1862
1877
1877
1878
1881
1893
1895
1897
1910
1913
1915
1922
1928
1930
1935
1943
1947
1948
1960
1963
1972
1973
1976
1985
1985
1988
1992
1993
1994
1997
2000
2004
2008
2018
2021
2023
2026
2027
2030
2033
2035
2047
2060
2065
2067
2079
2082
2085
2090
2093
2095
2103
2108
2119
2119
2134
2144
2144
2159
2161
2163
2164
2167
2178
2187
2191
2193
2193
2202
2207
2207
2213
2216
2216
2217
2228
2231
2235
2241
2246
2251
2256
2263
2264
2269
2269
2280
2288
2292
2297
2298
2303
2305
2308
2326
2330
2339
2353
2358
2363
2384
2387
2392
2397
2403
2406
2406
2419
2420
2427
2430
2430
2444
2448
2459
2465
2477
2481
2481
2492
2497
2509
2513
2515
2522
2523
2527
2528
2529
2533
2537
2550
2559
2561
2564
2566
2568
2573
2578
2581
2585
2591
2595
2601
2601
2606
2606
2609
2612
2616
2616
2617
2618
2626
2633
2639
2643
2644
2654
2657
2661
2662
2669
2676
2687
2688
2696
2697
2700
2701
2705
2710
2711
2723
2732
2746
2756
2778
2785
2796
2809
2811
2811
2820
2822
2823
2825
2833
2840
2851
2851
2854
2855
2857
2864
2865
2872
2874
2876
2877
2896
2905
2909
2909
2915
2921
2932
2940
2945
2951
2955
2959
2959
2960
2966
2970
2971
2978
2978
2990
2994
2995
3006
3012
3018
3019
3020
3022
3025
3026
3034
3035
3041
3042
3057
3058
3063
3078
3079
3082
3096
3097
3099
3101
3107
3109
3115
3120
3123
3125
3126
3129
3139
3140
3146
3151
3154
3154
3156
3156
3156
3169
3173
3175
3177
3182
3183
3184
3190
3194
3195
3201
3202
3203
3218
3218
3227
3227
3229
3230
3234
3235
3237
3251
3252
3257
3262
3263
3263
3266
3267
3269
3270
3272
3280
3298
3306
3309
3312
3315
3318
3318
3319
3323
3325
3327
3330
3332
3336
3341
3349
3350
3351
3353
3358
3363
3364
3368
3369
3372
3373
3374
3385
3385
3390
3397
3400
3409
3415
3416
3419
3419
3422
3422
3433
3444
3448
3449
3456
3464
3472
3472
3478
3481
3484
3489
3494
3497
3497
3501
3501
3514
3515
3515
3521
3521
3525
3533
3538
3545
3546
3554
3554
3555
3562
3563
3566
3582
3595
3627
3628
3631
3635
3638
3642
3644
3653
3653
3655
3655
3656
3659
3672
3673
3679
3686
3691
3695
3700
3701
3710
3715
3715
3726
3728
3729
3739
3740
3742
3759
3762
3768
3768
3772
3784
3789
3794
3803
3822
3826
3828
3831
3840
3842
3846
3849
3851
3855
3858
3859
3876
3900
3923
3923
3924
3924
3934
3935
3939
3945
3946
3958
3965
3982
3991
3999
4000
4011
4021
4022
4027
4028
4030
4031
4047
4050
4059
4061
4067
4075
4076
4078
4082
4083
4083
4090
4093
4094
4100
4101
4117
4125
4131
4151
4153
4158
4161
4165
4166
4168
4172
4190
4191
4192
4193
4198
4199
4201
4205
4206
4206
4210
4214
4219
4220
4221
4224
4226
4242
4242
4247
4250
4250
4253
4258
4263
4269
4273
4274
4279
4286
4290
4295
4298
4302
4304
4318
4322
4329
4331
4331
4333
4334
4350
4353
4354
4362
4365
4367
4369
4372
4382
4386
4390
4399
4409
4409
4412
4420
4424
4427
4432
4441
4450
4450
4450
4453
4459
4463
4467
4476
4481
4481
4488
4498
4504
4509
4515
4540
4543
4548
4550
4559
4561
4564
4571
4573
4576
4586
4592
4596
4597
4598
4613
4623
4635
4638
4648
4650
4650
4653
4655
4664
4665
4674
4684
4692
4693
4697
4698
4699
4700
4702
4707
4716
4738
4742
4745
4747
4750
4750
4752
4755
4755
4763
4765
4772
4773
4779
4782
4786
4786
4789
4808
4816
4819
4823
4833
4836
4838
4849
4849
4859
4869
4869
4869
4895
4908
4912
4914
4934
4940
4942
4945
4946
4955
4955
4956
4958
4964
4967
4975
4977
4978
4992
4992
4994
4994
4998
5006
5007
5007
5011
5015
5016
5030
5031
5040
5043
5045
5046
5049
5050
5050
5051
5057
5058
5059
5060
5064
5066
5072
5076
5080
5080
5083
5084
5084
5091
5092
5095
5097
5101
5105
5106
5117
5122
5127
5129
5133
5138
5142
5144
5155
5156
5162
5176
5181
5181
5182
5194
5195
5196
5201
5201
5207
5211
5218
5229
5247
5253
5253
5255
5258
5259
5261
5261
5266
5283
5289
5294
5304
5319
5321
5338
5342
5348
5352
5354
5356
5360
5370
5382
5387
5389
5390
5392
5394
5408
5416
5419
5427
5435
5440
5441
5441
5442
5465
5473
5477
5478
5488
5489
5494
5502
5511
5514
5520
5525
5527
5528
5533
5539
5544
5547
5547
5549
5557
5557
5558
5560
5562
5565
5570
5577
5578
5580
5607
5617
5619
5633
5636
5650
5655
5661
5662
5673
5677
5680
5685
5699
5711
5712
5727
5728
5729
5733
5736
5745
5747
5764
5781
5791
5793
5794
5797
5804
5806
5806
5806
5811
5815
5816
5827
5832
5834
5835
5843
5854
5864
5869
5870
5891
5895
5896
5896
5897
5897
5907
5911
5914
5920
5925
5933
5935
5937
5944
5960
5962
5970
5970
5980
5988
5993
5993
6002
6009
6011
6015
6015
6018
6020
6021
6022
6024
6025
6028
6031
6035
6041
6043
6044
6049
6052
6061
6061
6070
6077
6096
6106
6109
6116
6121
6125
6125
6130
6132
6135
6137
6137
6139
6140
6140
6143
6152
6157
6157
6169
6178
6182
6184
6186
6191
6193
6194
6197
6204
6221
6225
6228
6244
6245
6249
6252
6257
6261
6264
6269
6272
6277
6282
6285
6288
6291
6294
6300
6301
6305
6307
6309
6310
6311
6312
6321
6321
6321
6324
6324
6343
6346
6350
6352
6352
6362
6366
6368
6370
6386
6391
6395
6402
6407
6412
6425
6429
6430
6431
6431
6447
6450
6451
6451
6453
6464
6470
6482
6492
6501
6505
6506
6515
6516
6521
6523
6531
6545
6547
6548
6551
6553
6564
6572
6575
6579
6580
6581
6586
6589
6591
6591
6594
6594
6606
6608
6615
6619
6619
6619
6621
6621
6625
6638
6640
6643
6648
6657
6671
6676
6686
6686
6688
6694
6696
6705
6710
6726
6727
6732
6734
6736
6741
6750
6760
6777
6784
6786
6787
6796
6798
6800
6802
6810
6815
6819
6819
6821
6822
6824
6826
6829
6831
6837
6837
6841
6842
6844
6847
6852
6852
6853
6859
6861
6868
6868
6875
6879
6883
6891
6891
6898
6910
6912
6931
6932
6935
6937
6939
6947
6952
6963
6973
6976
6976
6978
6981
6992
7001
7004
7006
7010
7011
7011
7012
7019
7028
7036
7039
7045
7049
7055
7060
7062
7063
7075
7077
7083
7085
7086
7087
7088
7093
7094
7095
7095
7098
7108
7110
7115
7119
7124
7126
7129
7131
7131
7132
7139
7151
7155
7158
7182
7183
7193
7216
7235
7237
7240
7242
7255
7267
7277
7277
7280
7287
7288
7293
7299
7304
7307
7309
7310
7310
7311
7325
7329
7334
7335
7343
7354
7356
7361
7361
7364
7377
7383
7386
7396
7399
7403
7408
7408
7417
7422
7424
7427
7443
7445
7465
7466
7474
7498
7498
7499
7513
7520
7523
7533
7534
7537
7540
7549
7550
7551
7557
7566
7566
7573
7579
7584
7588
7593
7598
7600
7606
7613
7614
7617
7619
7625
7627
7635
7662
7667
7668
7677
7682
7683
7686
7705
7719
7722
7726
7728
7729
7729
7738
7751
7758
7763
7770
7772
7772
7775
7777
7780
7785
7786
7786
7795
7799
7803
7804
7810
7817
7820
7823
7824
7834
7837
7839
7840
7843
7844
7847
7856
7858
7862
7864
7866
7867
7877
7881
7885
7886
7887
7888
7896
7900
7900
7901
7910
7910
7912
7913
7915
7921
7928
7933
7945
7953
7972
7985
7987
7999
8010
8021
8032
8036
8055
8059
8060
8067
8068
8072
8078
8081
8083
8091
8109
8118
8123
8130
8140
8146
8146
8149
8160
8162
8167
8206
8212
8223
8229
8240
8242
8250
8266
8267
8268
8272
8279
8279
8280
8283
8288
8289
8290
8292
8298
8299
8306
8309
8310
8313
8314
8321
8321
8330
8332
8350
8357
8359
8393
8406
8409
8410
8414
8420
8426
8427
8427
8444
8445
8445
8445
8448
8455
8456
8459
8459
8460
8464
8467
8469
8474
8476
8478
8482
8488
8511
8521
8522
8532
8537
8541
8548
8559
8560
8564
8573
8578
8585
8586
8596
8597
8598
8599
8603
8605
8605
8606
8607
8609
8615
8618
8620
8620
8623
8624
8629
8633
8640
8641
8649
8653
8654
8671
8675
8676
8692
8697
8698
8699
8701
8702
8709
8710
8713
8718
8730
8736
8737
8741
8742
8744
8751
8752
8755
8762
8762
8763
8766
8771
8782
8782
8803
8805
8806
8815
8822
8829
8833
8840
8847
8850
8852
8859
8861
8863
8867
8869
8876
8880
8882
8892
8893
8895
8900
8901
8902
8907
8915
8928
8936
8943
8946
8958
8959
8964
8965
8968
8980
8981
8984
8985
9005
9013
9019
9028
9045
9051
9054
9057
9063
9067
9091
9091
9093
9094
9097
9101
9102
9105
9106
9119
9119
9123
9126
9128
9145
9147
9151
9153
9172
9173
9175
9182
9183
9183
9190
9193
9194
9197
9200
9200
9201
9219
9225
9230
9254
9257
9268
9279
9280
9280
9292
9303
9311
9318
9320
9325
9327
9327
9327
9329
9332
9339
9344
9346
9349
9356
9360
9362
9367
9372
9372
9382
9390
9395
9396
9410
9421
9425
9428
9428
9429
9430
9433
9444
9444
9450
9456
9463
9465
9474
9487
9496
9498
9501
9521
9524
9526
9528
9535
9548
9552
9558
9561
9564
9572
9581
9583
9592
9602
9603
9604
9606
9610
9611
9616
9620
9628
9630
9633
9637
9639
9640
9650
9651
9658
9662
9672
9673
9678
9684
9684
9686
9707
9715
9722
9724
9729
9732
9745
9750
9754
9756
9767
9771
9773
9774
9778
9779
9788
9804
9807
9809
9812
9817
9818
9818
9820
9822
9823
9826
9828
9832
9834
9835
9835
9836
9842
9843
9844
9847
9854
9855
9855
9869
9870
9877
9880
9886
9894
9900
9905
9916
9917
9923
9931
9938
9939
9943
9951
9964
9967
9974
9974
9977
9985
9997
10002
10011
10011
10022
10025
10030
10030
10032
10044
10044
10062
10068
10069
10077
10078
10079
10080
10088
10093
10093
10114
10128
10129
10132
10147
10155
10160
10163
10164
10175
10176
10177
10180
10180
10181
10189
10198
10198
10207
10207
10211
10211
10211
10213
10214
10216
10226
10233
10245
10245
10254
10255
10257
10261
10267
10267
10272
10277
10278
10281
10297
10301
10305
10309
10314
10317
10319
10327
10340
10341
10342
10350
10353
10356
10357
10362
10369
10370
10381
10390
10391
10396
10397
10401
10409
10428
10430
10444
10445
10448
10450
10452
10456
10463
10466
10473
10488
10491
10497
10498
10499
10504
10507
10509
10513
10516
10525
10531
10544
10547
10551
10552
10553
10557
10559
10566
10568
10572
10598
10601
10606
10607
10611
10613
10617
10621
10623
10636
10650
10652
10657
10658
10661
10684
10686
10686
10688
10690
10699
10701
10704
10708
10718
10721
10726
10733
10738
10741
10747
10759
10764
10768
10772
10782
10783
10792
10794
10801
10803
10810
10813
10818
10825
10829
10840
10850
10857
10858
10866
10871
10874
10892
10895
10898
10923
10925
10930
10930
10936
10943
10944
10945
10948
10954
10966
10973
10980
10983
10986
10993
11001
11003
11005
11007
11033
11033
11035
11038
11040
11056
11074
11077
11081
11082
11087
11101
11108
11119
11125
11125
11139
11143
11146
11149
11153
11154
11189
11194
11195
11197
11197
11208
11208
11215
11217
11218
11226
11233
11236
11247
11248
11248
11255
11258
11259
11265
11273
11274
11275
11284
11290
11291
11293
11293
11296
11297
11313
11314
11315
11317
11320
11320
11321
11324
11334
11350
11358
11359
11361
11363
11366
11370
11372
11376
11382
11387
11392
11393
11394
11397
11405
11409
11425
11430
11431
11434
11443
11454
11454
11455
11467
11470
11481
11485
11487
11500
11501
11503
11504
11506
11507
11508
11511
11525
11530
11532
11541
11549
11553
11557
11565
11566
11572
11575
11582
11582
11586
11588
11591
11591
11592
11597
11597
11602
11603
11603
11617
11619
11619
11621
11622
11623
11637
11646
11651
11652
11654
11663
11663
11666
11671
11684
11686
11687
11699
11704
11706
11707
11718
11721
11724
11732
11739
11740
11742
11744
11745
11745
11746
11751
11753
11757
11768
11770
11778
11780
11782
11785
11789
11792
11810
11812
11826
11827
11827
11830
11831
11833
11840
11848
11860
11863
11864
11866
11867
11870
11871
11876
11889
11892
11894
11902
11908
11910
11911
11911
11937
11937
11938
11942
11945
11953
11953
11962
11966
11967
11983
11985
11985
11994
11996
12003
12006
12006
12021
12023
12030
12042
12043
12049
12049
12054
12054
12060
12068
12068
12077
12077
12081
12087
12091
12092
12094
12095
12111
12126
12143
12143
12146
12150
12154
12155
12161
12171
12175
12177
12181
12185
12185
12195
12200
12201
12208
12212
12214
12215
12220
12224
12226
12235
12236
12238
12244
12260
12268
12271
12272
12274
12282
12287
12291
12294
12299
12303
12308
12316
12320
12321
12322
12322
12333
12333
12335
12344
12349
12353
12356
12357
12369
12370
12378
12379
12379
12398
12402
12412
12413
12430
12435
12437
12442
12443
12446
12468
12474
12483
12487
12497
12511
12514
12519
12529
12537
12537
12539
12539
12546
12549
12553
12554
12562
12563
12563
12564
12565
12570
12583
12586
12588
12590
12593
12605
12614
12631
12637
12640
12647
12648
12656
12657
12662
12663
12671
12674
12674
12675
12695
12697
12701
12702
12703
12703
12707
12712
12717
12720
12726
12728
12735
12741
12741
12742
12743
12745
12755
12761
12762
12767
12772
12779
12779
12783
12784
12791
12792
12795
12806
12809
12811
12825
12830
12834
12834
12840
12844
12847
12849
12859
12859
12860
12863
12864
12867
12867
12875
12886
12887
12889
12893
12899
12902
12914
12914
12922
12923
12928
12930
12934
12934
12934
12942
12944
12949
12951
12955
12956
12958
12966
12967
12967
12969
12986
13000
13007
13014
13019
13024
13034
13039
13056
13059
13066
13080
13082
13087
13089
13094
13102
13107
13108
13112
13121
13123
13125
13130
13132
13133
13134
13138
13143
13160
13174
13185
13191
13191
13198
13212
13238
13238
13242
13242
13242
13244
13246
13253
13258
13258
13259
13260
13263
13274
13282
13284
13285
13290
13290
13291
13293
13295
13316
13317
13322
13322
13341
13347
13353
13360
13366
13366
13379
13384
13394
13400
13417
13423
13426
13433
13443
13446
13450
13459
13479
13484
13491
13492
13497
13504
13505
13505
13507
13523
13528
13530
13542
13547
13548
13585
13590
13592
13594
13597
13601
13601
13602
13604
13605
13611
13627
13628
13633
13638
13648
13652
13653
13663
13672
13675
13679
13682
13688
13694
13696
13698
13698
13698
13705
13706
13706
13709
13719
13721
13734
13742
13746
13751
13752
13760
13761
13762
13764
13765
13767
13773
13773
13783
13796
13796
13796
13797
13800
13800
13820
13821
13822
13824
13827
13831
13832
13834
13835
13858
13858
13861
13863
13865
13868
13872
13875
13884
13887
13887
13889
13890
13891
13891
13895
13901
13903
13904
13907
13911
13914
13917
13920
13932
13933
13935
13956
13960
13966
13969
13972
13977
13980
13982
13987
13993
13993
13996
14001
14003
14009
14017
14018
14021
14022
14027
14041
14043
14043
14048
14050
14066
14071
14080
14083
14095
14105
14114
14117
14119
14120
14127
14129
14129
14136
14138
14139
14139
14140
14143
14146
14153
14158
14169
14177
14188
14188
14188
14188
14188
14194
14195
14199
14201
14202
14210
14211
14213
14213
14214
14226
14239
14250
14274
14276
14276
14280
14287
14290
14291
14297
14298
14302
14302
14311
14314
14320
14321
14326
14332
14341
14344
14346
14348
14349
14350
14368
14369
14371
14382
14385
14408
14408
14409
14416
14418
14418
14423
14429
14431
14464
14472
14473
14480
14482
14487
14502
14518
14520
14522
14533
14543
14547
14557
14558
14560
14561
14561
14563
14565
14569
14571
14573
14574
14582
14593
14595
14599
14600
14603
14604
14615
14617
14618
14620
14620
14624
14625
14636
14641
14648
14649
14650
14661
14668
14670
14678
14683
14684
14698
14701
14709
14713
14721
14725
14726
14728
14728
14734
14742
14743
14743
14745
14747
14754
14756
14758
14774
14775
14779
14782
14782
14782
14783
14786
14792
14795
14800
14803
14806
14819
14823
14827
14838
14840
14843
14845
14846
14853
14862
14866
14866
14868
14870
14878
14887
14888
14891
14897
14906
14912
14914
14918
14921
14927
14928
14930
14937
14943
14947
14948
14948
14948
14956
14960
14969
14981
14983
14991
14993
14993
14999
15009
15014
15015
15026
15030
15033
15034
15035
15051
15061
15062
15064
15067
15073
15073
15075
15077
15078
15084
15113
15120
15135
15136
15149
15149
15165
15169
15182
15182
15185
15193
15203
15208
15209
15209
15210
15219
15219
15226
15234
15236
15239
15240
15245
15248
15255
15274
15280
15282
15285
15286
15287
15295
15305
15309
15312
15313
15317
15320
15321
15324
15324
15324
15324
15324
15326
15342
15343
15360
15360
15366
15371
15374
15382
15384
15384
15390
15391
15396
15404
15405
15408
15410
15427
15446
15451
15457
15457
15460
15462
15464
15474
15477
15480
15489
15490
15490
15492
15504
15508
15509
15509
15516
15519
15523
15532
15532
15538
15539
15544
15546
15555
15556
15557
15568
15572
15575
15578
15578
15585
15588
15595
15595
15602
15621
15623
15631
15634
15639
15640
15640
15643
15644
15645
15647
15649
15650
15653
15656
15661
15661
15665
15666
15681
15690
15692
15696
15697
15698
15707
15707
15709
15709
15710
15711
15711
15720
15721
15721
15724
15726
15729
15730
15733
15734
15735
15735
15739
15740
15741
15746
15748
15748
15748
15750
15753
15754
15756
15761
15767
15774
15780
15783
15812
15825
15828
15829
15830
15833
15833
15834
15836
15843
15846
15860
15864
15868
15879
15881
15881
15882
15888
15910
15914
15914
15932
15936
15943
15948
15951
15952
15953
15956
15974
15977
15986
15991
15992
15992
16000
16002
16006
16012
16016
16021
16037
16041
16045
16048
16051
16054
16056
16067
16097
16129
16130
16134
16137
16145
16160
16169
16171
16176
16176
16181
16185
16186
16189
16191
16196
16197
16199
16213
16214
16216
16220
16225
16239
16251
16252
16265
16266
16268
16271
16280
16284
16286
16287
16292
16293
16293
16301
16304
16322
16330
16334
16336
16341
16348
16348
16348
16353
16361
16361
16364
16368
16371
16374
16374
16382
16386
16388
16394
16395
16399
16407
16413
16413
16414
16426
16437
16442
16448
16452
16454
16461
16475
16477
16493
16499
16505
16521
16534
16539
16546
16547
16550
16560
16564
16567
16570
16574
16575
16581
16591
16591
16600
16617
16632
16637
16650
16656
16658
16675
16683
16695
16697
16701
16709
16716
16722
16722
16728
16729
16734
16741
16742
16743
16745
16755
16772
16775
16785
16790
16792
16798
16799
16801
16802
16805
16806
16816
16821
16822
16822
16824
16826
16829
16830
16833
16838
16841
16849
16849
16850
16851
16852
16858
16872
16872
16876
16888
16888
16891
16897
16898
16898
16900
16910
16913
16915
16924
16935
16936
16937
16937
16944
16953
16957
16958
16969
16974
16984
16995
16999
17000
17004
17005
17020
17039
17040
17041
17045
17054
17055
17056
17064
17073
17077
17084
17085
17093
17097
17097
17099
17124
17127
17128
17130
17132
17136
17145
17149
17152
17156
17158
17160
17160
17169
17173
17174
17177
17190
17192
17198
17198
17212
17217
17226
17227
17228
17237
17241
17244
17244
17244
17247
17248
17250
17254
17256
17261
17263
17278
17288
17289
17295
17305
17310
17313
17317
17321
17325
17327
17334
17338
17339
17341
17344
17346
17358
17365
17373
17374
17390
17395
17396
17397
17398
17409
17417
17418
17420
17420
17426
17440
17445
17449
17450
17455
17463
17471
17475
17499
17501
17508
17538
17540
17542
17542
17544
17550
17557
17557
17558
17561
17568
17573
17579
17579
17580
17583
17592
17592
17593
17595
17598
17600
17601
17612
17613
17613
17615
17624
17633
17635
17642
17647
17656
17663
17670
17688
17711
17712
17722
17723
17732
17739
17741
17744
17746
17746
17747
17747
17751
17775
17786
17789
17790
17792
17806
17808
17811
17817
17821
17822
17826
17826
17831
17840
17857
17863
17864
17869
17871
17876
17881
17888
17890
17893
17895
17898
17923
17929
17933
17937
17949
17952
17982
17985
17987
17991
18010
18021
18031
18035
18040
18040
18044
18056
18059
18060
18072
18074
18089
18095
18100
18100
18102
18102
18114
18115
18130
18134
18136
18162
18171
18171
18174
18181
18184
18200
18203
18207
18208
18210
18214
18220
18220
18230
18231
18234
18242
18242
18259
18259
18262
18263
18269
18270
18274
18276
18278
18279
18279
18281
18292
18302
18315
18316
18317
18320
18330
18333
18340
18353
18358
18374
18381
18383
18388
18390
18391
18397
18397
18402
18405
18419
18430
18432
18439
18441
18446
18460
18463
18476
18477
18484
18490
18499
18504
18512
18512
18513
18525
18542
18542
18546
18548
18549
18553
18557
18563
18576
18584
18595
18595
18596
18602
18603
18604
18609
18611
18613
18619
18619
18626
18629
18642
18646
18647
18649
18664
18670
18670
18673
18675
18683
18689
18706
18708
18709
18720
18732
18741
18775
18783
18786
18788
18789
18795
18803
18805
18811
18814
18816
18817
18819
18826
18827
18827
18828
18831
18835
18840
18855
18867
18872
18880
18885
18887
18889
18896
18901
18904
18906
18910
18914
18950
18952
18965
18979
18988
18994
18995
18998
19011
19014
19015
19023
19035
19037
19039
19041
19043
19043
19045
19048
19049
19052
19059
19069
19069
19070
19077
19079
19089
19092
19095
19096
19097
19104
19109
19110
19114
19116
19123
19125
19134
19135
19140
19149
19153
19161
19169
19172
19175
19179
19185
19187
19190
19196
19197
19203
19206
19207
19210
19213
19222
19230
19245
19252
19252
19253
19253
19255
19258
19261
19264
19268
19270
19270
19276
19295
19298
19303
19304
19309
19310
19316
19323
19324
19334
19336
19340
19340
19342
19355
19361
19361
19363
19367
19372
19373
19376
19378
19380
19385
19396
19396
19398
19399
19413
19426
19429
19435
19448
19456
19459
19465
19468
19471
19472
19475
19475
19482
19486
19495
19496
19511
19522
19523
19527
19529
19530
19532
19533
19535
19539
19550
19560
19571
19571
19590
19595
19597
19600
19602
19603
19630
19641
19642
19644
19657
19662
19664
19666
19669
19672
19675
19677
19682
19684
19685
19692
19693
19703
19703
19708
19718
19720
19724
19726
19727
19738
19749
19756
19757
19764
19768
19771
19775
19781
19784
19793
19804
19814
19822
19826
19827
19829
19829
19835
19836
19837
19838
19858
19867
19871
19875
19876
19894
19897
19911
19912
19918
19920
19927
19930
19934
19941
19941
19949
19950
19956
19957
19958
19960
19967
19969
19972
19975
19977
19978
19983
19985
20000
20012
20013
20022
20031
20041
20052
20061
20061
20062
20065
20066
20069
20072
20074
20082
20082
20082
20084
20086
20088
20094
20099
20106
20107
20111
20112
20112
20117
20119
20120
20126
20128
20143
20149
20159
20159
20159
20166
20166
20172
20174
20189
20189
20192
20200
20205
20209
20209
20219
20221
20221
20224
20224
20229
20234
20247
20251
20268
20291
20296
20312
20313
20324
20326
20326
20334
20336
20343
20343
20345
20346
20348
20372
20378
20388
20390
20393
20394
20396
20396
20401
20413
20414
20427
20429
20440
20442
20444
20445
20451
20454
20457
20457
20464
20472
20476
20482
20484
20485
20487
20488
20507
20514
20514
20518
20520
20521
20522
20522
20528
20535
20540
20540
20542
20550
20551
20554
20562
20565
20571
20574
20580
20582
20587
20592
20592
20596
20597
20607
20607
20608
20608
20615
20621
20626
20642
20647
20654
20654
20656
20670
20678
20680
20680
20684
20684
20686
20690
20691
20694
20694
20697
20702
20705
20705
20706
20706
20709
20714
20715
20719
20734
20744
20746
20764
20772
20774
20780
20782
20785
20802
20805
20814
20815
20819
20824
20826
20828
20828
20841
20853
20853
20859
20861
20864
20867
20879
20881
20889
20893
20894
20900
20900
20918
20920
20921
20926
20927
20930
20930
20938
20943
20946
20948
20949
20950
20950
20951
20955
20956
20965
20972
20973
20976
20976
20978
20989
20991
20997
20998
21004
21011
21016
21020
21040
21040
21048
21049
21051
21054
21054
21067
21070
21090
21091
21098
21101
21103
21105
21108
21114
21123
21126
21127
21131
21133
21149
21150
21157
21160
21161
21163
21172
21176
21192
21194
21205
21205
21212
21213
21216
21218
21225
21237
21240
21241
21245
21247
21249
21250
21254
21265
21267
21267
21267
21276
21279
21284
21288
21289
21291
21293
21293
21294
21295
21299
21302
21314
21320
21335
21351
21357
21358
21360
21362
21364
21365
21366
21371
21373
21376
21379
21382
21395
21399
21400
21403
21408
21408
21430
21433
21437
21443
21443
21444
21453
21454
21455
21462
21465
21466
21469
21473
21475
21479
21481
21487
21489
21489
21491
21503
21504
21524
21524
21537
21537
21545
21546
21550
21554
21567
21568
21568
21573
21582
21591
21598
21599
21599
21606
21615
21619
21624
21643
21645
21645
21648
21656
21656
21658
21663
21664
21666
21675
21678
21678
21697
21699
21700
21702
21702
21704
21711
21719
21720
21721
21725
21725
21726
21727
21728
21734
21734
21759
21767
21774
21778
21780
21783
21807
21808
21818
21819
21819
21836
21843
21849
21858
21862
21863
21864
21866
21870
21873
21886
21886
21896
21898
21905
21906
21910
21911
21915
21923
21956
21965
21965
21966
21974
21980
21982
21983
21989
22001
22011
22015
22025
22027
22028
22030
22048
22053
22069
22084
22092
22093
22094
22096
22098
22103
22113
22115
22118
22119
22120
22125
22131
22134
22136
22136
22146
22151
22154
22156
22158
22158
22165
22167
22173
22178
22181
22194
22201
22205
22218
22221
22222
22237
22239
22244
22246
22247
22261
22282
22287
22295
22314
22318
22323
22325
22326
22332
22338
22344
22345
22356
22362
22371
22371
22373
22375
22385
22389
22391
22394
22400
22410
22410
22412
22416
22421
22422
22427
22430
22430
22438
22439
22444
22457
22458
22463
22463
22466
22469
22469
22477
22490
22491
22495
22496
22509
22510
22519
22520
22522
22523
22526
22528
22535
22536
22541
22541
22548
22551
22552
22553
22566
22566
22572
22574
22574
22577
22578
22583
22600
22612
22614
22615
22618
22621
22621
22631
22637
22637
22638
22638
22651
22652
22653
22655
22658
22668
22674
22679
22691
22700
22719
22720
22722
22723
22735
22744
22754
22759
22768
22772
22775
22779
22788
22808
22829
22834
22842
22843
22847
22848
22853
22857
22861
22867
22868
22877
22877
22878
22880
22890
22899
22903
22903
22907
22907
22911
22942
22943
22945
22950
22954
22955
22956
22966
22966
22967
22975
22980
22981
22990
22992
22995
23000
23005
23009
23010
23012
23014
23019
23026
23034
23044
23045
23055
23060
23062
23070
23072
23072
23080
23082
23088
23094
23098
23110
23123
23126
23128
23135
23135
23147
23147
23152
23154
23157
23170
23172
23181
23184
23187
23192
23202
23205
23206
23220
23224
23238
23239
23247
23249
23250
23250
23252
23257
23258
23264
23271
23272
23273
23285
23291
23296
23301
23308
23309
23312
23322
23326
23338
23341
23342
23348
23369
23378
23384
23390
23396
23405
23409
23410
23415
23420
23424
23424
23442
23445
23448
23459
23497
23499
23511
23512
23516
23519
23525
23525
23528
23529
23535
23536
23538
23544
23545
23550
23553
23554
23557
23558
23563
23564
23568
23573
23586
23589
23598
23601
23601
23604
23619
23624
23626
23627
23639
23644
23646
23656
23662
23668
23675
23680
23682
23691
23692
23693
23699
23702
23709
23720
23722
23722
23722
23726
23728
23731
23731
23737
23739
23743
23743
23747
23747
23754
23755
23760
23775
23784
23808
23810
23812
23822
23825
23825
23831
23837
23849
23849
23850
23850
23851
23853
23857
23861
23871
23872
23876
23880
23881
23890
23891
23897
23900
23903
23913
23915
23916
23920
23920
23926
23930
23934
23936
23940
23940
23948
23952
23970
23973
23974
23985
23987
23989
23989
23992
24001
24003
24016
24018
24026
24040
24042
24044
24052
24054
24068
24069
24070
24079
24086
24090
24097
24104
24107
24109
24114
24114
24114
24121
24129
24131
24133
24136
24143
24148
24148
24150
24151
24156
24160
24167
24167
24177
24180
24187
24190
24222
24238
24241
24257
24258
24263
24264
24265
24282
24286
24291
24292
24292
24303
24307
24307
24309
24318
24325
24325
24328
24330
24331
24335
24343
24345
24346
24362
24372
24372
24373
24373
24375
24378
24381
24383
24401
24402
24413
24414
24423
24432
24432
24436
24436
24443
24452
24452
24453
24455
24458
24468
24474
24475
24497
24500
24504
24508
24511
24514
24515
24518
24521
24526
24526
24533
24533
24548
24550
24552
24557
24563
24571
24572
24573
24581
24588
24590
24592
24609
24609
24616
24616
24617
24617
24622
24622
24623
24623
24624
24626
24626
24629
24633
24634
24634
24643
24644
24645
24647
24648
24659
24662
24666
24670
24670
24670
24675
24680
24681
24686
24688
24704
24706
24709
24711
24713
24723
24729
24746
24747
24752
24755
24757
24761
24762
24766
24774
24782
24793
24794
24802
24805
24807
24827
24834
24840
24846
24851
24852
24862
24864
24864
24871
24874
24875
24875
24885
24891
24892
24893
24893
24902
24902
24912
24915
24915
24916
24918
24920
24921
24922
24931
24932
24939
24940
24947
24955
24963
24964
24969
24969
24974
24978
24980
24987
24989
24995
24996
25000
25009
25014
25021
25025
25034
25059
25061
25065
25070
25074
25075
25077
25084
25099
25100
25103
25118
25125
25126
25129
25132
25143
25143
25143
25152
25168
25173
25193
25198
25198
25201
25204
25209
25216
25218
25219
25230
25235
25235
25246
25249
25250
25253
25255
25256
25264
25268
25274
25284
25284
25286
25290
25294
25295
25307
25307
25307
25308
25309
25315
25319
25319
25321
25324
25331
25338
25340
25363
25366
25367
25372
25378
25378
25384
25395
25405
25411
25413
25417
25421
25421
25423
25426
25426
25427
25431
25432
25442
25443
25444
25459
25476
25476
25477
25480
25482
25483
25489
25490
25494
25498
25499
25503
25510
25515
25525
25529
25531
25531
25532
25534
25542
25543
25548
25553
25555
25560
25561
25568
25578
25585
25591
25603
25609
25612
25612
25615
25623
25628
25632
25632
25633
25644
25659
25675
25680
25683
25684
25688
25688
25691
25710
25713
25724
25727
25727
25737
25740
25740
25744
25745
25745
25747
25753
25754
25754
25754
25773
25773
25776
25787
25790
25797
25800
25803
25811
25813
25817
25820
25824
25826
25829
25837
25839
25846
25848
25854
25860
25867
25868
25871
25875
25879
25885
25887
25893
25896
25901
25907
25920
25924
25925
25926
25930
25949
25977
25978
25986
25992
25996
25998
25999
26005
26009
26012
26013
26019
26028
26029
26032
26038
26038
26039
26044
26054
26062
26084
26090
26091
26113
26125
26128
26128
26130
26131
26138
26144
26156
26177
26192
26192
26193
26195
26200
26204
26213
26214
26219
26221
26231
26232
26236
26244
26250
26261
26268
26274
26279
26281
26283
26284
26286
26286
26287
26306
26323
26329
26331
26333
26336
26338
26346
26349
26351
26369
26372
26375
26381
26386
26393
26398
26400
26402
26412
26416
26425
26426
26429
26435
26439
26447
26450
26458
26484
26486
26490
26497
26500
26507
26515
26518
26527
26530
26533
26533
26534
26539
26540
26541
26546
26549
26553
26558
26564
26574
26574
26576
26577
26585
26589
26590
26591
26600
26610
26611
26613
26616
26617
26617
26619
26619
26620
26623
26625
26631
26636
26673
26679
26681
26682
26682
26684
26697
26701
26705
26712
26723
26727
26729
26729
26730
26734
26735
26736
26743
26753
26753
26756
26756
26761
26762
26765
26773
26776
26786
26793
26798
26803
26804
26808
26815
26816
26817
26823
26828
26835
26845
26859
26864
26869
26872
26873
26887
26887
26888
26892
26897
26903
26907
26917
26926
26927
26939
26942
26944
26950
26956
26956
26957
26962
26964
26965
26971
26974
26982
26982
26983
26988
26991
26999
27001
27001
27007
27016
27017
27018
27019
27022
27023
27026
27028
27036
27042
27048
27057
27060
27063
27070
27076
27082
27083
27084
27085
27094
27103
27120
27125
27132
27143
27148
27150
27152
27152
27157
27164
27167
27176
27182
27189
27197
27201
27208
27211
27215
27216
27219
27221
27224
27231
27232
27244
27247
27249
27255
27256
27260
27266
27273
27277
27277
27277
27280
27284
27285
27285
27285
27302
27328
27329
27334
27336
27342
27346
27350
27354
27358
27358
27360
27360
27363
27368
27369
27385
27386
27388
27388
27391
27393
27400
27401
27402
27409
27415
27419
27424
27427
27431
27435
27435
27444
27449
27455
27456
27457
27458
27460
27464
27470
27477
27479
27488
27491
27496
27497
27501
27513
27515
27517
27523
27546
27550
27550
27550
27561
27581
27583
27585
27587
27588
27592
27594
27597
27598
27600
27605
27620
27622
27623
27627
27631
27638
27639
27646
27648
27651
27659
27660
27662
27671
27675
27678
27682
27683
27685
27698
27703
27705
27712
27713
27713
27717
27720
27727
27728
27730
27736
27747
27763
27765
27772
27779
27791
27796
27803
27815
27827
27830
27841
27842
27849
27856
27859
27875
27876
27879
27880
27881
27883
27883
27901
27906
27910
27911
27923
27930
27932
27939
27945
27946
27955
27958
27961
27975
27987
27989
27992
28006
28011
28020
28022
28024
28031
28032
28032
28032
28039
28053
28059
28060
28061
28064
28074
28078
28081
28084
28086
28096
28119
28124
28127
28131
28135
28136
28156
28159
28194
28198
28205
28212
28214
28222
28222
28225
28232
28234
28248
28257
28260
28266
28266
28279
28282
28283
28284
28295
28305
28306
28325
28327
28331
28336
28339
28341
28341
28342
28342
28354
28355
28360
28366
28366
28367
28369
28376
28377
28386
28393
28397
28399
28413
28418
28422
28424
28426
28427
28433
28440
28446
28447
28450
28455
28460
28460
28460
28468
28479
28490
28495
28504
28510
28528
28529
28544
28546
28546
28551
28568
28568
28571
28576
28587
28591
28597
28598
28600
28602
28602
28603
28606
28618
28626
28640
28641
28641
28643
28650
28654
28657
28673
28689
28691
28692
28699
28714
28715
28723
28724
28726
28735
28745
28760
28762
28762
28763
28768
28778
28779
28788
28792
28794
28795
28796
28803
28808
28812
28814
28828
28828
28832
28836
28838
28841
28846
28858
28862
28867
28878
28893
28897
28902
28907
28907
28907
28908
28909
28911
28924
28926
28929
28934
28939
28939
28941
28948
28949
28954
28960
28966
28973
28985
28997
29001
29010
29023
29024
29045
29047
29057
29058
29060
29062
29063
29065
29067
29070
29073
29077
29080
29090
29092
29092
29096
29100
29103
29113
29114
29118
29119
29140
29141
29142
29145
29147
29150
29158
29160
29168
29169
29173
29180
29195
29198
29207
29212
29216
29221
29224
29227
29240
29246
29248
29250
29257
29263
29263
29286
29288
29293
29299
29300
29300
29303
29304
29311
29333
29333
29344
29345
29345
29347
29348
29349
29353
29355
29356
29359
29388
29390
29394
29396
29398
29406
29406
29407
29408
29408
29415
29417
29420
29421
29426
29428
29428
29429
29436
29442
29442
29443
29451
29465
29470
29476
29476
29479
29489
29493
29503
29505
29519
29521
29523
29540
29541
29545
29550
29551
29557
29559
29565
29568
29571
29578
29592
29594
29595
29605
29606
29609
29626
29626
29630
29638
29641
29641
29645
29649
29652
29655
29656
29663
29665
29667
29669
29673
29673
29673
29695
29716
29724
29725
29725
29729
29737
29744
29745
29749
29778
29781
29781
29792
29797
29802
29804
29813
29820
29820
29823
29823
29833
29833
29844
29845
29846
29847
29863
29866
29880
29881
29888
29904
29905
29924
29929
29931
29934
29936
29940
29940
29942
29945
29945
29947
29952
29954
29959
29960
29964
29965
29969
29971
29977
29978
29989
29995
30013
30029
30029
30030
30031
30038
30048
30070
30071
30074
30075
30076
30079
30090
30100
30105
30112
30113
30125
30126
30126
30137
30138
30143
30145
30148
30156
30163
30174
30178
30180
30181
30181
30183
30191
30200
30201
30220
30222
30227
30239
30244
30244
30253
30257
30261
30264
30281
30286
30291
30292
30297
30297
30302
30311
30314
30321
30330
30335
30336
30345
30354
30368
30370
30375
30375
30380
30382
30388
30391
30396
30397
30399
30405
30417
30439
30441
30442
30468
30469
30473
30479
30486
30489
30499
30504
30511
30521
30521
30525
30530
30530
30534
30539
30550
30568
30571
30574
30574
30576
30581
30584
30586
30593
30594
30597
30600
30604
30606
30609
30613
30621
30628
30630
30647
30649
30657
30663
30668
30670
30681
30684
30690
30690
30692
30694
30697
30699
30701
30706
30706
30708
30714
30715
30716
30718
30720
30743
30747
30754
30762
30770
30771
30772
30772
30773
30778
30778
30789
30792
30820
30820
30821
30829
30835
30837
30841
30841
30849
30853
30866
30866
30876
30891
30897
30910
30911
30915
30926
30928
30932
30940
30946
30946
30947
30948
30954
30958
30961
30964
30969
30970
30972
30984
31005
31010
31021
31026
31027
31027
31046
31049
31054
31057
31058
31067
31070
31073
31077
31092
31095
31103
31104
31108
31113
31114
31115
31118
31127
31149
31151
31151
31151
31152
31159
31163
31182
31183
31194
31194
31206
31215
31221
31222
31225
31225
31226
31242
31247
31256
31257
31258
31262
31280
31283
31290
31326
31339
31349
31351
31360
31362
31366
31379
31389
31403
31407
31407
31407
31412
31415
31416
31421
31422
31423
31432
31433
31436
31439
31440
31450
31454
31456
31462
31464
31465
31478
31478
31481
31488
31493
31498
31500
31522
31525
31529
31541
31543
31545
31549
31550
31550
31552
31562
31565
31566
31579
31581
31583
31587
31589
31598
31600
31601
31604
31605
31608
31612
31617
31620
31625
31625
31631
31633
31636
31642
31643
31646
31649
31649
31662
31664
31675
31682
31685
31686
31686
31687
31687
31700
31702
31706
31706
31707
31708
31711
31711
31727
31732
31735
31747
31747
31765
31772
31777
31781
31782
31794
31796
31802
31804
31815
31822
31834
31837
31839
31840
31841
31850
31854
31855
31860
31871
31872
31877
31878
31881
31893
31894
31910
31914
31914
31915
31915
31917
31919
31919
31921
31929
31930
31937
31937
31942
31952
31964
31967
31969
31975
31988
31993
31994
31997
32001
32005
32008
32010
32015
32018
32019
32024
32039
32040
32045
32047
32050
32053
32057
32057
32059
32068
32069
32080
32096
32097
32105
32105
32107
32107
32109
32110
32116
32125
32132
32137
32145
32146
32148
32152
32155
32156
32160
32161
32174
32179
32181
32182
32182
32183
32194
32197
32201
32202
32207
32212
32212
32214
32218
32225
32225
32234
32236
32248
32253
32260
32264
32264
32269
32275
32275
32288
32289
32290
32290
32295
32298
32300
32300
32303
32308
32311
32312
32313
32320
32323
32328
32336
32336
32339
32341
32342
32347
32348
32356
32356
32357
32360
32378
32388
32399
32404
32405
32416
32417
32426
32429
32436
32436
32442
32444
32445
32456
32458
32466
32469
32489
32511
32523
32525
32538
32548
32549
32553
32558
32558
32561
32562
32566
32573
32574
32577
32578
32581
32585
32586
32589
32594
32597
32598
32601
32602
32613
32622
32635
32636
32649
32650
32661
32680
32694
32694
32705
32706
32708
32710
32717
32718
32730
32731
32733
32738
32741
32750
32752
32752
32765
