0
0
0
0
2
2
3
3
7
8
8
10
13
13
15
15
17
17
19
21
24
26
28
35
40
44
46
47
48
50
51
56
58
58
59
59
61
64
64
66
70
71
73
76
77
80
86
89
90
91
91
91
92
92
95
95
96
96
98
98
102
102
105
105
107
107
113
113
117
120
125
125
126
126
130
132
134
141
148
149
150
152
154
155
156
160
161
167
168
168
169
170
173
173
175
176
177
178
179
179
179
180
181
182
184
186
186
189
191
193
198
198
201
201
204
206
207
207
208
212
218
221
222
223
225
230
236
237
239
243
245
246
246
248
250
251
255
255
256
256
258
263
264
269
270
270
271
273
273
275
278
280
280
280
281
282
284
288
288
289
292
292
293
296
296
297
300
300
304
304
305
308
311
313
314
319
320
321
321
321
322
325
330
330
333
334
336
336
337
337
338
342
349
355
358
361
362
363
365
366
374
378
386
390
394
403
404
404
405
405
406
411
412
415
417
418
418
418
422
424
426
427
431
433
436
439
439
440
440
440
444
451
453
457
457
459
460
462
465
465
467
471
472
472
473
474
475
478
479
479
487
489
490
490
492
494
495
497
498
498
500
500
502
502
505
507
508
514
521
524
525
526
526
528
528
530
530
531
533
534
539
541
542
546
555
555
556
557
559
561
561
564
564
566
568
569
578
579
579
580
580
581
581
582
584
587
591
593
595
597
599
600
602
607
608
610
611
612
612
614
615
621
621
623
625
626
628
631
634
635
636
638
640
644
646
647
651
652
656
657
660
662
666
667
668
668
669
670
671
672
672
672
674
678
682
683
683
684
685
688
690
691
695
696
698
701
701
701
704
705
706
707
707
708
708
710
710
711
717
718
719
720
721
727
729
733
734
739
739
740
741
743
743
747
748
749
749
751
752
753
754
755
757
758
760
761
761
764
765
768
768
771
775
776
782
783
788
789
789
793
797
797
798
798
800
800
801
802
807
807
808
809
811
812
812
814
817
818
818
819
820
820
820
824
828
830
831
832
836
836
842
844
845
846
850
850
854
856
859
860
861
870
871
872
872
876
884
885
887
888
888
890
890
893
895
895
898
899
901
902
910
912
912
912
913
914
916
916
917
917
917
917
920
922
923
928
930
932
936
939
945
946
946
948
948
952
956
959
960
965
966
969
975
977
978
981
988
988
991
992
996
997
998
999
1000
1001
1003
1004
1004
1005
1008
1008
1010
1011
1012
1013
1014
1016
1017
1021
1023
1024
1028
1032
1033
1033
1034
1036
1042
1051
1052
1055
1058
1059
1060
1061
1062
1062
1063
1066
1070
1073
1076
1080
1081
1081
1084
1084
1094
1097
1097
1098
1098
1100
1103
1105
1105
1111
1115
1115
1118
1124
1125
1127
1129
1134
1134
1134
1134
1140
1141
1145
1147
1149
1153
1157
1157
1163
1165
1166
1167
1167
1167
1168
1168
1173
1176
1178
1179
1180
1181
1182
1184
1185
1186
1188
1189
1192
1192
1192
1195
1196
1198
1199
1204
1208
1208
1210
1211
1211
1212
1217
1218
1221
1223
1225
1230
1230
1232
1236
1236
1239
1239
1240
1240
1242
1245
1247
1248
1250
1255
1257
1259
1261
1262
1266
1270
1274
1276
1277
1282
1282
1283
1284
1288
1289
1291
1295
1296
1296
1297
1299
1300
1305
1305
1306
1307
1311
1311
1312
1316
1317
1318
1321
1321
1324
1326
1329
1330
1336
1337
1339
1340
1344
1347
1348
1348
1351
1352
1354
1357
1362
1362
1367
1372
1374
1375
1375
1380
1383
1388
1388
1391
1391
1392
1392
1392
1394
1394
1396
1398
1401
1405
1405
1409
1410
1414
1415
1418
1422
1424
1426
1426
1427
1429
1429
1430
1434
1435
1436
1439
1439
1440
1445
1446
1456
1456
1457
1462
1463
1463
1464
1464
1466
1466
1469
1486
1487
1487
1489
1490
1491
1493
1494
1496
1500
1501
1504
1506
1506
1506
1508
1509
1510
1511
1514
1514
1517
1518
1521
1522
1523
1523
1524
1528
1528
1528
1529
1530
1531
1531
1533
1535
1538
1539
1543
1543
1543
1544
1547
1547
1551
1554
1555
1559
1562
1567
1568
1569
1573
1582
1586
1587
1588
1598
1600
1600
1601
1602
1603
1604
1604
1609
1609
1612
1612
1612
1613
1615
1616
1619
1623
1624
1625
1627
1627
1628
1628
1628
1628
1629
1629
1631
1633
1634
1637
1639
1639
1640
1641
1641
1644
1646
1646
1648
1648
1651
1651
1652
1656
1661
1663
1663
1664
1665
1665
1666
1669
1674
1675
1677
1679
1679
1680
1680
1682
1682
1684
1684
1686
1687
1688
1692
1692
1692
1693
1695
1695
1697
1698
1699
1700
1701
1702
1704
1705
1708
1708
1709
1711
1712
1713
1713
1719
1720
1720
1722
1723
1724
1726
1726
1727
1728
1730
1731
1731
1732
1732
1734
1734
1738
1741
1745
1749
1751
1751
1754
1754
1755
1756
1759
1762
1763
1764
1767
1768
1769
1771
1779
1781
1781
1783
1787
1788
1788
1791
1791
1791
1794
1794
1796
1797
1799
1802
1804
1807
1807
1808
1808
1808
1810
1813
1815
1817
1818
1818
1819
1820
1821
1822
1823
1825
1827
1829
1829
1830
1830
1832
1832
1836
1838
1839
1839
1848
1849
1850
1850
1854
1854
1856
1858
1859
1862
1862
1864
1865
1868
1873
1875
1877
1877
1878
1878
1879
1880
1881
1893
1895
1895
1897
1899
1900
1904
1910
1910
1913
1915
1916
1916
1919
1919
1922
1923
1924
1925
1926
1928
1930
1930
1934
1935
1937
1939
1943
1944
1946
1947
1947
1948
1948
1949
1949
1951
1954
1960
1963
1965
1966
1966
1970
1971
1972
1973
1973
1973
1975
1976
1976
1978
1981
1985
1985
1988
1990
1991
1991
1992
1993
1994
1994
1994
1996
1997
2000
2004
2008
2015
2018
2018
2021
2023
2026
2027
2028
2029
2030
2033
2034
2035
2040
2040
2043
2047
2049
2050
2051
2052
2054
2059
2060
2065
2067
2068
2068
2072
2076
2079
2079
2080
2082
2082
2085
2090
2093
2093
2095
2103
2105
2108
2116
2116
2119
2119
2121
2126
2134
2144
2144
2145
2149
2151
2154
2154
2155
2159
2161
2162
2163
2164
2164
2166
2167
2170
2177
2178
2183
2187
2191
2191
2193
2193
2195
2196
2198
2199
2202
2202
2206
2207
2207
2207
2209
2209
2213
2216
2216
2217
2217
2219
2221
2223
2228
2231
2235
2241
2242
2244
2244
2246
2251
2256
2261
2263
2264
2264
2269
2269
2278
2279
2280
2282
2288
2291
2292
2293
2296
2297
2297
2298
2299
2303
2305
2307
2308
2308
2316
2326
2327
2327
2330
2331
2339
2339
2344
2349
2349
2353
2354
2354
2356
2356
2358
2363
2363
2368
2370
2373
2380
2384
2384
2387
2387
2391
2392
2395
2396
2397
2403
2403
2406
2406
2412
2415
2416
2417
2419
2420
2420
2422
2423
2426
2427
2429
2429
2430
2430
2430
2433
2435
2435
2441
2443
2444
2445
2448
2449
2450
2450
2452
2456
2457
2459
2464
2465
2469
2477
2480
2481
2481
2487
2492
2495
2497
2498
2500
2502
2507
2509
2509
2509
2513
2514
2515
2516
2517
2521
2522
2522
2522
2523
2525
2527
2528
2529
2529
2529
2529
2529
2532
2533
2533
2533
2534
2535
2537
2539
2539
2542
2549
2550
2559
2559
2561
2563
2564
2565
2566
2568
2573
2574
2576
2578
2579
2581
2585
2585
2589
2591
2591
2594
2595
2595
2598
2598
2601
2601
2603
2606
2606
2606
2609
2610
2612
2615
2616
2616
2616
2617
2618
2618
2619
2619
2619
2624
2626
2628
2630
2633
2635
2639
2643
2644
2649
2651
2654
2654
2655
2655
2655
2656
2657
2658
2659
2659
2659
2661
2661
2662
2667
2668
2669
2669
2672
2676
2676
2680
2687
2687
2688
2690
2692
2695
2696
2696
2696
2697
2699
2699
2700
2700
2701
2702
2703
2704
2705
2705
2706
2708
2710
2711
2712
2714
2717
2718
2719
2723
2723
2726
2732
2736
2738
2740
2740
2746
2747
2750
2751
2751
2756
2766
2767
2770
2771
2772
2775
2776
2778
2778
2782
2783
2785
2785
2788
2790
2791
2792
2793
2796
2796
2797
2807
2808
2809
2810
2811
2811
2814
2817
2820
2821
2822
2823
2825
2825
2827
2828
2830
2833
2834
2840
2840
2849
2850
2851
2851
2854
2855
2855
2857
2860
2864
2865
2866
2867
2872
2873
2874
2876
2877
2878
2882
2884
2885
2889
2890
2890
2894
2894
2896
2898
2898
2900
2900
2903
2903
2905
2908
2909
2909
2910
2915
2918
2918
2919
2921
2926
2928
2932
2933
2940
2944
2945
2951
2951
2955
2959
2959
2960
2966
2967
2969
2970
2971
2976
2978
2978
2978
2983
2985
2990
2990
2994
2994
2995
2996
2997
2998
3001
3006
3006
3009
3012
3014
3015
3018
3019
3019
3020
3020
3021
3022
3022
3022
3024
3025
3026
3026
3027
3034
3034
3035
3037
3041
3041
3042
3051
3055
3056
3057
3058
3063
3063
3064
3075
3077
3078
3078
3079
3081
3081
3082
3082
3083
3084
3085
3089
3091
3096
3097
3097
3099
3099
3099
3101
3101
3103
3104
3107
3109
3112
3112
3113
3115
3115
3120
3121
3123
3123
3124
3125
3126
3127
3128
3129
3133
3135
3136
3136
3138
3139
3139
3140
3142
3146
3146
3147
3151
3154
3154
3155
3156
3156
3156
3167
3168
3169
3169
3172
3173
3173
3174
3174
3175
3175
3177
3182
3183
3183
3183
3183
3184
3188
3189
3190
3190
3193
3194
3195
3196
3196
3201
3202
3203
3207
3208
3212
3212
3215
3218
3218
3227
3227
3227
3229
3230
3234
3234
3235
3237
3237
3241
3247
3249
3251
3252
3252
3255
3257
3262
3262
3263
3263
3264
3265
3266
3267
3269
3270
3272
3274
3275
3276
3279
3280
3282
3282
3285
3287
3290
3294
3294
3297
3298
3299
3302
3306
3309
3312
3314
3315
3316
3318
3318
3319
3320
3321
3323
3323
3325
3327
3330
3331
3332
3336
3336
3337
3339
3340
3340
3341
3342
3342
3349
3350
3351
3352
3353
3357
3358
3363
3364
3368
3368
3368
3369
3369
3372
3373
3374
3376
3377
3380
3383
3385
3385
3387
3388
3390
3397
3400
3405
3407
3409
3409
3410
3411
3412
3415
3415
3415
3416
3419
3419
3419
3419
3420
3421
3422
3422
3422
3425
3428
3432
3432
3432
3433
3438
3441
3441
3444
3446
3448
3449
3450
3453
3455
3456
3456
3460
3461
3462
3464
3472
3472
3477
3478
3478
3479
3481
3484
3485
3489
3491
3492
3494
3497
3497
3501
3501
3502
3503
3504
3510
3511
3513
3514
3514
3515
3515
3516
3521
3521
3524
3525
3533
3533
3533
3534
3536
3538
3540
3541
3543
3544
3545
3546
3550
3551
3551
3554
3554
3555
3562
3562
3562
3563
3563
3565
3566
3571
3572
3573
3574
3577
3580
3582
3583
3585
3586
3587
3591
3595
3595
3598
3602
3602
3609
3615
3623
3625
3627
3628
3629
3631
3631
3633
3635
3637
3638
3641
3641
3642
3642
3644
3647
3651
3653
3653
3655
3655
3655
3655
3656
3658
3659
3670
3670
3672
3672
3673
3674
3675
3676
3676
3677
3678
3679
3680
3682
3683
3685
3686
3687
3690
3691
3695
3696
3698
3700
3700
3700
3701
3701
3710
3710
3712
3715
3715
3717
3720
3724
3726
3726
3728
3728
3729
3729
3732
3733
3739
3740
3742
3743
3745
3754
3754
3757
3758
3759
3759
3762
3763
3768
3768
3768
3769
3772
3772
3772
3773
3775
3784
3784
3785
3789
3789
3791
3793
3794
3795
3795
3796
3800
3803
3809
3810
3810
3810
3815
3816
3822
3822
3822
3822
3826
3828
3831
3832
3834
3837
3838
3838
3840
3842
3842
3843
3845
3846
3846
3849
3851
3851
3852
3852
3853
3853
3855
3856
3858
3859
3859
3859
3861
3869
3869
3870
3872
3874
3875
3875
3876
3877
3878
3882
3883
3888
3891
3895
3898
3898
3900
3904
3909
3910
3911
3911
3911
3913
3920
3923
3923
3923
3924
3924
3925
3931
3932
3933
3934
3935
3937
3939
3939
3945
3946
3954
3954
3957
3958
3960
3962
3965
3968
3970
3976
3978
3982
3983
3984
3986
3989
3990
3991
3994
3997
3997
3999
4000
4000
4003
4009
4011
4012
4013
4014
4018
4019
4020
4021
4022
4024
4026
4026
4027
4028
4030
4031
4035
4036
4037
4044
4045
4047
4049
4049
4050
4050
4055
4057
4058
4059
4059
4059
4061
4063
4066
4067
4067
4067
4074
4075
4076
4078
4078
4079
4079
4082
4083
4083
4090
4093
4094
4098
4100
4101
4102
4106
4108
4109
4116
4117
4117
4118
4122
4125
4129
4131
4137
4139
4139
4142
4144
4151
4153
4155
4158
4161
4162
4163
4164
4165
4166
4168
4169
4170
4172
4177
4180
4185
4187
4187
4187
4190
4190
4191
4192
4192
4193
4197
4198
4199
4199
4199
4201
4205
4205
4206
4206
4210
4212
4214
4215
4216
4219
4219
4220
4221
4223
4223
4224
4225
4226
4231
4232
4233
4235
4235
4242
4242
4242
4247
4247
4250
4250
4252
4253
4255
4258
4261
4262
4263
4263
4267
4268
4269
4272
4273
4274
4275
4278
4279
4279
4282
4283
4283
4286
4287
4290
4291
4295
4295
4297
4298
4298
4301
4302
4303
4304
4304
4305
4308
4310
4312
4316
4318
4322
4329
4331
4331
4333
4334
4337
4340
4350
4351
4353
4354
4355
4362
4363
4365
4367
4368
4369
4370
4372
4374
4374
4375
4376
4377
4379
4381
4382
4386
4390
4393
4397
4397
4399
4402
4403
4404
4407
4409
4409
4411
4412
4414
4416
4420
4424
4425
4426
4427
4427
4428
4429
4432
4434
4440
4441
4442
4446
4446
4449
4450
4450
4450
4453
4459
4460
4461
4463
4467
4467
4467
4467
4468
4469
4472
4476
4480
4481
4481
4485
4488
4492
4495
4498
4502
4503
4503
4504
4507
4509
4509
4513
4515
4518
4518
4519
4521
4522
4526
4526
4527
4538
4540
4541
4543
4544
4548
4549
4550
4550
4552
4553
4557
4557
4558
4559
4561
4564
4567
4567
4567
4570
4571
4572
4573
4576
4577
4578
4579
4580
4586
4586
4590
4590
4592
4592
4593
4593
4595
4596
4597
4597
4598
4602
4603
4603
4605
4613
4616
4618
4618
4620
4620
4621
4623
4634
4634
4634
4634
4635
4638
4640
4642
4645
4648
4648
4650
4650
4650
4652
4653
4653
4654
4655
4656
4660
4663
4664
4665
4667
4668
4674
4674
4676
4677
4684
4684
4686
4688
4692
4693
4693
4697
4698
4699
4700
4700
4702
4702
4703
4705
4707
4707
4708
4708
4708
4714
4716
4726
4727
4731
4737
4738
4742
4742
4745
4745
4746
4746
4747
4747
4748
4750
4750
4750
4750
4750
4751
4751
4752
4755
4755
4757
4761
4761
4763
4764
4765
4765
4766
4768
4768
4769
4772
4773
4774
4777
4779
4779
4782
4786
4786
4787
4789
4791
4793
4804
4805
4807
4808
4813
4815
4816
4819
4823
4827
4831
4833
4833
4834
4836
4836
4838
4839
4842
4845
4849
4849
4852
4854
4854
4856
4859
4860
4864
4865
4869
4869
4869
4873
4873
4874
4876
4878
4879
4880
4887
4888
4888
4889
4893
4895
4901
4906
4907
4908
4908
4910
4911
4911
4912
4914
4919
4925
4927
4927
4929
4930
4934
4934
4936
4937
4937
4938
4939
4940
4941
4942
4942
4945
4946
4948
4948
4952
4955
4955
4956
4956
4956
4958
4958
4958
4964
4967
4967
4968
4975
4976
4976
4977
4978
4983
4984
4987
4992
4992
4994
4994
4994
4996
4998
4999
4999
5001
5006
5006
5006
5006
5007
5007
5011
5012
5013
5015
5016
5017
5020
5026
5027
5028
5030
5031
5031
5033
5037
5039
5040
5043
5043
5045
5045
5046
5049
5049
5049
5049
5050
5050
5051
5052
5055
5056
5056
5057
5058
5058
5059
5060
5064
5066
5067
5067
5070
5072
5072
5074
5074
5075
5076
5077
5077
5080
5080
5080
5080
5081
5083
5084
5084
5091
5092
5095
5097
5099
5101
5101
5105
5105
5105
5106
5107
5107
5107
5108
5109
5110
5117
5119
5122
5126
5127
5128
5129
5132
5133
5134
5138
5139
5142
5143
5144
5146
5147
5155
5155
5156
5156
5156
5162
5169
5176
5177
5177
5179
5181
5181
5181
5182
5182
5183
5188
5188
5192
5194
5195
5196
5201
5201
5202
5207
5211
5217
5218
5218
5221
5225
5226
5229
5232
5233
5237
5237
5238
5245
5247
5247
5253
5253
5255
5258
5259
5259
5260
5261
5261
5261
5262
5262
5266
5266
5275
5275
5276
5276
5283
5288
5289
5289
5290
5293
5294
5295
5300
5300
5301
5302
5304
5304
5307
5313
5317
5319
5321
5323
5328
5332
5335
5338
5339
5341
5342
5344
5345
5348
5349
5352
5352
5354
5356
5356
5360
5362
5363
5369
5370
5371
5372
5374
5375
5377
5378
5382
5385
5387
5389
5390
5391
5392
5393
5394
5394
5396
5408
5408
5412
5412
5415
5415
5416
5418
5419
5424
5424
5427
5427
5428
5435
5438
5438
5440
5441
5441
5442
5448
5449
5450
5454
5455
5460
5463
5463
5465
5467
5473
5473
5474
5477
5477
5478
5481
5483
5484
5487
5488
5489
5490
5494
5494
5495
5496
5499
5499
5501
5502
5504
5510
5511
5512
5513
5514
5515
5520
5525
5525
5526
5527
5528
5529
5530
5532
5532
5533
5534
5537
5539
5540
5543
5544
5547
5547
5548
5549
5549
5551
5552
5554
5557
5557
5558
5558
5559
5560
5562
5565
5566
5570
5575
5577
5578
5579
5579
5580
5582
5583
5584
5586
5587
5587
5588
5589
5593
5594
5594
5599
5600
5600
5607
5610
5611
5612
5613
5614
5617
5619
5623
5624
5624
5627
5628
5628
5632
5633
5633
5636
5639
5639
5640
5645
5647
5648
5649
5650
5653
5653
5655
5657
5660
5661
5661
5662
5663
5670
5673
5674
5675
5677
5677
5680
5682
5682
5683
5685
5689
5692
5692
5695
5698
5699
5701
5703
5709
5709
5711
5711
5712
5714
5715
5718
5719
5720
5722
5725
5727
5727
5728
5729
5729
5730
5732
5733
5734
5735
5736
5737
5738
5745
5745
5747
5747
5752
5764
5768
5769
5771
5774
5779
5781
5782
5782
5790
5791
5793
5793
5794
5796
5797
5801
5802
5804
5806
5806
5806
5807
5808
5809
5811
5815
5816
5817
5819
5821
5827
5827
5832
5833
5833
5834
5835
5839
5839
5840
5843
5849
5849
5852
5852
5854
5854
5864
5864
5868
5869
5870
5870
5883
5883
5887
5891
5893
5893
5895
5895
5895
5896
5896
5897
5897
5903
5907
5907
5908
5911
5914
5914
5920
5925
5926
5929
5932
5933
5933
5935
5936
5937
5943
5944
5944
5948
5949
5951
5951
5953
5954
5955
5960
5961
5962
5964
5970
5970
5979
5980
5987
5988
5990
5993
5993
5995
5998
5998
6002
6009
6011
6014
6015
6015
6018
6018
6018
6020
6021
6022
6024
6024
6025
6028
6030
6031
6031
6032
6034
6035
6036
6037
6037
6041
6043
6044
6045
6046
6049
6049
6052
6053
6054
6056
6060
6061
6061
6063
6064
6067
6067
6070
6077
6078
6079
6082
6087
6089
6096
6099
6102
6104
6106
6106
6109
6115
6115
6116
6120
6121
6125
6125
6128
6128
6130
6130
6132
6135
6135
6136
6137
6137
6138
6139
6140
6140
6143
6147
6147
6147
6148
6152
6152
6155
6156
6157
6157
6157
6161
6168
6169
6171
6176
6178
6178
6182
6182
6182
6184
6186
6191
6193
6194
6194
6195
6197
6201
6204
6205
6207
6208
6209
6210
6216
6219
6221
6224
6225
6226
6228
6233
6235
6236
6239
6239
6242
6244
6245
6246
6249
6252
6253
6253
6254
6254
6257
6257
6261
6264
6267
6269
6269
6269
6271
6272
6273
6277
6277
6279
6281
6282
6282
6285
6288
6290
6290
6291
6293
6294
6296
6300
6301
6305
6307
6307
6309
6310
6311
6311
6312
6317
6321
6321
6321
6324
6324
6324
6327
6328
6333
6334
6335
6336
6339
6341
6343
6345
6346
6346
6350
6350
6352
6352
6354
6362
6362
6363
6366
6366
6367
6368
6369
6369
6370
6373
6373
6374
6375
6380
6382
6382
6385
6386
6386
6389
6389
6391
6395
6398
6401
6402
6403
6403
6405
6406
6407
6408
6409
6412
6413
6416
6421
6424
6425
6426
6429
6430
6431
6431
6431
6442
6447
6447
6450
6450
6451
6451
6451
6453
6454
6459
6460
6460
6464
6465
6465
6467
6470
6470
6473
6473
6473
6479
6482
6482
6482
6483
6485
6487
6487
6488
6489
6492
6492
6494
6495
6501
6501
6501
6505
6506
6507
6508
6515
6515
6516
6517
6518
6518
6519
6519
6521
6522
6523
6528
6531
6532
6538
6539
6542
6545
6545
6546
6547
6547
6548
6548
6549
6551
6551
6553
6564
6567
6568
6569
6570
6571
6572
6573
6575
6576
6577
6578
6579
6579
6580
6581
6583
6586
6586
6587
6589
6590
6591
6591
6592
6592
6593
6594
6594
6601
6606
6608
6608
6613
6615
6618
6619
6619
6619
6621
6621
6621
6622
6625
6628
6629
6630
6630
6631
6635
6638
6640
6643
6648
6649
6655
6657
6664
6664
6669
6669
6671
6672
6676
6676
6679
6686
6686
6688
6688
6689
6690
6691
6693
6694
6696
6697
6704
6705
6708
6710
6716
6723
6723
6724
6724
6726
6726
6727
6732
6734
6734
6734
6736
6739
6741
6744
6745
6748
6750
6753
6760
6762
6770
6770
6777
6777
6780
6780
6784
6786
6787
6789
6789
6790
6795
6796
6796
6798
6800
6802
6802
6803
6805
6806
6807
6807
6807
6807
6807
6810
6810
6814
6815
6816
6816
6819
6819
6821
6822
6824
6825
6825
6826
6828
6829
6830
6831
6831
6831
6831
6832
6835
6836
6837
6837
6841
6842
6844
6847
6852
6852
6852
6852
6853
6854
6856
6859
6860
6861
6864
6865
6865
6868
6868
6868
6868
6869
6870
6873
6875
6878
6879
6879
6880
6883
6890
6891
6891
6895
6898
6898
6904
6907
6909
6909
6910
6910
6912
6916
6917
6920
6921
6931
6932
6935
6937
6937
6939
6944
6944
6945
6947
6947
6950
6952
6954
6957
6959
6963
6966
6968
6973
6974
6976
6976
6977
6978
6980
6981
6983
6986
6987
6989
6992
6994
6995
6995
6996
6997
7000
7001
7002
7002
7004
7005
7006
7006
7010
7011
7011
7011
7012
7013
7014
7019
7019
7028
7029
7030
7032
7032
7034
7035
7036
7039
7040
7040
7041
7045
7048
7049
7049
7049
7049
7054
7055
7059
7060
7061
7062
7062
7063
7065
7072
7073
7075
7075
7077
7083
7085
7086
7087
7087
7088
7092
7093
7094
7095
7095
7096
7098
7104
7105
7106
7108
7110
7112
7112
7112
7115
7115
7118
7119
7120
7120
7122
7124
7124
7126
7128
7129
7130
7131
7131
7132
7133
7135
7136
7136
7138
7139
7139
7140
7141
7144
7149
7151
7152
7154
7155
7158
7164
7169
7169
7171
7171
7172
7178
7180
7181
7182
7182
7182
7183
7186
7187
7189
7192
7193
7196
7196
7203
7205
7207
7209
7209
7211
7212
7216
7216
7222
7226
7230
7235
7237
7238
7240
7240
7242
7242
7242
7243
7254
7255
7255
7257
7265
7267
7269
7275
7277
7277
7278
7278
7278
7280
7284
7285
7287
7288
7289
7290
7293
7299
7299
7300
7304
7305
7306
7307
7309
7310
7310
7310
7311
7312
7318
7322
7324
7325
7325
7326
7327
7328
7329
7329
7332
7333
7334
7335
7335
7336
7336
7338
7340
7343
7345
7346
7347
7348
7351
7351
7353
7353
7354
7354
7356
7358
7361
7361
7362
7364
7366
7368
7374
7375
7375
7377
7377
7381
7383
7383
7386
7387
7390
7393
7396
7396
7399
7399
7401
7402
7403
7408
7408
7412
7416
7417
7422
7424
7424
7425
7427
7443
7445
7445
7447
7450
7463
7463
7464
7465
7466
7467
7474
7480
7485
7486
7486
7490
7492
7498
7498
7499
7505
7507
7508
7512
7513
7513
7516
7518
7520
7523
7527
7531
7531
7533
7534
7535
7535
7537
7538
7538
7539
7540
7540
7541
7543
7546
7549
7549
7550
7551
7554
7555
7555
7557
7557
7560
7562
7566
7566
7566
7570
7570
7570
7573
7573
7579
7582
7584
7588
7588
7589
7593
7594
7595
7597
7598
7600
7604
7604
7605
7606
7610
7613
7614
7614
7615
7616
7617
7618
7619
7624
7624
7625
7625
7627
7631
7632
7634
7635
7636
7637
7637
7641
7643
7646
7649
7650
7651
7655
7656
7662
7667
7668
7672
7677
7678
7679
7680
7681
7682
7683
7685
7686
7688
7689
7690
7691
7695
7703
7704
7705
7706
7708
7719
7721
7721
7722
7726
7727
7728
7729
7729
7731
7733
7737
7738
7751
7751
7751
7752
7758
7760
7762
7763
7764
7764
7766
7768
7768
7768
7770
7770
7772
7772
7772
7774
7775
7775
7777
7780
7780
7781
7784
7784
7785
7785
7786
7786
7787
7794
7794
7795
7796
7799
7799
7803
7804
7805
7810
7810
7810
7815
7817
7817
7818
7818
7820
7823
7824
7824
7828
7830
7830
7831
7833
7834
7835
7836
7837
7837
7838
7839
7840
7840
7842
7842
7843
7844
7844
7847
7856
7856
7856
7857
7858
7862
7863
7864
7866
7867
7869
7870
7877
7881
7883
7885
7886
7887
7888
7888
7888
7896
7896
7897
7900
7900
7901
7903
7909
7910
7910
7912
7913
7913
7915
7916
7918
7918
7920
7920
7921
7928
7928
7930
7931
7932
7933
7933
7934
7934
7935
7935
7941
7942
7945
7945
7946
7946
7947
7948
7949
7952
7952
7953
7955
7956
7957
7959
7962
7964
7967
7968
7969
7970
7972
7973
7974
7985
7987
7993
7999
8006
8009
8010
8010
8011
8011
8011
8013
8021
8022
8026
8027
8029
8031
8032
8034
8036
8036
8039
8039
8047
8049
8049
8053
8054
8055
8055
8056
8057
8058
8058
8059
8060
8060
8060
8061
8064
8066
8067
8067
8068
8072
8073
8073
8073
8078
8078
8081
8082
8083
8083
8087
8089
8091
8096
8102
8104
8109
8110
8118
8122
8123
8130
8130
8133
8137
8140
8142
8143
8144
8146
8146
8148
8149
8149
8158
8160
8161
8161
8162
8164
8167
8168
8168
8171
8175
8176
8180
8185
8187
8188
8191
8200
8206
8206
8207
8209
8210
8212
8213
8214
8221
8223
8223
8226
8229
8229
8231
8231
8239
8239
8240
8242
8244
8245
8246
8248
8249
8250
8252
8253
8262
8266
8267
8268
8269
8272
8272
8274
8275
8276
8277
8277
8278
8279
8279
8280
8280
8283
8286
8288
8289
8290
8292
8295
8296
8298
8299
8300
8302
8303
8306
8308
8309
8310
8312
8313
8314
8315
8321
8321
8324
8327
8330
8331
8332
8344
8350
8355
8356
8357
8357
8357
8359
8359
8363
8366
8366
8367
8371
8372
8377
8377
8379
8381
8385
8385
8389
8391
8393
8398
8400
8402
8405
8406
8408
8409
8409
8410
8414
8420
8426
8426
8427
8427
8431
8433
8440
8442
8444
8445
8445
8445
8445
8446
8448
8449
8450
8452
8455
8456
8456
8459
8459
8460
8463
8464
8467
8467
8469
8470
8471
8473
8474
8476
8478
8482
8487
8488
8492
8504
8504
8510
8511
8514
8515
8517
8518
8520
8521
8522
8522
8523
8529
8532
8535
8537
8539
8541
8541
8543
8545
8548
8548
8548
8549
8553
8553
8556
8556
8557
8559
8560
8561
8561
8562
8564
8564
8566
8571
8573
8578
8581
8585
8586
8586
8594
8596
8596
8596
8597
8598
8599
8599
8600
8602
8603
8603
8605
8605
8605
8606
8607
8609
8614
8615
8618
8620
8620
8620
8621
8622
8623
8623
8624
8626
8629
8631
8632
8632
8633
8637
8639
8640
8641
8646
8646
8646
8649
8653
8654
8654
8656
8657
8658
8660
8661
8663
8667
8671
8673
8675
8676
8679
8683
8687
8687
8689
8690
8692
8697
8698
8699
8699
8701
8701
8702
8703
8706
8708
8708
8709
8710
8713
8718
8718
8720
8721
8724
8724
8725
8730
8730
8730
8731
8731
8732
8736
8736
8737
8741
8742
8742
8744
8751
8752
8752
8755
8755
8756
8756
8760
8760
8762
8762
8763
8763
8764
8766
8767
8768
8769
8769
8770
8771
8772
8775
8777
8778
8781
8782
8782
8783
8785
8787
8788
8796
8800
8803
8805
8806
8806
8808
8815
8816
8822
8827
8829
8832
8833
8833
8833
8838
8840
8844
8847
8848
8850
8851
8852
8854
8859
8859
8861
8863
8865
8867
8867
8869
8870
8871
8874
8876
8879
8880
8881
8882
8885
8887
8888
8892
8893
8893
8895
8900
8901
8902
8905
8907
8910
8912
8915
8915
8916
8920
8927
8928
8928
8929
8931
8932
8933
8934
8936
8937
8940
8941
8943
8946
8947
8947
8948
8950
8951
8957
8958
8958
8959
8964
8965
8967
8968
8972
8977
8980
8981
8981
8982
8984
8985
8998
9005
9008
9009
9013
9019
9021
9025
9026
9026
9027
9028
9030
9031
9035
9042
9044
9045
9051
9052
9053
9054
9054
9055
9057
9060
9063
9067
9067
9072
9076
9077
9080
9081
9090
9091
9091
9093
9094
9094
9095
9095
9096
9096
9097
9097
9101
9101
9102
9102
9105
9105
9106
9109
9110
9119
9119
9123
9125
9126
9126
9128
9132
9140
9140
9143
9145
9147
9148
9151
9152
9153
9153
9153
9158
9160
9165
9166
9169
9171
9171
9172
9173
9175
9177
9182
9183
9183
9183
9189
9190
9190
9190
9193
9194
9194
9197
9199
9199
9200
9200
9200
9201
9201
9206
9207
9212
9216
9216
9218
9218
9218
9219
9225
9226
9227
9230
9232
9233
9240
9243
9244
9249
9254
9254
9257
9259
9263
9268
9268
9271
9279
9280
9280
9282
9282
9285
9292
9294
9300
9301
9303
9304
9304
9306
9307
9308
9311
9311
9315
9316
9318
9318
9320
9320
9321
9322
9325
9327
9327
9327
9329
9332
9334
9334
9335
9338
9339
9339
9341
9343
9344
9344
9346
9348
9348
9348
9349
9352
9353
9356
9357
9359
9359
9360
9360
9362
9363
9364
9364
9367
9367
9368
9372
9372
9375
9376
9382
9388
9388
9389
9389
9390
9394
9394
9395
9396
9402
9406
9408
9410
9421
9423
9425
9428
9428
9429
9429
9430
9433
9433
9434
9437
9444
9444
9447
9448
9450
9453
9456
9463
9463
9463
9465
9465
9473
9473
9474
9474
9477
9477
9478
9479
9480
9486
9486
9487
9489
9490
9492
9495
9496
9498
9498
9500
9501
9503
9504
9505
9509
9510
9510
9512
9513
9515
9516
9517
9520
9521
9521
9524
9525
9526
9527
9528
9531
9531
9534
9535
9543
9548
9548
9552
9555
9558
9558
9559
9560
9561
9564
9565
9566
9566
9572
9576
9581
9581
9581
9582
9582
9583
9584
9588
9592
9592
9593
9594
9595
9600
9602
9603
9604
9605
9606
9607
9607
9610
9610
9611
9616
9617
9620
9623
9623
9624
9626
9628
9628
9630
9633
9635
9637
9638
9639
9639
9640
9650
9651
9656
9658
9659
9661
9662
9662
9664
9667
9672
9672
9673
9674
9676
9676
9676
9678
9678
9680
9684
9684
9686
9691
9691
9693
9696
9697
9700
9703
9704
9707
9707
9710
9710
9710
9712
9713
9715
9718
9720
9722
9723
9724
9724
9724
9728
9728
9729
9732
9732
9734
9735
9737
9739
9745
9747
9749
9750
9750
9751
9754
9755
9756
9758
9767
9770
9771
9773
9774
9774
9778
9779
9782
9782
9783
9786
9788
9788
9789
9800
9804
9806
9807
9809
9812
9813
9815
9817
9818
9818
9820
9820
9822
9822
9823
9823
9826
9828
9829
9832
9834
9835
9835
9835
9836
9836
9840
9841
9842
9843
9843
9844
9844
9845
9845
9847
9848
9849
9851
9854
9855
9855
9858
9858
9858
9867
9867
9868
9869
9870
9870
9872
9873
9875
9875
9877
9878
9880
9883
9884
9885
9886
9893
9894
9898
9898
9900
9900
9904
9904
9905
9906
9907
9909
9913
9916
9916
9917
9919
9919
9922
9923
9926
9931
9937
9938
9939
9943
9946
9948
9949
9949
9951
9964
9965
9967
9969
9973
9973
9974
9974
9977
9981
9982
9985
9987
9988
9991
9991
9993
9994
9995
9997
9997
9999
10001
10002
10003
10009
10010
10011
10011
10014
10015
10018
10020
10022
10025
10030
10030
10030
10032
10033
10034
10036
10036
10037
10044
10044
10048
10049
10050
10051
10052
10056
10060
10060
10062
10062
10064
10068
10069
10070
10072
10074
10077
10077
10078
10078
10079
10079
10079
10079
10080
10081
10083
10088
10088
10089
10090
10092
10093
10093
10093
10094
10102
10106
10106
10110
10112
10114
10114
10115
10116
10119
10124
10125
10126
10128
10128
10129
10132
10133
10136
10137
10143
10144
10146
10147
10151
10153
10155
10155
10159
10160
10161
10163
10164
10166
10167
10169
10173
10173
10174
10175
10175
10175
10176
10177
10178
10180
10180
10180
10180
10181
10182
10183
10183
10189
10198
10198
10200
10202
10205
10207
10207
10211
10211
10211
10211
10213
10213
10214
10216
10219
10220
10221
10222
10226
10233
10237
10237
10240
10245
10245
10245
10246
10247
10251
10253
10254
10255
10255
10257
10257
10260
10261
10262
10262
10267
10267
10270
10272
10272
10272
10277
10278
10278
10281
10282
10286
10288
10289
10291
10292
10297
10301
10302
10305
10308
10309
10313
10314
10317
10319
10319
10319
10321
10322
10326
10326
10327
10327
10330
10334
10336
10338
10340
10341
10342
10343
10346
10349
10350
10350
10352
10353
10353
10355
10356
10357
10362
10364
10368
10368
10369
10370
10371
10376
10376
10377
10381
10387
10390
10391
10396
10397
10398
10400
10401
10403
10403
10408
10409
10413
10418
10421
10423
10425
10427
10428
10430
10430
10439
10439
10440
10443
10444
10444
10445
10448
10448
10449
10450
10451
10452
10452
10456
10457
10459
10459
10463
10464
10466
10471
10473
10475
10477
10484
10485
10488
10491
10491
10494
10495
10497
10498
10499
10501
10501
10504
10504
10507
10509
10509
10509
10513
10513
10516
10516
10516
10519
10525
10529
10530
10531
10532
10535
10538
10541
10544
10544
10546
10547
10549
10549
10551
10552
10553
10554
10556
10556
10556
10557
10559
10561
10566
10567
10568
10568
10570
10572
10572
10572
10574
10576
10583
10590
10595
10598
10598
10599
10600
10600
10601
10603
10606
10607
10611
10612
10613
10613
10613
10614
10614
10616
10617
10618
10619
10619
10621
10622
10622
10622
10623
10631
10636
10639
10644
10644
10647
10647
10650
10651
10651
10652
10652
10657
10658
10660
10661
10665
10667
10667
10668
10671
10672
10673
10674
10677
10684
10686
10686
10688
10688
10688
10688
10689
10690
10694
10694
10694
10699
10700
10701
10703
10704
10708
10708
10712
10715
10718
10721
10726
10727
10728
10729
10733
10733
10733
10734
10738
10739
10741
10742
10746
10747
10748
10748
10751
10753
10758
10759
10760
10764
10766
10766
10766
10767
10768
10769
10771
10771
10772
10772
10773
10776
10778
10779
10780
10781
10782
10782
10783
10783
10786
10787
10787
10788
10791
10792
10793
10793
10793
10794
10797
10801
10802
10803
10806
10807
10807
10807
10810
10811
10811
10813
10814
10816
10818
10818
10820
10821
10824
10825
10829
10832
10834
10835
10840
10844
10844
10846
10847
10850
10854
10857
10858
10866
10866
10866
10868
10871
10874
10881
10882
10884
10889
10892
10893
10895
10897
10898
10898
10899
10906
10918
10922
10923
10924
10925
10929
10930
10930
10931
10932
10933
10934
10936
10942
10943
10944
10945
10948
10948
10948
10953
10954
10957
10961
10961
10963
10966
10973
10974
10974
10975
10976
10980
10983
10986
10988
10990
10991
10992
10993
10993
10993
10996
10999
11000
11001
11003
11003
11005
11007
11013
11016
11017
11019
11019
11021
11027
11029
11030
11033
11033
11034
11035
11038
11039
11039
11040
11046
11047
11054
11055
11056
11061
11062
11063
11063
11068
11069
11071
11073
11074
11077
11081
11081
11082
11082
11086
11087
11090
11097
11098
11099
11101
11106
11108
11109
11117
11119
11120
11125
11125
11125
11126
11129
11135
11137
11139
11142
11143
11144
11145
11146
11149
11149
11150
11151
11152
11153
11154
11154
11155
11157
11161
11163
11168
11174
11178
11181
11183
11183
11187
11189
11190
11190
11194
11194
11195
11196
11196
11197
11197
11197
11205
11206
11208
11208
11211
11214
11215
11217
11217
11218
11218
11218
11220
11226
11226
11228
11228
11228
11231
11231
11233
11234
11234
11236
11237
11240
11245
11247
11248
11248
11248
11249
11250
11252
11253
11253
11255
11256
11258
11259
11265
11265
11266
11272
11273
11274
11275
11276
11276
11279
11280
11280
11281
11284
11286
11287
11287
11290
11290
11291
11293
11293
11295
11295
11296
11297
11299
11299
11303
11304
11305
11313
11314
11315
11317
11317
11317
11320
11320
11320
11320
11321
11324
11324
11329
11334
11334
11345
11350
11355
11355
11356
11358
11359
11361
11361
11363
11366
11370
11371
11372
11373
11376
11379
11380
11381
11381
11382
11383
11383
11387
11387
11389
11392
11393
11394
11395
11397
11399
11401
11405
11405
11409
11409
11410
11413
11415
11418
11418
11419
11421
11423
11425
11426
11429
11430
11431
11432
11434
11442
11443
11448
11452
11454
11454
11454
11455
11458
11462
11465
11465
11466
11467
11467
11469
11469
11470
11471
11481
11482
11484
11485
11485
11487
11487
11489
11492
11492
11494
11495
11497
11498
11499
11500
11501
11502
11503
11504
11504
11506
11506
11506
11507
11508
11508
11511
11511
11513
11520
11525
11525
11526
11530
11530
11531
11532
11533
11537
11540
11540
11541
11542
11549
11552
11553
11555
11557
11559
11562
11565
11565
11566
11569
11572
11572
11572
11575
11577
11581
11582
11582
11585
11586
11586
11588
11591
11591
11592
11597
11597
11600
11602
11603
11603
11606
11609
11610
11616
11617
11619
11619
11621
11622
11622
11623
11624
11625
11630
11630
11633
11635
11636
11637
11645
11646
11646
11649
11650
11651
11651
11652
11654
11655
11656
11659
11662
11662
11663
11663
11663
11665
11665
11666
11671
11674
11675
11677
11679
11680
11682
11684
11686
11687
11689
11690
11690
11697
11698
11699
11700
11702
11704
11706
11706
11707
11707
11712
11716
11718
11718
11721
11724
11725
11726
11727
11727
11730
11732
11732
11735
11739
11740
11742
11743
11744
11745
11745
11746
11750
11751
11751
11753
11755
11757
11757
11759
11761
11764
11768
11770
11770
11775
11778
11778
11778
11780
11782
11782
11783
11785
11785
11789
11789
11792
11792
11798
11804
11810
11810
11812
11813
11813
11816
11817
11817
11819
11822
11825
11826
11827
11827
11830
11831
11833
11833
11840
11844
11848
11849
11850
11854
11854
11858
11860
11863
11864
11864
11866
11866
11867
11869
11870
11871
11873
11875
11876
11876
11877
11881
11889
11892
11894
11894
11897
11898
11899
11902
11903
11904
11908
11909
11910
11911
11911
11913
11913
11914
11914
11917
11925
11928
11935
11936
11937
11937
11937
11938
11942
11942
11945
11948
11951
11953
11953
11953
11955
11962
11965
11966
11966
11966
11967
11972
11975
11980
11981
11982
11983
11983
11983
11984
11985
11985
11989
11992
11992
11994
11995
11996
11999
11999
12001
12003
12006
12006
12008
12012
12017
12021
12023
12027
12030
12030
12031
12033
12034
12039
12042
12042
12043
12043
12043
12043
12043
12044
12045
12047
12049
12049
12052
12053
12054
12054
12057
12059
12060
12061
12062
12065
12067
12068
12068
12072
12077
12077
12081
12081
12082
12084
12087
12088
12091
12092
12092
12093
12093
12094
12094
12094
12095
12096
12098
12101
12103
12105
12105
12109
12111
12112
12118
12126
12126
12126
12131
12133
12140
12143
12143
12146
12150
12152
12154
12155
12155
12159
12161
12163
12164
12166
12166
12166
12166
12170
12171
12173
12174
12175
12176
12177
12177
12177
12177
12181
12184
12185
12185
12186
12190
12192
12194
12195
12200
12200
12201
12202
12206
12206
12208
12209
12211
12212
12213
12214
12214
12215
12215
12219
12220
12222
12224
12226
12227
12228
12230
12231
12231
12234
12235
12236
12237
12238
12239
12239
12240
12241
12244
12247
12247
12250
12250
12251
12253
12253
12253
12255
12257
12260
12261
12261
12265
12266
12268
12271
12272
12274
12277
12278
12279
12282
12284
12285
12285
12287
12287
12291
12294
12298
12299
12301
12303
12304
12308
12310
12313
12314
12316
12318
12320
12321
12322
12322
12323
12333
12333
12335
12335
12341
12344
12344
12349
12349
12352
12353
12356
12357
12357
12364
12366
12368
12369
12369
12370
12370
12370
12372
12375
12376
12376
12376
12378
12379
12379
12391
12395
12396
12398
12398
12402
12406
12410
12412
12413
12413
12418
12418
12419
12430
12430
12435
12437
12438
12441
12442
12442
12443
12446
12450
12452
12453
12453
12454
12455
12458
12468
12471
12474
12477
12480
12482
12483
12485
12486
12487
12494
12496
12496
12497
12497
12499
12504
12505
12505
12511
12512
12513
12514
12514
12517
12518
12518
12519
12519
12521
12526
12528
12528
12529
12531
12532
12532
12535
12535
12535
12537
12537
12538
12539
12539
12539
12540
12543
12546
12546
12547
12549
12553
12554
12558
12562
12563
12563
12564
12565
12568
12568
12570
12573
12577
12582
12583
12585
12586
12588
12588
12590
12593
12600
12601
12602
12602
12603
12603
12605
12607
12607
12608
12609
12610
12610
12614
12620
12621
12621
12622
12623
12631
12632
12632
12634
12637
12639
12640
12643
12645
12647
12647
12648
12656
12657
12657
12660
12661
12662
12663
12664
12664
12669
12671
12674
12674
12675
12682
12683
12692
12695
12696
12697
12701
12701
12702
12703
12703
12703
12707
12708
12712
12712
12712
12716
12716
12717
12718
12720
12722
12723
12723
12724
12726
12726
12728
12729
12731
12735
12735
12736
12738
12741
12741
12742
12743
12745
12749
12753
12755
12755
12761
12761
12761
12762
12767
12770
12770
12771
12772
12779
12779
12780
12782
12783
12784
12786
12786
12791
12792
12793
12793
12794
12795
12796
12801
12805
12805
12806
12809
12811
12811
12814
12819
12820
12825
12826
12829
12830
12834
12834
12840
12840
12841
12844
12844
12844
12845
12847
12849
12849
12850
12853
12853
12853
12855
12855
12856
12857
12859
12859
12860
12863
12863
12864
12865
12865
12866
12867
12867
12872
12873
12874
12875
12876
12886
12887
12888
12889
12889
12893
12893
12893
12894
12899
12900
12901
12901
12901
12902
12904
12908
12910
12914
12914
12919
12922
12923
12924
12924
12928
12929
12929
12930
12933
12934
12934
12934
12937
12942
12943
12944
12949
12950
12951
12955
12956
12956
12958
12960
12960
12964
12964
12966
12967
12967
12967
12969
12977
12979
12980
12985
12985
12986
12992
12995
12995
13000
13001
13005
13005
13006
13007
13011
13012
13014
13016
13019
13021
13024
13024
13025
13026
13028
13031
13033
13034
13034
13034
13038
13039
13040
13042
13042
13045
13050
13056
13058
13059
13066
13067
13068
13068
13070
13070
13071
13072
13072
13080
13081
13082
13083
13083
13087
13087
13088
13089
13090
13092
13094
13094
13097
13099
13102
13103
13104
13105
13107
13108
13109
13109
13112
13112
13114
13115
13116
13116
13116
13120
13121
13123
13123
13125
13129
13130
13132
13132
13133
13133
13134
13136
13136
13138
13143
13146
13147
13149
13151
13151
13160
13160
13160
13161
13168
13172
13174
13175
13178
13181
13181
13182
13182
13182
13185
13191
13191
13192
13194
13198
13200
13201
13204
13206
13210
13212
13212
13218
13218
13220
13221
13226
13227
13227
13230
13231
13232
13232
13233
13235
13235
13237
13238
13238
13242
13242
13242
13244
13244
13246
13250
13251
13253
13254
13255
13257
13258
13258
13258
13258
13259
13259
13260
13263
13263
13264
13269
13274
13281
13282
13283
13284
13285
13285
13286
13290
13290
13291
13293
13294
13295
13297
13300
13305
13307
13307
13309
13313
13314
13315
13316
13316
13317
13321
13322
13322
13325
13338
13339
13341
13341
13343
13345
13346
13346
13347
13347
13351
13353
13353
13360
13360
13361
13365
13366
13366
13367
13367
13368
13373
13373
13375
13377
13379
13384
13387
13390
13391
13394
13396
13400
13403
13404
13409
13413
13414
13415
13417
13417
13417
13421
13423
13423
13426
13429
13433
13435
13435
13438
13443
13446
13447
13450
13451
13451
13451
13453
13457
13459
13459
13463
13466
13468
13469
13473
13474
13474
13478
13479
13484
13487
13491
13492
13493
13493
13494
13497
13498
13501
13502
13504
13504
13505
13505
13505
13506
13506
13507
13514
13516
13516
13520
13521
13523
13525
13525
13528
13530
13534
13536
13536
13539
13542
13543
13543
13545
13547
13547
13548
13548
13550
13555
13555
13556
13557
13565
13575
13576
13579
13582
13583
13583
13585
13589
13589
13590
13590
13591
13592
13594
13594
13595
13597
13597
13597
13601
13601
13602
13604
13605
13608
13611
13615
13617
13623
13623
13627
13628
13629
13629
13630
13633
13638
13642
13643
13646
13646
13648
13652
13653
13659
13659
13660
13661
13663
13670
13672
13673
13675
13675
13676
13677
13679
13682
13685
13688
13688
13692
13693
13694
13694
13696
13697
13698
13698
13698
13703
13703
13705
13706
13706
13706
13706
13709
13712
13715
13716
13719
13721
13721
13726
13728
13730
13730
13732
13732
13734
13740
13742
13744
13746
13746
13750
13751
13752
13752
13756
13756
13760
13761
13762
13764
13765
13767
13768
13770
13773
13773
13773
13776
13777
13778
13783
13785
13796
13796
13796
13797
13798
13800
13800
13807
13809
13812
13813
13813
13815
13817
13820
13821
13821
13822
13823
13824
13825
13827
13831
13832
13833
13834
13835
13848
13851
13853
13856
13858
13858
13859
13861
13861
13863
13865
13868
13871
13872
13875
13875
13880
13884
13884
13884
13885
13887
13887
13889
13890
13891
13891
13895
13897
13899
13901
13901
13903
13904
13907
13911
13914
13914
13914
13916
13917
13920
13924
13925
13927
13930
13932
13933
13935
13935
13941
13943
13943
13946
13947
13956
13957
13960
13962
13963
13966
13968
13969
13972
13977
13978
13979
13980
13980
13980
13982
13987
13987
13987
13989
13993
13993
13996
13996
13997
14001
14003
14003
14003
14007
14009
14010
14011
14013
14013
14014
14014
14017
14018
14018
14018
14018
14020
14021
14022
14026
14026
14027
14028
14028
14031
14032
14035
14036
14039
14039
14041
14041
14042
14043
14043
14046
14048
14048
14048
14050
14058
14059
14060
14062
14064
14065
14066
14066
14067
14069
14070
14071
14073
14075
14080
14080
14083
14086
14090
14091
14094
14095
14102
14103
14105
14106
14109
14110
14110
14111
14114
14117
14119
14120
14120
14122
14124
14127
14127
14129
14129
14129
14130
14132
14136
14138
14139
14139
14140
14140
14143
14144
14146
14151
14153
14154
14155
14157
14158
14159
14169
14169
14172
14174
14174
14175
14177
14178
14182
14185
14187
14188
14188
14188
14188
14188
14192
14193
14194
14195
14198
14199
14199
14201
14202
14202
14207
14208
14210
14211
14213
14213
14214
14214
14216
14218
14219
14219
14222
14223
14226
14239
14240
14240
14241
14242
14242
14243
14246
14250
14251
14252
14255
14255
14255
14256
14264
14269
14274
14274
14276
14276
14280
14285
14285
14287
14290
14290
14291
14293
14294
14297
14298
14298
14302
14302
14302
14305
14311
14313
14314
14320
14320
14320
14321
14322
14324
14326
14326
14327
14327
14331
14331
14332
14333
14335
14336
14337
14340
14340
14341
14344
14345
14346
14348
14349
14350
14354
14355
14357
14359
14361
14362
14362
14366
14368
14369
14371
14375
14376
14379
14379
14382
14385
14388
14389
14392
14404
14405
14406
14406
14408
14408
14409
14410
14416
14418
14418
14418
14421
14422
14423
14429
14431
14435
14435
14435
14437
14437
14438
14439
14439
14458
14464
14465
14472
14472
14473
14476
14477
14478
14480
14482
14483
14485
14487
14490
14494
14494
14502
14502
14503
14513
14516
14518
14518
14519
14520
14522
14524
14525
14527
14527
14530
14533
14534
14537
14538
14542
14542
14543
14547
14552
14554
14555
14555
14557
14557
14558
14560
14561
14561
14563
14565
14567
14569
14569
14571
14572
14573
14574
14576
14578
14579
14579
14579
14582
14582
14583
14590
14593
14594
14595
14599
14600
14603
14604
14605
14607
14609
14614
14615
14615
14616
14617
14617
14618
14618
14620
14620
14622
14624
14625
14627
14628
14629
14630
14630
14631
14636
14641
14648
14649
14650
14653
14655
14655
14656
14660
14661
14663
14664
14664
14666
14667
14668
14670
14670
14672
14678
14682
14683
14684
14685
14696
14698
14700
14701
14701
14703
14705
14709
14711
14713
14715
14721
14725
14726
14726
14728
14728
14730
14734
14736
14740
14741
14742
14742
14742
14743
14743
14745
14747
14747
14749
14751
14753
14754
14754
14755
14756
14758
14760
14764
14765
14768
14774
14775
14775
14779
14779
14779
14782
14782
14782
14783
14786
14789
14791
14792
14795
14799
14800
14802
14803
14804
14806
14806
14814
14818
14819
14822
14823
14825
14826
14827
14832
14833
14834
14836
14836
14838
14840
14840
14843
14844
14844
14844
14845
14845
14846
14850
14850
14853
14857
14860
14862
14864
14866
14866
14868
14868
14870
14871
14871
14874
14876
14877
14878
14882
14885
14886
14887
14888
14888
14891
14892
14895
14897
14898
14898
14899
14901
14906
14908
14912
14914
14915
14915
14917
14917
14918
14921
14927
14928
14930
14930
14932
14937
14937
14943
14944
14947
14947
14948
14948
14948
14952
14953
14954
14956
14957
14958
14959
14960
14964
14965
14968
14969
14970
14971
14972
14981
14981
14981
14983
14991
14991
14992
14993
14993
14995
14995
14999
15001
15003
15003
15005
15005
15009
15010
15010
15011
15011
15012
15013
15014
15015
15015
15016
15024
15026
15026
15026
15027
15030
15032
15033
15034
15035
15038
15043
15051
15055
15056
15061
15062
15062
15062
15064
15067
15068
15069
15072
15072
15072
15072
15073
15073
15073
15075
15077
15078
15079
15081
15082
15083
15084
15086
15086
15091
15093
15101
15109
15113
15115
15120
15120
15120
15122
15125
15128
15129
15129
15131
15135
15135
15136
15136
15137
15141
15146
15148
15149
15149
15150
15153
15159
15161
15165
15167
15169
15174
15175
15180
15182
15182
15185
15193
15194
15197
15199
15203
15205
15206
15208
15209
15209
15210
15211
15212
15213
15214
15215
15219
15219
15222
15226
15228
15234
15236
15237
15239
15240
15240
15240
15243
15244
15245
15247
15248
15248
15251
15255
15262
15267
15274
15274
15277
15278
15279
15280
15280
15282
15285
15285
15286
15287
15294
15295
15298
15299
15301
15305
15308
15308
15308
15309
15312
15313
15314
15317
15318
15320
15321
15324
15324
15324
15324
15324
15326
15333
15333
15337
15337
15342
15343
15344
15349
15353
15355
15355
15357
15360
15360
15363
15366
15368
15371
15371
15373
15374
15376
15378
15382
15384
15384
15384
15386
15389
15390
15391
15391
15392
15393
15396
15396
15402
15404
15405
15407
15408
15408
15410
15411
15413
15414
15416
15417
15420
15425
15427
15431
15442
15446
15447
15447
15451
15457
15457
15460
15461
15462
15464
15464
15468
15470
15470
15473
15473
15474
15477
15480
15481
15481
15482
15485
15489
15490
15490
15491
15492
15492
15492
15492
15495
15495
15495
15502
15504
15504
15506
15507
15507
15508
15509
15509
15509
15510
15516
15517
15519
15519
15519
15520
15522
15523
15525
15529
15532
15532
15534
15538
15539
15540
15541
15544
15546
15552
15554
15555
15556
15556
15557
15560
15561
15563
15565
15565
15568
15571
15572
15572
15573
15575
15578
15578
15583
15585
15588
15593
15595
15595
15595
15599
15601
15601
15601
15602
15603
15610
15612
15614
15621
15623
15625
15629
15630
15631
15632
15632
15633
15634
15634
15639
15640
15640
15642
15643
15644
15645
15647
15647
15649
15650
15651
15652
15653
15653
15655
15656
15656
15656
15661
15661
15661
15662
15663
15665
15666
15667
15672
15673
15679
15679
15680
15681
15683
15687
15688
15689
15690
15690
15692
15692
15696
15696
15697
15698
15698
15703
15707
15707
15709
15709
15710
15711
15711
15712
15718
15719
15720
15720
15721
15721
15721
15723
15724
15726
15729
15729
15730
15730
15730
15733
15734
15735
15735
15737
15739
15740
15741
15745
15746
15748
15748
15748
15750
15750
15753
15754
15754
15755
15755
15756
15758
15761
15764
15767
15771
15771
15774
15774
15778
15780
15782
15783
15784
15793
15794
15797
15802
15804
15805
15805
15811
15812
15816
15819
15822
15824
15825
15825
15826
15826
15827
15828
15829
15829
15830
15830
15832
15833
15833
15834
15835
15836
15836
15843
15843
15844
15846
15848
15853
15858
15860
15864
15865
15868
15870
15872
15872
15873
15879
15881
15881
15882
15883
15884
15887
15888
15888
15888
15893
15894
15898
15900
15900
15901
15908
15910
15910
15911
15913
15914
15914
15915
15917
15918
15920
15922
15922
15928
15929
15931
15932
15936
15938
15939
15943
15947
15948
15948
15949
15950
15950
15951
15952
15953
15955
15956
15956
15957
15965
15968
15968
15968
15974
15977
15978
15979
15982
15986
15991
15992
15992
15993
15994
16000
16000
16000
16001
16001
16002
16006
16006
16007
16008
16012
16014
16016
16017
16018
16021
16022
16026
16029
16033
16037
16041
16041
16044
16045
16045
16048
16048
16049
16051
16052
16054
16056
16060
16063
16065
16065
16067
16067
16069
16073
16074
16074
16076
16083
16088
16097
16098
16100
16102
16110
16121
16122
16127
16129
16129
16130
16130
16131
16132
16133
16134
16137
16141
16144
16145
16145
16148
16150
16154
16160
16160
16160
16160
16161
16169
16170
16171
16172
16174
16176
16176
16176
16177
16180
16181
16182
16183
16183
16184
16184
16184
16185
16186
16186
16187
16188
16189
16190
16191
16194
16194
16196
16197
16198
16199
16200
16200
16205
16206
16210
16213
16214
16214
16214
16216
16216
16219
16220
16220
16225
16229
16232
16232
16234
16237
16239
16239
16244
16245
16247
16250
16251
16252
16252
16256
16256
16260
16263
16265
16266
16268
16268
16271
16276
16277
16279
16280
16280
16282
16284
16285
16285
16286
16287
16288
16292
16292
16293
16293
16293
16294
16297
16299
16301
16304
16308
16311
16312
16315
16320
16322
16322
16322
16322
16324
16325
16325
16326
16328
16328
16330
16331
16332
16332
16334
16336
16336
16336
16336
16341
16342
16344
16347
16348
16348
16348
16353
16355
16358
16361
16361
16362
16364
16366
16368
16371
16373
16373
16374
16374
16380
16382
16383
16386
16387
16388
16389
16390
16394
16395
16398
16398
16398
16399
16399
16400
16405
16407
16413
16413
16414
16416
16416
16426
16428
16431
16436
16437
16437
16441
16442
16448
16448
16448
16450
16452
16454
16454
16460
16461
16475
16475
16475
16477
16485
16485
16489
16493
16493
16493
16494
16495
16497
16498
16499
16499
16500
16502
16504
16505
16506
16506
16506
16508
16508
16510
16513
16514
16519
16521
16523
16525
16534
16534
16539
16539
16539
16540
16540
16540
16543
16546
16547
16550
16550
16550
16551
16556
16557
16560
16564
16567
16567
16570
16571
16574
16575
16579
16581
16584
16585
16586
16587
16587
16588
16591
16591
16592
16595
16595
16597
16598
16600
16602
16603
16603
16610
16610
16613
16613
16617
16619
16625
16626
16627
16629
16629
16631
16632
16634
16637
16637
16637
16640
16641
16643
16644
16646
16650
16650
16655
16656
16658
16661
16663
16669
16670
16672
16672
16675
16676
16676
16677
16679
16683
16683
16687
16690
16695
16697
16699
16701
16706
16709
16709
16711
16713
16713
16714
16716
16719
16722
16722
16723
16728
16729
16730
16731
16734
16739
16740
16740
16741
16741
16742
16743
16743
16743
16743
16745
16751
16752
16753
16754
16755
16757
16758
16765
16766
16766
16768
16772
16773
16775
16784
16785
16789
16790
16792
16795
16796
16797
16798
16799
16799
16801
16802
16805
16806
16807
16808
16810
16810
16816
16816
16821
16822
16822
16822
16823
16823
16824
16826
16828
16829
16830
16830
16833
16835
16836
16836
16837
16838
16841
16841
16843
16846
16849
16849
16849
16849
16850
16851
16852
16852
16855
16855
16857
16858
16859
16861
16864
16866
16871
16872
16872
16875
16876
16876
16877
16879
16880
16884
16885
16887
16888
16888
16889
16891
16894
16897
16898
16898
16900
16901
16902
16903
16907
16910
16913
16915
16917
16918
16922
16924
16924
16926
16932
16935
16935
16936
16937
16937
16944
16944
16947
16950
16953
16953
16957
16957
16958
16959
16969
16972
16972
16973
16974
16974
16980
16981
16982
16983
16984
16986
16987
16995
16996
16999
17000
17000
17003
17004
17004
17005
17005
17009
17013
17017
17020
17021
17039
17039
17040
17040
17041
17043
17045
17052
17054
17055
17056
17056
17059
17061
17064
17064
17064
17067
17068
17069
17070
17070
17071
17073
17074
17077
17077
17077
17077
17078
17081
17084
17085
17085
17088
17089
17093
17095
17097
17097
17098
17099
17106
17107
17108
17109
17110
17113
17113
17117
17123
17123
17124
17126
17126
17127
17127
17128
17130
17132
17135
17136
17140
17141
17143
17144
17145
17146
17148
17149
17152
17153
17156
17156
17158
17160
17160
17161
17163
17169
17170
17170
17173
17174
17174
17177
17179
17190
17191
17192
17192
17193
17195
17198
17198
17198
17199
17200
17203
17204
17204
17212
17212
17217
17226
17226
17227
17228
17236
17237
17241
17241
17241
17242
17243
17244
17244
17244
17244
17245
17246
17247
17248
17250
17251
17253
17254
17254
17256
17256
17261
17262
17263
17270
17276
17278
17283
17286
17288
17289
17295
17298
17300
17305
17305
17310
17313
17313
17313
17317
17317
17321
17321
17323
17325
17327
17329
17329
17333
17333
17334
17334
17336
17338
17339
17340
17341
17344
17345
17346
17347
17349
17351
17355
17358
17362
17362
17365
17365
17366
17373
17374
17374
17375
17378
17382
17385
17386
17389
17390
17392
17393
17395
17396
17396
17397
17398
17400
17401
17405
17406
17409
17409
17414
17416
17417
17418
17420
17420
17420
17420
17426
17429
17433
17436
17440
17445
17445
17449
17450
17450
17454
17455
17456
17459
17461
17461
17463
17466
17467
17468
17469
17471
17475
17476
17477
17479
17483
17491
17496
17496
17498
17498
17499
17499
17501
17504
17508
17508
17508
17508
17511
17513
17515
17517
17517
17519
17523
17526
17526
17527
17529
17531
17535
17535
17537
17538
17538
17540
17542
17542
17544
17544
17546
17547
17548
17550
17550
17555
17555
17557
17557
17558
17560
17561
17561
17563
17564
17565
17566
17568
17570
17570
17573
17579
17579
17580
17581
17581
17583
17587
17587
17592
17592
17593
17594
17595
17598
17600
17600
17601
17611
17612
17612
17613
17613
17615
17615
17617
17617
17619
17619
17622
17622
17624
17626
17628
17631
17631
17632
17632
17633
17634
17635
17635
17637
17642
17645
17647
17648
17648
17653
17656
17663
17663
17664
17666
17668
17669
17669
17670
17670
17674
17675
17682
17687
17687
17688
17690
17690
17693
17696
17697
17697
17698
17701
17702
17702
17706
17711
17711
17712
17712
17712
17720
17722
17723
17727
17731
17732
17735
17735
17739
17740
17741
17741
17742
17743
17744
17744
17746
17746
17747
17747
17748
17751
17756
17756
17757
17757
17760
17762
17763
17772
17774
17775
17778
17786
17786
17789
17789
17790
17792
17794
17801
17803
17806
17808
17811
17816
17817
17817
17820
17821
17822
17824
17825
17826
17826
17831
17832
17835
17838
17840
17845
17845
17855
17857
17857
17863
17864
17864
17864
17864
17869
17871
17874
17876
17877
17881
17882
17887
17888
17888
17889
17889
17890
17891
17891
17893
17895
17896
17898
17898
17899
17904
17913
17914
17916
17918
17923
17925
17927
17927
17929
17929
17930
17933
17934
17937
17937
17938
17938
17948
17949
17949
17949
17951
17952
17957
17958
17960
17960
17961
17965
17967
17967
17974
17976
17977
17978
17979
17980
17982
17985
17987
17987
17989
17990
17991
17992
17995
17996
17997
18000
18003
18010
18011
18015
18018
18018
18019
18020
18021
18023
18028
18028
18030
18030
18031
18031
18035
18035
18040
18040
18041
18042
18043
18044
18046
18056
18056
18059
18060
18060
18062
18064
18064
18064
18066
18068
18069
18072
18073
18074
18076
18078
18082
18084
18088
18089
18089
18092
18094
18095
18098
18099
18100
18100
18102
18102
18103
18112
18114
18115
18117
18118
18118
18120
18120
18123
18130
18130
18134
18134
18134
18136
18137
18144
18153
18154
18154
18154
18156
18159
18161
18162
18163
18165
18166
18166
18171
18171
18172
18172
18173
18174
18174
18175
18178
18179
18181
18182
18184
18186
18190
18190
18194
18199
18200
18203
18203
18204
18207
18207
18208
18210
18212
18214
18214
18214
18215
18216
18220
18220
18221
18222
18229
18230
18230
18231
18233
18234
18242
18242
18246
18246
18259
18259
18262
18263
18264
18266
18266
18268
18269
18270
18271
18274
18276
18277
18278
18279
18279
18280
18281
18282
18283
18287
18288
18289
18290
18292
18296
18297
18298
18299
18302
18305
18309
18311
18314
18314
18315
18316
18317
18317
18320
18323
18329
18330
18333
18335
18337
18338
18338
18340
18340
18342
18342
18343
18344
18345
18346
18349
18351
18352
18352
18353
18354
18356
18358
18358
18361
18363
18363
18364
18370
18372
18372
18374
18374
18379
18381
18381
18381
18383
18384
18388
18389
18389
18390
18390
18391
18392
18392
18397
18397
18398
18402
18405
18419
18427
18430
18432
18437
18439
18441
18442
18446
18446
18452
18453
18454
18460
18463
18471
18473
18475
18476
18477
18484
18488
18490
18496
18499
18503
18504
18509
18510
18511
18512
18512
18513
18513
18518
18519
18519
18525
18525
18525
18534
18534
18542
18542
18543
18546
18546
18548
18549
18551
18551
18552
18553
18555
18557
18558
18563
18563
18569
18571
18573
18575
18576
18578
18579
18580
18582
18584
18589
18594
18595
18595
18596
18598
18599
18600
18602
18602
18603
18603
18604
18607
18609
18610
18611
18613
18617
18619
18619
18619
18626
18627
18629
18637
18638
18641
18642
18645
18645
18646
18647
18647
18647
18648
18649
18649
18650
18656
18656
18657
18663
18664
18670
18670
18671
18672
18673
18673
18675
18675
18677
18682
18683
18683
18686
18689
18697
18700
18700
18702
18703
18706
18708
18709
18709
18710
18710
18716
18720
18722
18723
18726
18727
18728
18732
18732
18735
18737
18738
18740
18741
18742
18744
18744
18745
18752
18754
18754
18758
18761
18764
18765
18770
18774
18774
18775
18775
18775
18783
18786
18788
18788
18789
18789
18795
18795
18798
18803
18805
18806
18810
18811
18811
18814
18815
18816
18816
18817
18819
18823
18823
18826
18826
18827
18827
18827
18828
18828
18828
18831
18831
18834
18835
18837
18837
18838
18838
18838
18840
18842
18844
18847
18849
18855
18857
18860
18861
18867
18868
18869
18872
18873
18879
18880
18882
18883
18883
18883
18885
18885
18887
18887
18889
18890
18891
18896
18896
18899
18901
18901
18902
18904
18904
18906
18908
18910
18911
18911
18914
18929
18931
18932
18939
18940
18940
18940
18941
18941
18944
18948
18950
18952
18954
18957
18958
18961
18962
18962
18963
18964
18965
18970
18974
18977
18979
18988
18989
18990
18994
18994
18995
18995
18997
18998
19000
19000
19000
19002
19003
19003
19009
19010
19011
19014
19014
19015
19016
19019
19023
19023
19024
19028
19029
19035
19035
19037
19039
19039
19041
19042
19043
19043
19044
19045
19046
19048
19049
19051
19052
19056
19059
19069
19069
19069
19070
19070
19073
19077
19077
19079
19079
19081
19082
19083
19088
19088
19089
19089
19091
19092
19092
19094
19095
19096
19097
19097
19097
19099
19104
19109
19110
19112
19113
19113
19114
19116
19116
19117
19121
19122
19122
19123
19123
19125
19126
19134
19134
19135
19135
19140
19144
19146
19146
19149
19151
19153
19153
19158
19161
19162
19162
19164
19164
19166
19167
19169
19169
19170
19172
19175
19175
19175
19177
19177
19178
19179
19179
19182
19185
19187
19189
19190
19191
19192
19195
19196
19197
19200
19203
19203
19203
19204
19205
19206
19206
19207
19207
19210
19213
19222
19227
19230
19235
19242
19244
19245
19245
19247
19251
19252
19252
19252
19252
19253
19253
19255
19255
19257
19258
19259
19260
19261
19264
19267
19268
19270
19270
19276
19276
19277
19288
19290
19293
19294
19295
19296
19298
19300
19303
19304
19307
19309
19310
19310
19312
19314
19316
19317
19321
19321
19323
19324
19324
19325
19327
19332
19334
19334
19336
19336
19337
19338
19340
19340
19342
19346
19350
19351
19355
19355
19359
19361
19361
19361
19363
19364
19364
19366
19366
19367
19369
19370
19372
19372
19373
19376
19378
19379
19380
19380
19385
19388
19391
19394
19396
19396
19397
19398
19398
19398
19399
19400
19401
19404
19406
19413
19415
19424
19425
19425
19426
19429
19430
19431
19433
19435
19435
19435
19435
19438
19439
19440
19441
19442
19445
19446
19448
19453
19456
19459
19461
19462
19463
19465
19465
19468
19469
19471
19471
19472
19475
19475
19476
19482
19483
19484
19486
19492
19492
19494
19495
19496
19497
19499
19503
19506
19507
19508
19511
19514
19514
19522
19523
19523
19524
19527
19528
19529
19530
19532
19533
19535
19535
19539
19541
19549
19549
19550
19553
19553
19555
19559
19559
19560
19562
19563
19563
19564
19566
19568
19571
19571
19571
19582
19582
19585
19588
19590
19591
19595
19597
19597
19598
19599
19600
19601
19602
19602
19603
19606
19618
19625
19626
19627
19629
19630
19630
19632
19633
19636
19641
19642
19642
19643
19643
19644
19647
19647
19649
19655
19655
19656
19657
19662
19664
19664
19665
19666
19667
19668
19669
19671
19672
19675
19677
19680
19682
19683
19684
19685
19685
19685
19687
19688
19688
19692
19693
19694
19694
19698
19703
19703
19703
19704
19708
19713
19717
19718
19719
19720
19720
19724
19725
19726
19727
19728
19731
19731
19736
19737
19738
19739
19741
19744
19744
19745
19749
19751
19756
19757
19759
19764
19765
19766
19768
19770
19771
19771
19775
19781
19784
19785
19786
19789
19789
19793
19797
19804
19804
19806
19810
19813
19814
19820
19820
19820
19822
19822
19822
19826
19827
19829
19829
19834
19835
19836
19837
19837
19838
19841
19845
19846
19847
19851
19852
19853
19853
19855
19856
19858
19859
19859
19862
19863
19867
19868
19870
19871
19871
19874
19875
19876
19883
19887
19888
19894
19897
19897
19898
19901
19906
19906
19911
19912
19917
19918
19918
19919
19920
19924
19925
19927
19927
19927
19930
19934
19934
19935
19935
19935
19937
19937
19940
19941
19941
19944
19944
19944
19946
19949
19950
19950
19951
19954
19956
19956
19957
19958
19959
19959
19960
19963
19966
19967
19967
19968
19969
19969
19970
19972
19974
19975
19975
19976
19976
19977
19978
19979
19979
19981
19983
19983
19984
19984
19985
19985
19988
19990
19992
19993
19995
20000
20000
20003
20011
20012
20013
20015
20021
20022
20024
20028
20031
20033
20034
20036
20038
20041
20042
20045
20052
20054
20058
20059
20061
20061
20061
20062
20065
20066
20069
20071
20072
20073
20074
20075
20082
20082
20082
20082
20084
20084
20086
20088
20093
20094
20099
20103
20106
20107
20108
20108
20110
20111
20112
20112
20114
20117
20117
20119
20120
20120
20123
20125
20126
20127
20128
20133
20134
20137
20138
20139
20139
20142
20142
20143
20145
20146
20147
20149
20151
20159
20159
20159
20160
20161
20162
20162
20163
20164
20164
20166
20166
20168
20172
20172
20174
20174
20178
20182
20185
20185
20186
20188
20189
20189
20192
20192
20198
20200
20201
20205
20205
20205
20209
20209
20211
20211
20218
20219
20221
20221
20224
20224
20224
20226
20226
20229
20234
20237
20237
20237
20239
20239
20242
20247
20247
20247
20251
20251
20251
20253
20262
20264
20265
20267
20268
20268
20282
20285
20287
20288
20289
20289
20291
20296
20298
20307
20309
20310
20311
20312
20313
20317
20317
20320
20321
20322
20324
20325
20325
20326
20326
20331
20332
20334
20334
20334
20335
20336
20338
20343
20343
20343
20345
20346
20348
20351
20356
20356
20357
20362
20362
20363
20371
20371
20372
20374
20378
20387
20388
20388
20389
20390
20390
20393
20394
20396
20396
20398
20401
20409
20409
20411
20413
20414
20417
20419
20420
20423
20426
20427
20429
20437
20437
20439
20440
20442
20444
20445
20449
20451
20451
20454
20455
20456
20457
20457
20464
20464
20465
20468
20468
20470
20472
20473
20473
20476
20481
20482
20484
20485
20487
20488
20494
20496
20500
20501
20507
20514
20514
20518
20518
20520
20521
20522
20522
20524
20528
20530
20530
20530
20531
20535
20538
20540
20540
20542
20550
20551
20554
20559
20561
20562
20564
20565
20569
20571
20572
20572
20574
20580
20582
20583
20583
20586
20586
20587
20591
20592
20592
20593
20596
20596
20597
20597
20598
20599
20600
20604
20605
20605
20607
20607
20607
20608
20608
20609
20614
20614
20615
20621
20622
20626
20628
20632
20634
20636
20638
20640
20642
20647
20654
20654
20656
20669
20670
20672
20678
20680
20680
20681
20682
20684
20684
20686
20690
20691
20691
20694
20694
20696
20697
20699
20700
20702
20703
20703
20705
20705
20706
20706
20706
20709
20709
20710
20712
20714
20714
20715
20719
20722
20727
20730
20734
20735
20737
20737
20744
20746
20753
20757
20761
20761
20764
20764
20766
20768
20772
20774
20778
20779
20780
20780
20782
20783
20784
20784
20785
20786
20788
20795
20802
20805
20814
20815
20819
20823
20824
20824
20824
20825
20826
20828
20828
20832
20834
20841
20841
20845
20849
20852
20853
20853
20855
20858
20859
20859
20859
20861
20864
20865
20867
20872
20874
20875
20877
20877
20879
20880
20881
20884
20884
20885
20885
20886
20889
20890
20892
20893
20893
20894
20895
20895
20898
20898
20899
20900
20900
20901
20903
20904
20910
20911
20917
20918
20919
20920
20920
20921
20922
20924
20926
20927
20930
20930
20935
20936
20937
20938
20939
20939
20943
20943
20946
20947
20948
20948
20949
20949
20950
20950
20950
20951
20953
20955
20956
20958
20963
20964
20965
20969
20969
20972
20973
20975
20976
20976
20978
20981
20988
20988
20989
20990
20991
20992
20993
20997
20998
21000
21001
21004
21004
21005
21007
21007
21011
21015
21016
21016
21019
21020
21021
21024
21027
21033
21035
21038
21040
21040
21044
21047
21047
21048
21048
21049
21051
21053
21053
21053
21054
21054
21055
21056
21058
21058
21060
21060
21065
21066
21067
21068
21070
21081
21082
21083
21084
21088
21090
21091
21093
21094
21096
21097
21098
21099
21101
21101
21103
21103
21105
21105
21106
21106
21108
21108
21110
21110
21112
21114
21114
21123
21126
21127
21131
21133
21137
21145
21146
21149
21150
21153
21153
21157
21157
21160
21161
21163
21168
21170
21170
21172
21176
21177
21178
21180
21188
21190
21190
21191
21192
21194
21194
21199
21200
21205
21205
21212
21213
21213
21213
21216
21216
21217
21218
21221
21224
21225
21232
21232
21236
21237
21237
21238
21240
21241
21242
21243
21245
21247
21249
21250
21254
21254
21255
21260
21263
21265
21265
21265
21267
21267
21267
21275
21276
21276
21277
21278
21279
21284
21285
21288
21289
21291
21293
21293
21294
21294
21295
21296
21299
21302
21302
21304
21309
21314
21315
21319
21320
21320
21320
21321
21328
21335
21335
21337
21337
21341
21348
21351
21354
21355
21357
21358
21360
21360
21362
21362
21362
21364
21364
21365
21366
21370
21371
21373
21373
21375
21376
21379
21380
21381
21382
21388
21393
21395
21397
21398
21399
21400
21403
21403
21404
21405
21406
21408
21408
21410
21411
21415
21418
21418
21422
21430
21433
21437
21437
21439
21443
21443
21444
21444
21444
21446
21447
21448
21448
21449
21452
21453
21453
21454
21454
21455
21456
21457
21458
21459
21460
21460
21462
21465
21465
21466
21466
21469
21473
21474
21475
21475
21475
21476
21479
21481
21482
21485
21486
21486
21487
21489
21489
21489
21490
21491
21495
21496
21500
21501
21503
21503
21504
21514
21515
21521
21524
21524
21526
21528
21528
21530
21530
21533
21536
21537
21537
21544
21544
21545
21545
21546
21546
21550
21551
21554
21555
21555
21557
21560
21564
21564
21564
21567
21567
21568
21568
21568
21573
21577
21581
21582
21585
21586
21586
21588
21591
21597
21598
21598
21599
21599
21603
21606
21606
21607
21608
21610
21613
21615
21619
21623
21624
21626
21642
21642
21643
21645
21645
21647
21648
21649
21650
21656
21656
21658
21658
21659
21663
21664
21665
21666
21666
21666
21668
21674
21675
21677
21678
21678
21683
21683
21686
21688
21689
21693
21697
21699
21699
21700
21701
21701
21702
21702
21704
21704
21704
21705
21711
21711
21712
21712
21712
21713
21717
21719
21720
21721
21725
21725
21726
21727
21727
21728
21728
21729
21732
21733
21733
21734
21734
21736
21739
21744
21759
21761
21762
21764
21767
21768
21769
21771
21773
21774
21775
21776
21776
21778
21779
21780
21781
21783
21784
21784
21788
21788
21790
21794
21797
21802
21803
21805
21807
21807
21808
21809
21809
21809
21810
21811
21814
21815
21818
21819
21819
21820
21828
21829
21830
21831
21832
21836
21840
21843
21844
21846
21847
21849
21850
21853
21854
21856
21858
21860
21860
21862
21863
21864
21864
21866
21870
21873
21876
21880
21881
21882
21886
21886
21886
21888
21889
21896
21898
21899
21899
21901
21905
21906
21910
21911
21911
21915
21915
21917
21920
21921
21923
21923
21929
21929
21938
21942
21942
21945
21947
21953
21956
21956
21961
21963
21965
21965
21965
21966
21967
21968
21968
21974
21977
21978
21980
21980
21982
21983
21983
21983
21988
21989
21990
21990
21997
22000
22001
22004
22009
22011
22015
22015
22018
22025
22027
22027
22028
22030
22031
22031
22032
22035
22040
22044
22044
22046
22046
22047
22048
22048
22053
22053
22055
22057
22063
22066
22069
22075
22076
22078
22078
22079
22082
22082
22084
22084
22087
22090
22092
22092
22093
22094
22094
22096
22098
22098
22103
22105
22110
22110
22111
22113
22115
22118
22119
22119
22120
22121
22122
22124
22125
22125
22128
22128
22130
22131
22131
22132
22134
22136
22136
22139
22143
22144
22145
22146
22149
22151
22154
22156
22158
22158
22162
22165
22167
22173
22174
22176
22178
22178
22178
22181
22190
22191
22192
22194
22198
22201
22201
22205
22213
22213
22218
22219
22221
22222
22223
22225
22235
22237
22237
22239
22241
22241
22242
22242
22243
22243
22244
22246
22247
22252
22253
22254
22255
22258
22261
22261
22261
22262
22263
22266
22268
22269
22272
22272
22274
22278
22279
22279
22282
22284
22287
22289
22292
22295
22306
22309
22314
22316
22318
22318
22319
22321
22323
22324
22324
22325
22325
22326
22327
22330
22330
22332
22336
22336
22338
22343
22344
22345
22345
22350
22356
22357
22358
22362
22365
22366
22367
22368
22370
22371
22371
22373
22373
22375
22379
22379
22381
22384
22385
22385
22386
22386
22389
22389
22391
22392
22394
22400
22401
22404
22408
22409
22410
22410
22410
22412
22412
22412
22416
22416
22419
22421
22422
22422
22423
22427
22428
22428
22430
22430
22430
22432
22433
22435
22435
22438
22439
22444
22444
22445
22449
22453
22457
22458
22458
22458
22459
22462
22463
22463
22463
22466
22469
22469
22470
22477
22480
22485
22486
22490
22490
22490
22491
22495
22495
22496
22498
22499
22505
22509
22509
22510
22515
22519
22519
22520
22520
22522
22523
22524
22525
22526
22528
22532
22534
22535
22536
22536
22541
22541
22543
22545
22546
22548
22550
22551
22552
22553
22561
22566
22566
22566
22570
22571
22572
22573
22574
22574
22574
22577
22577
22577
22578
22582
22583
22593
22594
22597
22600
22602
22603
22603
22605
22608
22608
22609
22610
22611
22611
22612
22614
22614
22614
22615
22618
22620
22621
22621
22621
22626
22631
22631
22632
22636
22637
22637
22638
22638
22638
22641
22641
22646
22651
22652
22653
22653
22655
22657
22658
22665
22668
22671
22674
22677
22677
22679
22684
22685
22688
22689
22691
22691
22693
22696
22700
22704
22708
22710
22711
22711
22712
22713
22713
22715
22719
22719
22720
22722
22723
22724
22727
22728
22731
22733
22734
22735
22736
22736
22738
22741
22741
22742
22744
22746
22746
22751
22753
22754
22755
22757
22759
22762
22768
22771
22772
22773
22775
22778
22779
22779
22780
22782
22786
22788
22788
22789
22793
22793
22794
22797
22799
22808
22811
22812
22815
22819
22820
22821
22826
22826
22828
22828
22829
22829
22831
22834
22836
22837
22837
22840
22842
22843
22847
22848
22850
22853
22857
22858
22860
22861
22862
22864
22867
22868
22870
22874
22874
22874
22876
22877
22877
22878
22880
22882
22884
22885
22889
22890
22892
22893
22897
22898
22898
22899
22900
22900
22901
22903
22903
22905
22906
22907
22907
22907
22908
22910
22911
22920
22920
22924
22926
22931
22932
22932
22936
22939
22942
22942
22942
22943
22945
22946
22946
22950
22954
22955
22956
22956
22958
22959
22961
22962
22966
22966
22966
22967
22971
22972
22973
22974
22975
22980
22981
22984
22985
22989
22990
22992
22992
22993
22994
22995
22998
23000
23002
23005
23009
23010
23012
23014
23015
23016
23019
23019
23020
23026
23027
23032
23032
23032
23032
23034
23034
23044
23044
23045
23048
23052
23053
23055
23059
23059
23060
23061
23061
23062
23063
23064
23067
23070
23072
23072
23073
23075
23075
23076
23080
23081
23082
23083
23084
23086
23088
23088
23089
23093
23094
23095
23096
23098
23103
23105
23109
23110
23110
23115
23120
23122
23123
23126
23126
23127
23128
23128
23131
23135
23135
23135
23139
23147
23147
23148
23150
23152
23154
23155
23155
23155
23157
23160
23162
23166
23170
23172
23172
23173
23175
23177
23178
23181
23182
23183
23183
23184
23184
23187
23189
23191
23192
23192
23194
23202
23202
23204
23205
23205
23206
23218
23218
23219
23220
23224
23225
23225
23226
23228
23233
23236
23238
23238
23239
23239
23240
23245
23247
23249
23250
23250
23252
23254
23257
23258
23261
23262
23264
23266
23266
23270
23271
23272
23273
23273
23275
23279
23285
23286
23287
23290
23291
23291
23296
23297
23297
23299
23301
23304
23308
23308
23309
23312
23318
23320
23322
23323
23323
23326
23337
23337
23338
23341
23342
23348
23349
23353
23355
23359
23360
23362
23363
23364
23364
23365
23366
23369
23376
23378
23380
23380
23382
23384
23384
23386
23390
23390
23393
23394
23394
23396
23403
23405
23409
23410
23410
23410
23412
23415
23416
23417
23420
23420
23422
23423
23424
23424
23424
23427
23428
23433
23437
23437
23438
23441
23442
23442
23443
23445
23445
23448
23450
23453
23455
23458
23459
23461
23461
23462
23462
23463
23464
23469
23471
23484
23486
23486
23494
23497
23497
23497
23498
23499
23500
23500
23504
23511
23511
23512
23512
23515
23516
23517
23519
23519
23520
23525
23525
23527
23528
23528
23529
23529
23530
23530
23533
23533
23533
23534
23535
23535
23535
23536
23538
23541
23544
23545
23550
23553
23553
23554
23557
23558
23561
23562
23563
23564
23566
23567
23568
23568
23573
23573
23578
23581
23583
23586
23587
23589
23589
23594
23598
23600
23601
23601
23601
23604
23610
23610
23613
23617
23619
23621
23624
23626
23627
23627
23629
23631
23632
23633
23636
23637
23639
23639
23641
23642
23642
23642
23644
23646
23646
23647
23656
23662
23666
23668
23668
23672
23674
23675
23675
23676
23680
23682
23682
23683
23691
23692
23693
23698
23699
23700
23702
23702
23703
23704
23706
23708
23709
23717
23718
23720
23721
23722
23722
23722
23722
23726
23728
23731
23731
23737
23738
23739
23739
23743
23743
23744
23744
23746
23747
23747
23748
23751
23751
23754
23755
23755
23755
23760
23766
23767
23775
23778
23784
23790
23797
23799
23800
23801
23804
23805
23806
23807
23808
23810
23812
23818
23819
23822
23824
23825
23825
23831
23837
23842
23849
23849
23849
23850
23850
23851
23851
23852
23853
23857
23859
23859
23861
23864
23871
23872
23872
23872
23874
23876
23877
23877
23879
23880
23881
23883
23884
23886
23888
23888
23889
23890
23891
23891
23897
23898
23900
23900
23903
23904
23906
23911
23913
23915
23915
23916
23917
23917
23919
23920
23920
23923
23924
23926
23926
23926
23929
23930
23930
23934
23936
23937
23937
23938
23940
23940
23947
23947
23948
23952
23957
23959
23963
23970
23971
23973
23973
23974
23974
23974
23975
23985
23987
23989
23989
23989
23989
23989
23992
23993
23994
23997
23998
24001
24003
24008
24009
24009
24010
24011
24016
24017
24018
24019
24025
24026
24028
24033
24034
24037
24038
24040
24042
24043
24044
24044
24045
24045
24047
24049
24049
24050
24052
24052
24053
24054
24061
24063
24068
24069
24070
24070
24076
24077
24079
24079
24082
24086
24087
24090
24090
24092
24095
24097
24098
24098
24101
24104
24104
24105
24105
24106
24107
24108
24109
24109
24111
24114
24114
24114
24117
24117
24121
24121
24129
24131
24132
24133
24135
24135
24136
24139
24142
24143
24144
24148
24148
24150
24151
24153
24155
24156
24160
24160
24163
24165
24166
24167
24167
24167
24169
24169
24171
24177
24178
24178
24179
24180
24185
24187
24188
24190
24196
24198
24200
24203
24203
24204
24215
24216
24217
24218
24222
24226
24234
24238
24241
24242
24244
24248
24252
24252
24252
24254
24255
24255
24257
24258
24263
24264
24265
24266
24271
24275
24276
24277
24281
24282
24284
24284
24286
24286
24291
24292
24292
24293
24294
24299
24300
24302
24303
24306
24307
24307
24307
24308
24309
24312
24314
24316
24317
24318
24318
24319
24325
24325
24327
24328
24329
24330
24331
24334
24335
24342
24343
24345
24346
24350
24351
24354
24354
24358
24360
24362
24365
24365
24366
24368
24372
24372
24372
24373
24373
24375
24375
24376
24378
24380
24381
24382
24383
24383
24384
24389
24390
24398
24401
24402
24402
24404
24413
24414
24415
24422
24423
24426
24428
24429
24432
24432
24436
24436
24437
24441
24441
24443
24447
24451
24452
24452
24453
24454
24455
24456
24458
24459
24459
24460
24463
24465
24468
24474
24475
24476
24481
24482
24485
24486
24491
24492
24494
24496
24497
24497
24500
24501
24502
24504
24505
24507
24508
24508
24511
24511
24511
24512
24514
24514
24515
24516
24518
24520
24521
24524
24524
24526
24526
24526
24528
24533
24533
24533
24541
24544
24545
24545
24546
24548
24550
24550
24552
24552
24554
24554
24554
24557
24559
24563
24567
24571
24571
24572
24572
24573
24574
24577
24581
24584
24588
24590
24592
24595
24601
24609
24609
24612
24616
24616
24617
24617
24618
24622
24622
24623
24623
24624
24626
24626
24629
24633
24634
24634
24638
24643
24644
24645
24646
24647
24648
24650
24650
24650
24659
24661
24661
24662
24666
24670
24670
24670
24675
24675
24675
24676
24680
24681
24681
24686
24686
24688
24690
24692
24693
24697
24700
24704
24706
24709
24710
24711
24713
24715
24719
24721
24722
24723
24725
24729
24729
24730
24730
24733
24736
24740
24740
24741
24743
24745
24745
24746
24747
24748
24748
24752
24752
24753
24755
24757
24759
24761
24761
24762
24763
24766
24766
24769
24774
24778
24782
24782
24793
24794
24794
24802
24805
24805
24807
24823
24825
24827
24829
24832
24832
24834
24836
24840
24846
24847
24848
24848
24849
24851
24852
24852
24857
24862
24863
24864
24864
24864
24868
24869
24870
24871
24872
24874
24875
24875
24875
24876
24879
24879
24881
24881
24885
24886
24888
24889
24891
24891
24892
24893
24893
24899
24901
24902
24902
24902
24906
24907
24908
24909
24910
24912
24912
24912
24913
24915
24915
24916
24917
24918
24918
24919
24920
24921
24922
24927
24930
24931
24931
24932
24939
24939
24940
24941
24943
24943
24947
24951
24955
24957
24963
24964
24967
24969
24969
24969
24970
24974
24975
24976
24977
24978
24978
24980
24980
24983
24987
24989
24989
24990
24991
24995
24996
24997
24998
24999
25000
25008
25009
25014
25015
25016
25018
25018
25021
25022
25025
25025
25028
25029
25034
25034
25039
25043
25047
25059
25061
25061
25065
25068
25069
25070
25072
25074
25075
25077
25084
25090
25091
25091
25091
25098
25099
25100
25100
25101
25101
25102
25103
25103
25111
25112
25115
25117
25118
25120
25122
25124
25125
25126
25129
25132
25132
25139
25143
25143
25143
25145
25145
25152
25153
25155
25157
25158
25164
25165
25168
25173
25173
25175
25175
25181
25182
25183
25184
25187
25193
25193
25194
25197
25198
25198
25201
25204
25208
25209
25212
25216
25217
25218
25219
25219
25224
25230
25235
25235
25243
25246
25248
25249
25250
25251
25253
25253
25255
25256
25261
25262
25264
25264
25265
25265
25267
25268
25274
25276
25276
25277
25278
25279
25280
25280
25280
25283
25284
25284
25286
25286
25286
25290
25294
25294
25295
25296
25301
25302
25303
25306
25307
25307
25307
25307
25307
25308
25309
25310
25312
25315
25315
25319
25319
25321
25324
25324
25325
25328
25328
25329
25331
25338
25340
25341
25342
25348
25352
25353
25355
25357
25358
25359
25359
25360
25363
25364
25366
25367
25367
25369
25372
25375
25378
25378
25381
25382
25384
25389
25390
25395
25396
25397
25398
25402
25403
25405
25405
25407
25408
25410
25411
25411
25411
25413
25413
25414
25414
25416
25416
25417
25419
25421
25421
25423
25425
25426
25426
25427
25427
25431
25432
25435
25436
25436
25439
25442
25442
25443
25444
25446
25448
25458
25459
25459
25459
25464
25476
25476
25476
25477
25479
25480
25482
25482
25483
25487
25487
25487
25488
25489
25489
25489
25490
25490
25492
25492
25494
25494
25498
25499
25500
25501
25503
25508
25509
25510
25514
25514
25515
25517
25521
25521
25523
25525
25529
25530
25531
25531
25531
25532
25532
25534
25534
25542
25542
25543
25544
25545
25546
25546
25548
25548
25550
25551
25552
25553
25554
25555
25555
25555
25560
25561
25561
25567
25568
25569
25571
25572
25578
25578
25582
25584
25585
25586
25590
25591
25596
25603
25605
25605
25609
25610
25611
25612
25612
25615
25618
25619
25619
25623
25623
25626
25627
25628
25628
25632
25632
25633
25633
25642
25644
25647
25649
25649
25649
25650
25652
25654
25655
25659
25659
25665
25666
25667
25667
25669
25669
25675
25676
25680
25680
25681
25683
25683
25684
25688
25688
25691
25694
25695
25698
25700
25703
25708
25709
25709
25710
25710
25713
25714
25716
25724
25727
25727
25728
25728
25731
25733
25735
25737
25738
25740
25740
25741
25744
25745
25745
25747
25747
25747
25748
25753
25754
25754
25754
25754
25757
25757
25764
25766
25766
25768
25771
25773
25773
25776
25779
25783
25787
25788
25789
25790
25790
25790
25795
25797
25797
25800
25801
25801
25803
25806
25809
25811
25813
25813
25813
25817
25817
25819
25820
25823
25824
25825
25826
25826
25829
25830
25833
25834
25837
25839
25841
25841
25841
25842
25843
25843
25845
25846
25846
25846
25848
25849
25849
25853
25854
25855
25860
25862
25866
25867
25868
25870
25871
25871
25875
25877
25879
25882
25882
25885
25886
25887
25889
25889
25890
25890
25893
25896
25900
25901
25906
25907
25911
25911
25912
25916
25918
25919
25920
25920
25923
25924
25924
25925
25926
25927
25928
25928
25930
25930
25930
25934
25942
25945
25946
25948
25948
25949
25952
25956
25958
25959
25960
25963
25967
25976
25977
25978
25979
25983
25985
25986
25992
25996
25996
25996
25998
25999
25999
26000
26000
26004
26005
26009
26010
26012
26013
26013
26014
26019
26021
26025
26028
26029
26030
26032
26032
26038
26038
26039
26040
26043
26044
26047
26047
26047
26049
26050
26051
26054
26059
26060
26060
26062
26071
26073
26074
26084
26085
26087
26089
26090
26091
26100
26102
26104
26106
26110
26111
26113
26114
26116
26116
26116
26116
26119
26120
26122
26125
26128
26128
26128
26130
26130
26130
26131
26138
26140
26144
26146
26146
26149
26153
26153
26155
26156
26173
26175
26177
26177
26179
26180
26182
26189
26190
26191
26192
26192
26192
26193
26195
26198
26200
26200
26203
26204
26205
26207
26207
26213
26214
26216
26217
26217
26219
26221
26222
26223
26226
26229
26231
26232
26233
26236
26237
26238
26239
26240
26241
26242
26242
26244
26247
26249
26250
26261
26262
26262
26263
26268
26268
26271
26271
26272
26274
26274
26275
26279
26281
26283
26283
26284
26286
26286
26287
26301
26302
26305
26305
26306
26319
26323
26325
26326
26327
26328
26329
26329
26331
26331
26333
26334
26334
26336
26336
26338
26340
26343
26346
26349
26351
26353
26356
26356
26357
26358
26358
26361
26361
26365
26369
26372
26372
26374
26375
26375
26380
26381
26381
26383
26386
26389
26392
26393
26393
26394
26394
26398
26399
26400
26401
26402
26409
26412
26415
26416
26420
26421
26422
26422
26425
26426
26428
26429
26430
26435
26439
26444
26447
26447
26448
26449
26450
26457
26458
26458
26458
26466
26474
26477
26478
26481
26482
26484
26485
26486
26487
26488
26490
26490
26491
26493
26494
26497
26499
26500
26503
26505
26505
26507
26507
26509
26510
26511
26515
26517
26518
26518
26520
26521
26527
26528
26529
26530
26533
26533
26534
26538
26539
26540
26540
26541
26542
26543
26546
26549
26550
26550
26551
26553
26553
26556
26558
26558
26560
26561
26562
26562
26564
26570
26571
26574
26574
26574
26574
26576
26576
26577
26580
26585
26586
26587
26589
26590
26590
26591
26593
26594
26596
26598
26598
26599
26600
26600
26610
26611
26613
26616
26617
26617
26618
26619
26619
26620
26621
26621
26621
26623
26625
26629
26631
26631
26632
26636
26640
26645
26647
26648
26649
26651
26651
26655
26656
26656
26663
26667
26671
26673
26674
26678
26679
26679
26681
26681
26682
26682
26682
26684
26685
26695
26697
26699
26701
26701
26705
26705
26706
26710
26712
26719
26723
26727
26729
26729
26729
26730
26731
26731
26731
26734
26735
26736
26743
26743
26743
26744
26752
26753
26753
26756
26756
26756
26758
26761
26762
26764
26765
26765
26765
26770
26773
26775
26775
26776
26776
26776
26776
26779
26781
26784
26786
26786
26787
26793
26793
26794
26798
26803
26804
26808
26815
26816
26816
26817
26817
26819
26819
26821
26822
26823
26823
26828
26829
26831
26835
26842
26845
26855
26856
26857
26858
26859
26860
26862
26862
26863
26864
26865
26867
26869
26871
26872
26872
26873
26880
26887
26887
26888
26889
26892
26892
26893
26894
26897
26897
26899
26902
26903
26907
26908
26909
26912
26916
26917
26926
26926
26927
26930
26933
26939
26942
26944
26945
26950
26952
26954
26956
26956
26957
26957
26958
26962
26964
26965
26968
26970
26971
26971
26971
26974
26974
26975
26977
26979
26982
26982
26982
26983
26984
26988
26988
26991
26997
26999
27001
27001
27002
27003
27007
27007
27009
27011
27016
27017
27018
27019
27021
27022
27023
27026
27028
27036
27037
27037
27040
27040
27042
27045
27047
27048
27050
27052
27055
27057
27057
27060
27060
27063
27064
27066
27067
27070
27073
27074
27076
27076
27079
27081
27082
27083
27083
27083
27084
27085
27087
27088
27089
27090
27092
27094
27094
27099
27100
27103
27105
27107
27108
27109
27112
27112
27120
27124
27125
27129
27132
27133
27143
27146
27147
27148
27148
27148
27150
27152
27152
27152
27153
27154
27157
27164
27165
27167
27168
27171
27175
27176
27176
27177
27182
27182
27183
27184
27187
27189
27194
27194
27196
27197
27197
27200
27201
27201
27203
27204
27205
27207
27208
27208
27209
27211
27212
27215
27216
27217
27219
27220
27221
27224
27225
27231
27231
27231
27231
27232
27233
27234
27235
27244
27245
27247
27249
27249
27255
27256
27256
27259
27260
27265
27266
27267
27267
27269
27273
27273
27277
27277
27277
27280
27284
27284
27284
27285
27285
27285
27286
27289
27291
27300
27301
27302
27309
27313
27318
27325
27327
27328
27329
27330
27331
27334
27334
27335
27336
27338
27340
27341
27342
27342
27344
27346
27350
27350
27354
27355
27358
27358
27359
27360
27360
27363
27363
27367
27368
27369
27369
27384
27385
27386
27388
27388
27389
27391
27391
27392
27393
27393
27396
27400
27401
27402
27403
27408
27409
27409
27412
27415
27417
27419
27420
27424
27424
27425
27425
27426
27426
27427
27427
27431
27432
27435
27435
27441
27443
27444
27445
27449
27449
27452
27452
27455
27456
27457
27457
27458
27459
27460
27462
27464
27466
27466
27468
27469
27470
27470
27475
27477
27479
27484
27488
27491
27491
27496
27497
27497
27498
27500
27501
27505
27507
27509
27510
27513
27514
27515
27516
27517
27517
27518
27520
27523
27524
27527
27527
27528
27533
27533
27533
27535
27537
27541
27542
27543
27546
27547
27547
27548
27548
27550
27550
27550
27550
27550
27553
27561
27561
27564
27564
27572
27580
27581
27583
27585
27587
27588
27588
27588
27588
27590
27590
27591
27592
27594
27595
27597
27598
27598
27600
27601
27602
27603
27605
27605
27609
27611
27612
27615
27620
27620
27622
27623
27624
27624
27625
27627
27631
27634
27636
27637
27637
27638
27638
27638
27639
27639
27640
27644
27646
27648
27648
27649
27650
27651
27653
27655
27657
27659
27660
27660
27661
27662
27667
27669
27671
27672
27675
27675
27678
27682
27683
27685
27685
27689
27691
27692
27693
27694
27696
27698
27702
27703
27705
27712
27712
27713
27713
27715
27716
27716
27717
27720
27727
27728
27730
27730
27730
27732
27736
27737
27737
27737
27747
27747
27749
27751
27763
27763
27765
27772
27776
27779
27779
27788
27788
27789
27791
27792
27793
27796
27797
27798
27800
27803
27812
27815
27816
27819
27820
27821
27822
27822
27823
27827
27830
27837
27838
27840
27840
27841
27842
27847
27849
27849
27856
27859
27867
27871
27875
27875
27876
27877
27877
27879
27880
27881
27882
27882
27883
27883
27886
27886
27892
27901
27906
27909
27910
27911
27911
27913
27913
27914
27914
27919
27922
27923
27925
27927
27929
27930
27930
27931
27931
27932
27934
27939
27939
27945
27945
27946
27948
27950
27954
27955
27956
27958
27960
27961
27961
27961
27973
27973
27975
27977
27979
27980
27984
27985
27987
27989
27989
27992
27995
27998
28004
28006
28011
28013
28020
28020
28021
28022
28023
28024
28025
28029
28030
28031
28032
28032
28032
28033
28037
28039
28039
28042
28048
28050
28053
28055
28055
28059
28059
28060
28061
28062
28064
28064
28065
28067
28071
28074
28076
28078
28081
28084
28085
28085
28086
28093
28094
28095
28096
28101
28108
28116
28117
28119
28120
28121
28121
28124
28127
28130
28130
28131
28132
28132
28135
28135
28136
28141
28147
28148
28149
28151
28156
28158
28159
28161
28163
28164
28169
28170
28172
28175
28178
28184
28184
28188
28190
28192
28193
28194
28196
28198
28205
28205
28206
28206
28212
28214
28216
28218
28222
28222
28225
28225
28228
28229
28231
28232
28233
28234
28237
28241
28245
28245
28247
28248
28255
28256
28257
28260
28266
28266
28269
28270
28275
28277
28279
28282
28283
28284
28285
28287
28292
28293
28294
28295
28296
28300
28301
28303
28304
28305
28306
28306
28308
28321
28322
28322
28323
28324
28325
28325
28327
28331
28331
28334
28335
28336
28338
28339
28339
28341
28341
28341
28342
28342
28342
28344
28344
28353
28354
28355
28360
28365
28366
28366
28367
28367
28368
28369
28370
28376
28376
28376
28377
28379
28386
28389
28393
28394
28396
28397
28397
28398
28399
28401
28406
28406
28408
28408
28409
28410
28411
28413
28413
28414
28414
28415
28418
28418
28418
28422
28422
28423
28424
28426
28427
28428
28429
28430
28433
28433
28437
28437
28440
28443
28446
28446
28447
28449
28450
28453
28455
28455
28456
28458
28460
28460
28460
28460
28463
28468
28468
28468
28469
28475
28476
28477
28479
28488
28490
28494
28495
28504
28508
28510
28511
28514
28514
28515
28517
28517
28520
28523
28526
28528
28528
28529
28533
28533
28534
28535
28536
28539
28540
28541
28542
28544
28546
28546
28551
28554
28555
28559
28562
28568
28568
28571
28572
28576
28578
28581
28587
28587
28591
28593
28597
28598
28600
28602
28602
28603
28606
28609
28617
28618
28619
28624
28626
28626
28628
28629
28632
28632
28633
28638
28640
28641
28641
28641
28641
28643
28650
28650
28654
28655
28657
28657
28662
28668
28672
28673
28674
28675
28686
28689
28689
28691
28692
28693
28695
28699
28703
28705
28707
28714
28715
28723
28724
28726
28726
28727
28733
28734
28735
28737
28745
28748
28749
28751
28755
28757
28760
28760
28762
28762
28763
28764
28767
28768
28772
28775
28777
28778
28779
28780
28782
28788
28789
28790
28791
28792
28793
28794
28795
28796
28797
28797
28798
28803
28804
28807
28808
28812
28814
28816
28822
28823
28826
28826
28828
28828
28828
28832
28832
28834
28836
28838
28838
28841
28841
28843
28845
28846
28850
28852
28858
28862
28864
28864
28866
28867
28868
28869
28870
28874
28875
28875
28876
28878
28878
28882
28884
28888
28893
28893
28893
28894
28895
28897
28900
28901
28901
28901
28902
28902
28907
28907
28907
28908
28909
28911
28912
28912
28912
28913
28915
28919
28923
28924
28926
28927
28929
28932
28934
28934
28937
28938
28938
28939
28939
28940
28941
28942
28944
28946
28948
28949
28954
28955
28959
28959
28960
28960
28963
28966
28967
28971
28972
28973
28975
28977
28978
28981
28985
28988
28989
28989
28991
28994
28997
28999
28999
29001
29006
29008
29010
29012
29013
29015
29015
29016
29017
29021
29022
29023
29024
29025
29028
29034
29040
29040
29041
29043
29045
29047
29053
29055
29057
29058
29060
29061
29062
29063
29063
29064
29065
29066
29067
29068
29068
29069
29070
29071
29073
29074
29075
29076
29077
29078
29080
29080
29081
29082
29082
29084
29086
29088
29090
29092
29092
29096
29096
29098
29099
29100
29101
29102
29103
29109
29109
29113
29113
29114
29118
29118
29119
29121
29125
29125
29126
29127
29127
29128
29129
29133
29138
29140
29140
29141
29141
29141
29142
29145
29145
29147
29150
29158
29160
29163
29164
29166
29168
29169
29169
29173
29175
29176
29178
29180
29187
29193
29193
29195
29195
29198
29199
29201
29207
29208
29212
29214
29216
29216
29218
29221
29224
29227
29229
29234
29236
29238
29238
29240
29242
29242
29246
29248
29248
29250
29250
29252
29257
29257
29261
29263
29263
29268
29268
29270
29270
29271
29272
29273
29274
29277
29280
29284
29284
29285
29286
29286
29288
29288
29288
29289
29293
29293
29299
29299
29300
29300
29301
29303
29304
29305
29307
29308
29310
29311
29313
29313
29318
29328
29333
29333
29333
29335
29340
29344
29345
29345
29347
29348
29348
29349
29351
29352
29353
29355
29355
29356
29359
29362
29369
29376
29383
29388
29390
29390
29391
29392
29394
29396
29396
29398
29399
29402
29406
29406
29407
29408
29408
29410
29410
29415
29417
29417
29420
29421
29426
29426
29428
29428
29429
29434
29436
29436
29442
29442
29442
29443
29444
29444
29445
29446
29447
29451
29461
29462
29464
29465
29468
29469
29470
29471
29476
29476
29476
29476
29478
29479
29480
29487
29487
29489
29490
29493
29493
29496
29496
29498
29502
29502
29503
29505
29505
29510
29514
29519
29521
29521
29523
29525
29527
29531
29535
29536
29536
29540
29541
29542
29542
29545
29545
29546
29546
29550
29551
29554
29557
29559
29561
29565
29566
29566
29568
29570
29571
29572
29578
29584
29592
29594
29595
29596
29599
29605
29606
29606
29606
29606
29608
29609
29609
29609
29614
29619
29626
29626
29630
29630
29631
29631
29638
29638
29638
29641
29641
29643
29645
29646
29649
29652
29654
29655
29656
29656
29656
29658
29661
29663
29664
29664
29665
29665
29667
29667
29669
29669
29669
29671
29673
29673
29673
29684
29685
29687
29689
29691
29695
29695
29698
29704
29705
29706
29708
29711
29713
29714
29716
29717
29719
29722
29724
29725
29725
29726
29727
29729
29730
29731
29732
29735
29737
29738
29740
29742
29744
29745
29747
29749
29754
29754
29761
29769
29771
29773
29773
29777
29778
29780
29781
29781
29782
29783
29784
29785
29786
29786
29790
29792
29795
29797
29797
29798
29801
29801
29802
29802
29803
29804
29804
29805
29805
29806
29813
29814
29817
29818
29820
29820
29820
29823
29823
29823
29823
29825
29830
29832
29833
29833
29835
29842
29843
29844
29845
29846
29847
29851
29851
29852
29855
29856
29856
29859
29860
29861
29863
29866
29867
29869
29870
29871
29873
29873
29877
29880
29881
29881
29882
29883
29886
29886
29887
29888
29888
29901
29902
29902
29903
29904
29905
29905
29916
29921
29924
29925
29925
29928
29929
29931
29933
29934
29934
29936
29937
29939
29940
29940
29942
29943
29945
29945
29946
29947
29952
29954
29956
29957
29959
29960
29963
29964
29964
29965
29965
29969
29971
29974
29975
29975
29976
29977
29978
29979
29982
29987
29989
29990
29995
29995
29995
29997
30000
30002
30003
30004
30005
30009
30013
30014
30021
30026
30029
30029
30030
30030
30031
30031
30031
30031
30035
30038
30038
30039
30039
30040
30042
30048
30049
30058
30069
30070
30071
30073
30074
30074
30074
30075
30075
30076
30076
30077
30079
30080
30082
30082
30083
30088
30090
30091
30092
30095
30100
30105
30106
30106
30107
30112
30113
30117
30121
30122
30125
30126
30126
30128
30131
30133
30137
30138
30142
30143
30143
30145
30148
30154
30155
30156
30163
30164
30166
30168
30169
30174
30174
30175
30178
30178
30180
30181
30181
30183
30183
30183
30185
30190
30191
30191
30191
30197
30197
30198
30198
30200
30201
30208
30208
30211
30211
30212
30218
30218
30220
30222
30224
30227
30235
30236
30239
30244
30244
30244
30248
30249
30251
30252
30253
30254
30255
30256
30257
30257
30261
30264
30264
30267
30273
30274
30275
30281
30283
30284
30286
30291
30292
30293
30295
30297
30297
30298
30302
30305
30306
30306
30307
30307
30307
30310
30311
30314
30314
30321
30324
30327
30329
30329
30330
30335
30336
30337
30340
30341
30342
30345
30345
30349
30352
30352
30354
30357
30357
30361
30368
30368
30370
30375
30375
30380
30381
30382
30382
30387
30388
30388
30390
30391
30391
30395
30396
30396
30397
30399
30401
30403
30405
30406
30414
30415
30417
30418
30420
30424
30425
30431
30431
30437
30439
30441
30441
30442
30444
30448
30451
30468
30468
30469
30473
30473
30473
30479
30479
30479
30484
30485
30486
30486
30489
30489
30490
30492
30495
30496
30498
30499
30502
30504
30511
30513
30521
30521
30524
30525
30528
30530
30530
30531
30534
30535
30539
30539
30542
30542
30543
30550
30554
30555
30556
30559
30564
30568
30571
30572
30574
30574
30576
30578
30580
30581
30581
30582
30582
30584
30586
30589
30591
30593
30594
30594
30595
30597
30598
30600
30601
30602
30604
30604
30604
30606
30609
30610
30613
30613
30615
30618
30621
30626
30627
30627
30628
30628
30629
30630
30634
30635
30638
30639
30644
30647
30649
30650
30650
30656
30656
30657
30660
30660
30663
30667
30667
30668
30670
30671
30672
30674
30681
30684
30685
30686
30689
30690
30690
30692
30694
30697
30699
30701
30702
30706
30706
30708
30708
30711
30712
30714
30715
30716
30718
30720
30720
30721
30722
30730
30731
30735
30743
30743
30747
30749
30752
30753
30753
30754
30754
30762
30768
30769
30770
30771
30772
30772
30773
30778
30778
30787
30789
30792
30805
30806
30807
30808
30808
30811
30813
30814
30817
30819
30819
30820
30820
30820
30821
30823
30829
30829
30829
30835
30837
30838
30841
30841
30845
30849
30850
30853
30858
30859
30860
30865
30865
30866
30866
30870
30873
30876
30878
30881
30882
30891
30893
30893
30896
30897
30909
30910
30911
30915
30915
30921
30921
30926
30927
30928
30932
30938
30939
30940
30941
30941
30945
30946
30946
30947
30947
30947
30948
30952
30952
30952
30954
30954
30956
30957
30958
30961
30964
30967
30968
30969
30969
30969
30970
30972
30974
30974
30975
30977
30978
30983
30984
30989
30990
30991
30993
30994
30999
30999
30999
31000
31005
31009
31010
31011
31015
31015
31019
31021
31023
31025
31026
31027
31027
31028
31030
31033
31037
31039
31040
31040
31041
31046
31048
31048
31049
31049
31050
31050
31054
31057
31058
31060
31061
31063
31067
31070
31070
31071
31071
31071
31071
31073
31077
31079
31081
31084
31084
31084
31084
31088
31091
31092
31092
31092
31093
31095
31103
31104
31105
31107
31108
31113
31114
31114
31115
31115
31118
31119
31120
31121
31122
31122
31127
31128
31129
31130
31133
31134
31146
31147
31149
31151
31151
31151
31152
31158
31159
31159
31163
31163
31170
31174
31175
31175
31181
31182
31183
31187
31193
31194
31194
31194
31195
31206
31212
31212
31215
31218
31220
31220
31221
31222
31223
31225
31225
31225
31226
31229
31231
31232
31235
31239
31242
31243
31244
31244
31246
31246
31247
31252
31252
31253
31254
31256
31257
31258
31262
31268
31269
31272
31275
31277
31279
31280
31282
31283
31287
31290
31292
31297
31308
31308
31309
31312
31315
31315
31316
31321
31322
31322
31322
31326
31328
31334
31339
31340
31340
31343
31345
31346
31347
31349
31351
31352
31353
31356
31360
31361
31362
31365
31366
31366
31366
31367
31367
31368
31373
31376
31377
31377
31377
31379
31383
31383
31385
31386
31387
31388
31389
31389
31403
31404
31406
31407
31407
31407
31410
31412
31415
31415
31416
31418
31421
31422
31423
31425
31426
31428
31431
31432
31433
31436
31437
31438
31439
31440
31440
31448
31450
31450
31454
31454
31456
31457
31458
31459
31462
31463
31464
31464
31465
31465
31465
31472
31478
31478
31480
31481
31482
31483
31488
31490
31490
31493
31493
31498
31499
31500
31500
31503
31505
31508
31508
31508
31512
31512
31513
31516
31516
31522
31525
31529
31530
31531
31535
31539
31541
31543
31545
31547
31549
31550
31550
31552
31557
31559
31560
31562
31565
31566
31570
31571
31576
31577
31579
31580
31581
31581
31583
31583
31587
31587
31587
31589
31595
31598
31598
31598
31598
31600
31600
31601
31602
31604
31605
31605
31608
31610
31612
31616
31616
31617
31619
31620
31620
31620
31621
31621
31625
31625
31627
31630
31631
31633
31636
31640
31640
31642
31643
31644
31646
31649
31649
31660
31662
31664
31664
31674
31674
31675
31682
31684
31685
31686
31686
31687
31687
31689
31691
31692
31693
31699
31700
31702
31702
31704
31706
31706
31707
31708
31708
31709
31711
31711
31713
31719
31721
31724
31724
31727
31729
31729
31730
31732
31735
31737
31740
31742
31744
31744
31745
31745
31745
31747
31747
31755
31758
31759
31764
31765
31766
31772
31773
31775
31775
31777
31780
31780
31781
31782
31794
31796
31799
31799
31802
31803
31804
31804
31810
31811
31812
31815
31818
31822
31822
31822
31822
31827
31828
31829
31829
31831
31834
31837
31838
31839
31839
31840
31841
31849
31850
31850
31850
31854
31855
31857
31860
31861
31865
31866
31871
31872
31877
31878
31880
31881
31886
31892
31892
31893
31894
31896
31897
31897
31900
31901
31902
31903
31903
31904
31904
31905
31906
31910
31914
31914
31914
31915
31915
31916
31917
31917
31919
31919
31919
31921
31921
31929
31930
31931
31937
31937
31942
31943
31943
31943
31946
31952
31957
31957
31963
31964
31967
31967
31969
31974
31975
31979
31982
31983
31986
31987
31988
31991
31992
31993
31993
31993
31994
31995
31997
31997
32000
32001
32005
32005
32008
32010
32012
32013
32015
32018
32019
32019
32024
32033
32033
32034
32038
32039
32040
32045
32045
32047
32048
32050
32050
32053
32054
32057
32057
32059
32059
32059
32060
32062
32062
32066
32068
32069
32073
32073
32074
32075
32079
32080
32082
32085
32087
32088
32089
32092
32093
32094
32096
32097
32098
32101
32105
32105
32105
32107
32107
32109
32110
32115
32116
32118
32119
32121
32123
32125
32128
32131
32132
32137
32141
32144
32145
32145
32146
32148
32148
32151
32152
32153
32154
32155
32156
32157
32160
32161
32164
32164
32166
32167
32172
32174
32179
32181
32181
32182
32182
32183
32188
32193
32194
32197
32198
32201
32202
32203
32204
32207
32211
32211
32212
32212
32213
32214
32216
32217
32217
32218
32220
32223
32225
32225
32228
32229
32234
32236
32236
32240
32241
32242
32242
32244
32244
32245
32247
32248
32248
32248
32249
32253
32259
32260
32261
32262
32264
32264
32269
32270
32270
32270
32271
32271
32275
32275
32286
32288
32289
32289
32289
32290
32290
32290
32292
32292
32292
32293
32294
32295
32298
32300
32300
32303
32308
32310
32311
32312
32312
32312
32313
32320
32321
32323
32325
32325
32326
32328
32330
32330
32330
32331
32336
32336
32337
32337
32339
32340
32341
32342
32342
32342
32343
32346
32347
32348
32349
32351
32355
32356
32356
32357
32358
32360
32363
32366
32366
32367
32369
32370
32373
32378
32382
32385
32388
32390
32394
32399
32404
32404
32405
32405
32410
32415
32416
32417
32417
32423
32426
32426
32429
32430
32430
32431
32433
32433
32436
32436
32440
32441
32442
32444
32445
32445
32448
32448
32449
32452
32452
32453
32456
32456
32458
32460
32460
32460
32464
32466
32469
32472
32474
32479
32486
32489
32494
32498
32500
32502
32511
32515
32517
32519
32520
32521
32523
32525
32527
32528
32534
32536
32538
32541
32543
32548
32548
32548
32549
32551
32552
32553
32554
32558
32558
32558
32561
32562
32565
32566
32567
32572
32573
32574
32577
32578
32581
32583
32585
32585
32586
32587
32589
32589
32590
32593
32594
32597
32597
32598
32601
32602
32602
32604
32605
32605
32607
32609
32609
32609
32612
32613
32615
32622
32624
32624
32635
32635
32636
32636
32639
32640
32642
32644
32645
32647
32649
32649
32650
32651
32652
32655
32658
32659
32661
32664
32666
32667
32670
32675
32676
32677
32680
32686
32688
32691
32692
32694
32694
32696
32701
32705
32706
32708
32710
32717
32717
32718
32718
32721
32723
32724
32730
32731
32731
32732
32733
32738
32741
32744
32744
32746
32748
32748
32750
32752
32752
32753
32754
32755
32759
32763
32765
32767
