0
2
10
13
13
26
28
40
51
56
59
59
61
70
80
89
91
92
95
95
96
98
105
113
120
125
126
130
132
148
149
150
154
160
161
170
173
179
179
180
181
186
189
206
208
236
237
245
248
256
256
263
264
270
271
273
282
284
288
289
300
304
305
308
320
321
321
334
338
342
355
361
362
365
374
394
403
404
415
417
418
422
427
433
436
444
453
457
465
465
479
500
500
502
508
521
526
528
530
534
539
542
555
556
559
561
564
566
569
579
579
580
581
584
599
600
608
612
623
628
634
636
640
644
646
651
660
666
667
668
670
672
682
685
688
690
704
705
718
721
734
739
739
747
748
752
755
757
758
761
764
765
768
776
788
789
797
798
798
800
802
807
811
814
818
820
820
824
830
832
850
854
859
870
872
885
888
901
912
914
916
917
936
939
945
946
948
952
960
965
977
981
988
988
991
998
1001
1005
1008
1010
1011
1012
1014
1032
1033
1036
1042
1055
1059
1063
1066
1070
1073
1076
1081
1081
1084
1097
1097
1098
1098
1105
1115
1124
1127
1134
1134
1140
1145
1149
1153
1157
1166
1167
1167
1173
1179
1188
1189
1192
1195
1199
1208
1210
1236
1239
1240
1242
1245
1247
1250
1261
1270
1282
1282
1284
1288
1291
1295
1296
1297
1307
1321
1321
1324
1326
1336
1339
1344
1347
1348
1348
1352
1357
1375
1375
1391
1394
1398
1405
1424
1429
1430
1435
1436
1445
1456
1456
1462
1466
1469
1487
1491
1493
1496
1506
1508
1509
1510
1511
1517
1522
1528
1529
1535
1543
1543
1551
1555
1559
1562
1567
1568
1600
1602
1609
1612
1616
1627
1628
1629
1631
1634
1641
1646
1651
1652
1664
1665
1665
1680
1682
1686
1688
1692
1692
1693
1695
1700
1704
1705
1708
1708
1709
1713
1722
1723
1724
1726
1728
1731
1731
1732
1734
1751
1763
1764
1771
1781
1781
1783
1791
1794
1799
1802
1804
1807
1808
1810
1813
1815
1817
1818
1821
1827
1830
1830
1832
1832
1836
1839
1839
1850
1862
1865
1868
1877
1877
1878
1881
1893
1895
1899
1900
1904
1910
1926
1928
1937
1939
1943
1947
1949
1949
1951
1954
1960
1970
1973
1990
1992
1993
1994
1994
2004
2015
2018
2021
2023
2027
2030
2033
2035
2050
2051
2052
2059
2065
2067
2068
2079
2079
2085
2090
2093
2108
2116
2144
2144
2145
2149
2154
2163
2167
2170
2177
2193
2195
2198
2199
2202
2202
2207
2209
2209
2213
2217
2231
2241
2251
2256
2269
2278
2280
2288
2292
2296
2297
2307
2326
2327
2344
2353
2354
2356
2358
2363
2384
2384
2392
2395
2396
2397
2403
2406
2406
2412
2415
2420
2426
2435
2441
2444
2452
2459
2481
2487
2495
2498
2500
2507
2509
2509
2513
2514
2517
2522
2522
2523
2525
2527
2529
2529
2529
2529
2529
2532
2533
2533
2533
2542
2566
2574
2591
2594
2598
2601
2603
2606
2610
2616
2616
2618
2624
2626
2628
2643
2649
2654
2655
2657
2661
2667
2668
2669
2669
2672
2676
2687
2687
2692
2696
2696
2700
2704
2711
2712
2723
2736
2740
2747
2756
2766
2767
2770
2776
2778
2783
2785
2785
2793
2796
2807
2817
2820
2828
2830
2834
2849
2851
2851
2855
2864
2865
2872
2874
2889
2890
2894
2898
2898
2900
2905
2915
2918
2940
2955
2969
2970
2971
2976
2978
2978
2990
2994
2994
2995
2996
2998
3015
3018
3019
3020
3022
3025
3027
3034
3035
3041
3055
3056
3081
3081
3082
3083
3084
3097
3099
3101
3103
3104
3109
3115
3115
3123
3127
3128
3129
3136
3136
3138
3139
3139
3147
3151
3154
3156
3156
3169
3175
3183
3188
3194
3196
3207
3212
3212
3215
3218
3230
3234
3234
3235
3237
3247
3252
3262
3264
3267
3272
3274
3279
3285
3290
3297
3298
3299
3306
3312
3315
3318
3318
3319
3321
3327
3332
3336
3341
3342
3350
3352
3358
3363
3368
3373
3383
3385
3400
3409
3411
3412
3415
3419
3419
3420
3421
3422
3422
3422
3432
3441
3444
3446
3449
3453
3456
3464
3472
3477
3478
3478
3479
3481
3484
3485
3489
3491
3497
3501
3504
3514
3515
3521
3525
3533
3533
3534
3540
3541
3544
3545
3554
3566
3577
3582
3585
3586
3591
3595
3602
3631
3641
3642
3647
3651
3655
3655
3670
3670
3673
3676
3678
3680
3683
3687
3691
3695
3698
3700
3700
3701
3712
3715
3715
3717
3720
3728
3732
3739
3754
3759
3759
3762
3768
3775
3784
3785
3793
3796
3803
3816
3822
3822
3828
3838
3840
3842
3849
3858
3859
3859
3875
3888
3895
3900
3910
3923
3924
3924
3932
3945
3954
3960
3970
3982
3983
3997
4003
4009
4011
4012
4022
4024
4026
4027
4028
4031
4036
4044
4045
4047
4049
4050
4050
4057
4058
4061
4078
4083
4090
4093
4118
4142
4144
4153
4164
4168
4170
4180
4187
4187
4190
4192
4193
4198
4199
4199
4201
4215
4216
4220
4226
4232
4233
4242
4247
4250
4250
4252
4253
4255
4258
4263
4263
4269
4279
4282
4283
4290
4295
4301
4302
4303
4308
4310
4322
4329
4331
4350
4354
4355
4363
4365
4367
4369
4374
4374
4376
4377
4390
4403
4407
4409
4411
4412
4424
4425
4427
4434
4441
4446
4450
4459
4461
4467
4476
4488
4498
4502
4503
4504
4509
4513
4515
4518
4543
4550
4550
4553
4557
4558
4567
4570
4577
4578
4580
4586
4590
4603
4603
4613
4616
4620
4635
4638
4640
4648
4650
4653
4653
4656
4660
4664
4674
4674
4676
4684
4686
4697
4698
4699
4700
4702
4707
4716
4731
4738
4745
4745
4746
4747
4747
4748
4750
4750
4750
4750
4751
4755
4755
4757
4766
4768
4769
4773
4774
4786
4805
4807
4813
4816
4823
4833
4836
4836
4838
4845
4852
4854
4856
4869
4869
4873
4873
4874
4878
4879
4880
4888
4893
4906
4907
4908
4911
4925
4937
4940
4941
4942
4942
4945
4948
4955
4958
4958
4967
4992
4992
4999
4999
5006
5006
5007
5007
5015
5031
5031
5045
5045
5049
5050
5059
5067
5072
5076
5077
5080
5084
5091
5095
5097
5099
5106
5110
5117
5119
5122
5139
5155
5155
5176
5181
5182
5183
5194
5196
5201
5201
5207
5218
5218
5229
5232
5237
5247
5253
5255
5258
5259
5261
5261
5266
5275
5275
5276
5289
5290
5300
5301
5302
5304
5313
5319
5321
5335
5345
5348
5354
5372
5377
5378
5382
5385
5389
5391
5392
5394
5408
5419
5424
5435
5438
5438
5440
5448
5463
5467
5477
5483
5487
5488
5489
5494
5496
5501
5502
5504
5511
5520
5526
5527
5532
5532
5533
5534
5539
5540
5547
5547
5549
5552
5557
5558
5560
5575
5579
5579
5580
5582
5584
5587
5594
5600
5600
5617
5619
5624
5628
5632
5633
5633
5639
5639
5640
5650
5655
5660
5662
5663
5670
5673
5677
5677
5685
5701
5703
5709
5709
5715
5718
5722
5727
5729
5729
5733
5738
5747
5752
5764
5771
5782
5793
5806
5806
5821
5827
5832
5833
5835
5843
5854
5864
5869
5870
5883
5891
5893
5895
5896
5896
5897
5897
5903
5908
5911
5914
5925
5935
5936
5937
5951
5951
5953
5960
5988
5993
5993
5995
6002
6009
6011
6015
6018
6021
6024
6030
6032
6046
6049
6053
6054
6061
6067
6079
6096
6099
6102
6109
6125
6128
6130
6135
6137
6138
6139
6140
6143
6155
6156
6157
6157
6171
6176
6178
6191
6193
6197
6201
6204
6205
6207
6221
6228
6233
6236
6239
6246
6249
6254
6264
6277
6279
6282
6282
6285
6290
6293
6296
6307
6307
6309
6311
6312
6321
6324
6328
6343
6345
6352
6354
6368
6369
6370
6373
6382
6385
6389
6391
6395
6398
6402
6405
6406
6407
6408
6409
6412
6413
6425
6426
6431
6447
6447
6450
6451
6460
6470
6473
6487
6495
6501
6505
6506
6507
6519
6523
6528
6531
6538
6542
6545
6547
6551
6551
6570
6571
6576
6577
6578
6579
6579
6586
6586
6587
6589
6593
6594
6601
6608
6613
6615
6618
6619
6619
6621
6621
6621
6625
6630
6635
6638
6640
6657
6669
6671
6676
6686
6688
6689
6693
6694
6696
6697
6705
6723
6726
6741
6745
6748
6760
6770
6777
6780
6784
6787
6789
6796
6796
6798
6802
6802
6803
6805
6807
6807
6810
6819
6824
6830
6831
6831
6832
6837
6841
6842
6852
6852
6852
6865
6868
6868
6868
6868
6883
6891
6909
6909
6912
6920
6935
6937
6937
6939
6944
6976
6978
6980
6981
6986
6987
6989
6995
6996
6997
7002
7004
7006
7010
7011
7012
7014
7019
7019
7028
7030
7032
7034
7035
7036
7041
7045
7049
7049
7049
7059
7061
7072
7077
7086
7088
7092
7093
7094
7095
7098
7105
7112
7115
7130
7131
7131
7132
7133
7136
7138
7151
7154
7169
7169
7172
7182
7186
7189
7207
7211
7216
7235
7237
7238
7240
7242
7243
7255
7257
7275
7278
7280
7284
7285
7287
7288
7289
7299
7299
7304
7309
7311
7325
7327
7335
7336
7348
7353
7353
7358
7361
7368
7383
7386
7396
7399
7402
7417
7427
7443
7445
7450
7463
7465
7486
7486
7498
7516
7527
7531
7533
7534
7535
7538
7540
7543
7546
7550
7551
7557
7560
7566
7573
7579
7588
7594
7597
7598
7606
7618
7619
7624
7634
7637
7643
7649
7650
7655
7656
7667
7668
7678
7679
7682
7683
7691
7704
7706
7721
7722
7727
7729
7731
7751
7751
7758
7760
7763
7770
7772
7772
7775
7777
7780
7781
7785
7785
7786
7794
7815
7817
7817
7818
7820
7837
7838
7840
7842
7842
7844
7847
7857
7862
7863
7864
7866
7869
7881
7886
7887
7888
7897
7912
7918
7920
7930
7931
7932
7933
7934
7934
7945
7946
7949
7962
7970
7972
7999
8010
8011
8013
8022
8049
8055
8058
8059
8067
8068
8072
8078
8083
8091
8122
8130
8137
8140
8146
8148
8149
8158
8164
8168
8168
8175
8180
8185
8200
8206
8209
8210
8213
8214
8221
8223
8226
8229
8239
8249
8250
8262
8267
8272
8274
8275
8277
8278
8288
8289
8292
8299
8303
8306
8308
8309
8310
8312
8315
8321
8330
8331
8332
8357
8359
8385
8385
8389
8391
8393
8402
8408
8409
8410
8420
8426
8427
8440
8444
8446
8448
8450
8456
8464
8473
8474
8487
8492
8504
8504
8511
8522
8532
8537
8541
8543
8548
8548
8549
8556
8557
8559
8560
8561
8564
8573
8585
8586
8596
8596
8596
8597
8598
8599
8603
8605
8607
8618
8620
8620
8623
8624
8629
8631
8640
8641
8646
8646
8646
8649
8653
8654
8656
8667
8671
8675
8676
8687
8690
8692
8701
8703
8708
8710
8720
8724
8731
8736
8737
8742
8755
8760
8762
8762
8763
8763
8764
8766
8768
8769
8769
8771
8777
8782
8785
8787
8803
8806
8816
8829
8833
8833
8838
8840
8847
8848
8861
8863
8867
8869
8885
8888
8892
8895
8900
8915
8915
8927
8928
8932
8936
8940
8941
8943
8947
8947
8950
8951
8968
8984
9013
9019
9021
9027
9028
9051
9057
9060
9067
9072
9080
9090
9093
9094
9097
9097
9102
9105
9106
9126
9143
9145
9148
9151
9160
9172
9177
9183
9193
9194
9199
9199
9200
9200
9207
9219
9225
9233
9244
9254
9254
9259
9263
9268
9268
9279
9280
9292
9303
9304
9315
9316
9318
9320
9321
9322
9325
9327
9327
9329
9339
9343
9346
9349
9360
9362
9364
9372
9389
9396
9402
9410
9421
9425
9428
9428
9429
9433
9437
9444
9456
9463
9463
9465
9473
9474
9477
9478
9479
9480
9492
9501
9504
9505
9513
9517
9521
9521
9524
9526
9528
9531
9534
9552
9555
9558
9558
9559
9564
9566
9581
9582
9584
9588
9600
9602
9610
9610
9611
9616
9617
9620
9624
9626
9628
9635
9637
9639
9650
9651
9662
9664
9667
9672
9672
9674
9684
9697
9704
9713
9715
9729
9737
9745
9747
9750
9754
9756
9773
9778
9783
9786
9788
9800
9807
9809
9818
9820
9822
9822
9823
9823
9835
9835
9836
9842
9847
9848
9854
9855
9870
9872
9873
9875
9877
9884
9885
9886
9893
9898
9900
9905
9909
9913
9917
9926
9931
9939
9943
9949
9951
9964
9973
9974
9974
9981
9987
9991
9999
10002
10010
10014
10022
10025
10033
10034
10037
10048
10049
10050
10060
10070
10078
10078
10079
10083
10093
10102
10106
10114
10119
10126
10128
10132
10137
10147
10151
10155
10161
10167
10173
10174
10176
10180
10200
10205
10211
10219
10226
10237
10251
10261
10262
10267
10272
10278
10281
10282
10288
10292
10309
10313
10317
10319
10319
10321
10330
10340
10342
10346
10350
10352
10353
10355
10357
10368
10371
10387
10391
10397
10400
10421
10430
10445
10450
10451
10456
10457
10459
10463
10464
10475
10485
10491
10494
10498
10499
10501
10501
10504
10509
10516
10516
10519
10525
10529
10530
10541
10544
10554
10561
10566
10567
10568
10576
10595
10598
10599
10601
10603
10607
10613
10614
10614
10621
10631
10636
10639
10644
10647
10650
10651
10651
10657
10661
10667
10667
10668
10674
10690
10694
10703
10718
10727
10728
10738
10741
10742
10751
10753
10758
10759
10760
10764
10768
10769
10771
10772
10778
10787
10788
10791
10793
10793
10810
10816
10821
10824
10835
10844
10847
10857
10858
10866
10871
10874
10881
10884
10892
10893
10918
10922
10923
10925
10930
10930
10936
10942
10948
10973
10974
10975
10980
10992
10999
11000
11001
11003
11007
11013
11016
11017
11021
11030
11039
11040
11046
11047
11056
11063
11063
11069
11074
11077
11081
11081
11082
11098
11101
11119
11120
11125
11125
11139
11146
11149
11150
11151
11152
11154
11174
11181
11183
11183
11190
11190
11194
11195
11208
11217
11220
11226
11226
11233
11236
11240
11245
11247
11248
11248
11248
11252
11256
11258
11265
11272
11273
11274
11286
11290
11293
11295
11297
11303
11313
11320
11321
11324
11334
11345
11355
11356
11363
11366
11370
11376
11379
11380
11383
11387
11393
11401
11419
11423
11425
11426
11430
11434
11454
11467
11470
11471
11481
11482
11485
11494
11498
11500
11501
11503
11504
11506
11507
11511
11520
11530
11541
11549
11553
11559
11572
11572
11585
11586
11588
11591
11592
11597
11597
11600
11603
11606
11609
11610
11617
11622
11624
11633
11637
11650
11651
11655
11665
11675
11682
11686
11690
11697
11699
11706
11712
11716
11718
11718
11726
11727
11739
11740
11743
11744
11745
11750
11751
11761
11764
11768
11778
11778
11780
11782
11792
11798
11804
11810
11813
11826
11827
11827
11831
11833
11833
11844
11850
11854
11858
11860
11866
11866
11867
11877
11889
11897
11899
11902
11908
11911
11913
11913
11914
11917
11925
11928
11942
11953
11966
11966
11967
11972
11983
11983
11985
11992
11992
11994
11996
12001
12006
12021
12023
12033
12039
12042
12043
12053
12054
12054
12057
12059
12060
12068
12077
12094
12094
12094
12095
12096
12109
12111
12126
12143
12146
12154
12155
12161
12163
12166
12170
12171
12175
12177
12177
12185
12186
12190
12192
12194
12195
12214
12215
12215
12226
12228
12231
12236
12238
12241
12250
12251
12253
12255
12260
12271
12277
12278
12285
12285
12287
12287
12303
12313
12316
12318
12322
12333
12333
12335
12341
12344
12349
12353
12356
12376
12379
12398
12406
12410
12413
12413
12419
12430
12441
12442
12442
12443
12452
12453
12453
12454
12471
12483
12485
12486
12487
12496
12504
12505
12511
12512
12513
12514
12518
12518
12528
12528
12531
12537
12539
12539
12546
12554
12563
12568
12570
12588
12601
12602
12605
12607
12608
12609
12610
12614
12621
12631
12632
12657
12660
12674
12683
12701
12707
12712
12716
12717
12718
12720
12723
12724
12726
12731
12735
12736
12738
12741
12742
12743
12761
12761
12762
12770
12771
12779
12786
12792
12793
12811
12825
12834
12834
12844
12844
12855
12856
12857
12859
12863
12864
12867
12873
12874
12876
12888
12889
12893
12893
12893
12894
12901
12901
12902
12904
12908
12910
12914
12923
12924
12928
12929
12934
12934
12943
12944
12951
12956
12960
12964
12966
12967
12969
12979
12986
12992
13005
13006
13011
13025
13026
13028
13031
13034
13034
13038
13045
13059
13072
13082
13087
13088
13089
13092
13104
13108
13109
13116
13120
13121
13123
13129
13132
13133
13136
13138
13147
13149
13160
13160
13168
13174
13182
13182
13185
13192
13198
13200
13218
13230
13231
13232
13233
13235
13238
13238
13242
13242
13244
13246
13250
13251
13255
13259
13260
13264
13286
13295
13300
13309
13313
13316
13317
13325
13338
13341
13343
13346
13347
13351
13353
13360
13360
13365
13366
13367
13367
13368
13373
13379
13387
13391
13396
13400
13403
13404
13414
13417
13417
13446
13451
13457
13473
13479
13487
13492
13497
13501
13505
13506
13514
13523
13525
13534
13536
13547
13555
13556
13557
13576
13583
13585
13589
13590
13594
13597
13601
13602
13604
13605
13611
13615
13628
13633
13638
13652
13659
13661
13663
13670
13675
13688
13688
13696
13697
13698
13698
13706
13709
13719
13742
13746
13746
13756
13761
13764
13767
13773
13796
13797
13800
13807
13809
13813
13820
13821
13823
13825
13832
13833
13848
13851
13856
13858
13858
13859
13871
13887
13889
13895
13899
13901
13901
13903
13907
13911
13914
13916
13917
13935
13943
13946
13947
13960
13962
13966
13968
13972
13977
13978
13979
13996
13997
14003
14003
14003
14009
14011
14018
14018
14026
14027
14028
14041
14042
14046
14048
14048
14059
14065
14066
14071
14075
14080
14083
14091
14105
14114
14119
14120
14122
14127
14132
14136
14138
14139
14140
14143
14151
14153
14154
14155
14157
14158
14169
14177
14178
14188
14188
14188
14188
14188
14192
14199
14201
14202
14207
14210
14211
14213
14219
14222
14240
14243
14255
14255
14269
14274
14276
14276
14290
14290
14291
14293
14298
14324
14326
14327
14331
14333
14341
14344
14345
14349
14357
14362
14368
14369
14371
14376
14379
14382
14392
14404
14406
14406
14408
14409
14418
14423
14429
14435
14435
14437
14458
14472
14472
14473
14478
14485
14494
14494
14502
14503
14519
14524
14525
14533
14557
14560
14565
14574
14579
14582
14583
14593
14595
14600
14603
14604
14605
14615
14617
14618
14618
14624
14625
14629
14631
14649
14656
14661
14667
14672
14678
14682
14683
14684
14696
14701
14705
14709
14713
14715
14721
14725
14726
14726
14728
14728
14743
14743
14747
14749
14751
14754
14754
14755
14758
14765
14768
14775
14779
14779
14782
14786
14792
14799
14800
14806
14819
14822
14823
14827
14833
14834
14836
14836
14840
14840
14845
14846
14853
14870
14882
14886
14887
14891
14892
14898
14899
14908
14912
14927
14930
14932
14943
14948
14952
14956
14960
14964
14970
14971
14972
14983
14991
14993
14995
15003
15005
15010
15010
15011
15013
15016
15026
15026
15030
15032
15033
15035
15038
15051
15056
15061
15062
15062
15064
15072
15073
15075
15077
15078
15082
15086
15086
15101
15109
15113
15122
15125
15128
15131
15135
15136
15141
15146
15149
15150
15153
15159
15161
15165
15169
15182
15185
15193
15203
15206
15208
15210
15213
15214
15219
15222
15226
15234
15236
15267
15277
15278
15279
15280
15282
15285
15286
15313
15314
15320
15324
15324
15326
15337
15342
15344
15349
15366
15368
15378
15386
15389
15390
15391
15392
15393
15404
15405
15408
15410
15413
15446
15451
15457
15460
15468
15492
15492
15495
15495
15495
15502
15508
15509
15510
15516
15517
15519
15519
15519
15538
15541
15544
15546
15554
15556
15561
15571
15593
15599
15602
15614
15623
15630
15633
15639
15640
15640
15644
15647
15652
15653
15656
15656
15661
15661
15661
15662
15666
15672
15679
15679
15689
15690
15692
15692
15696
15707
15709
15709
15710
15711
15719
15720
15721
15721
15721
15729
15733
15734
15735
15740
15746
15748
15750
15754
15754
15755
15756
15761
15767
15771
15774
15797
15822
15824
15825
15827
15828
15832
15833
15834
15835
15843
15844
15846
15853
15858
15864
15873
15879
15881
15882
15883
15887
15888
15888
15918
15922
15932
15936
15938
15947
15948
15949
15951
15952
15953
15965
15968
15974
15977
15979
15991
16000
16006
16007
16008
16029
16033
16037
16041
16041
16044
16045
16051
16054
16056
16065
16067
16074
16076
16088
16100
16127
16129
16129
16130
16132
16133
16141
16145
16145
16148
16160
16169
16176
16180
16182
16185
16186
16188
16189
16190
16194
16197
16198
16200
16200
16210
16213
16216
16232
16250
16251
16256
16265
16266
16268
16268
16271
16279
16280
16286
16288
16292
16301
16304
16308
16311
16312
16320
16324
16330
16331
16332
16336
16336
16342
16348
16355
16361
16373
16374
16383
16387
16398
16398
16399
16414
16431
16437
16448
16454
16475
16475
16485
16497
16498
16502
16505
16508
16519
16521
16523
16534
16540
16540
16540
16546
16550
16560
16567
16570
16571
16586
16587
16587
16588
16591
16591
16592
16595
16598
16602
16617
16619
16625
16631
16641
16643
16646
16650
16656
16675
16676
16695
16697
16701
16709
16711
16713
16716
16719
16722
16728
16729
16742
16766
16784
16789
16790
16796
16797
16798
16799
16799
16805
16807
16808
16810
16816
16821
16822
16823
16824
16828
16830
16835
16841
16849
16849
16850
16851
16852
16861
16864
16872
16872
16875
16876
16877
16879
16888
16900
16903
16907
16915
16917
16944
16953
16953
16957
16958
16969
16973
16974
16981
16984
16996
17000
17003
17004
17005
17013
17017
17039
17040
17040
17043
17045
17052
17054
17055
17056
17056
17059
17064
17067
17068
17073
17074
17077
17077
17084
17089
17093
17106
17108
17113
17113
17124
17126
17128
17136
17145
17149
17152
17158
17160
17160
17163
17169
17174
17190
17192
17193
17198
17199
17200
17212
17217
17226
17228
17241
17246
17256
17256
17286
17288
17300
17305
17310
17313
17317
17321
17329
17333
17334
17338
17340
17341
17346
17347
17351
17355
17358
17374
17374
17385
17389
17390
17395
17396
17398
17405
17406
17416
17418
17420
17420
17426
17436
17445
17450
17454
17455
17461
17466
17471
17475
17477
17483
17491
17496
17498
17499
17508
17508
17508
17511
17515
17517
17523
17527
17531
17535
17538
17538
17540
17542
17544
17546
17547
17550
17557
17561
17561
17570
17573
17579
17583
17592
17595
17598
17600
17611
17613
17615
17622
17624
17631
17648
17653
17664
17669
17670
17687
17690
17690
17706
17712
17712
17722
17723
17727
17731
17732
17739
17741
17744
17746
17746
17756
17757
17757
17760
17778
17789
17790
17792
17794
17801
17806
17808
17817
17820
17821
17825
17826
17832
17835
17855
17864
17871
17881
17882
17887
17890
17891
17891
17895
17898
17899
17913
17923
17929
17933
17934
17938
17949
17949
17958
17960
17976
17979
17980
17982
17985
17987
17989
17990
17992
17997
18000
18015
18018
18028
18028
18031
18040
18041
18044
18046
18056
18059
18064
18066
18068
18072
18076
18078
18082
18084
18088
18095
18100
18102
18103
18115
18117
18118
18134
18137
18144
18163
18171
18171
18172
18174
18174
18175
18178
18181
18186
18194
18200
18203
18204
18214
18220
18221
18222
18230
18231
18233
18234
18242
18246
18259
18266
18268
18269
18276
18277
18279
18282
18289
18290
18296
18298
18299
18302
18311
18320
18330
18340
18340
18342
18344
18349
18351
18352
18354
18356
18358
18358
18361
18363
18364
18374
18379
18381
18381
18389
18391
18392
18392
18402
18405
18427
18432
18437
18439
18446
18463
18475
18476
18503
18504
18509
18513
18513
18525
18534
18534
18548
18549
18552
18558
18563
18575
18579
18582
18584
18594
18599
18600
18602
18602
18603
18607
18609
18619
18619
18626
18629
18641
18646
18647
18648
18649
18657
18664
18670
18675
18675
18677
18686
18689
18697
18700
18706
18708
18709
18709
18722
18738
18742
18758
18764
18774
18775
18775
18775
18788
18795
18798
18803
18806
18811
18814
18815
18819
18826
18827
18828
18828
18831
18835
18837
18837
18840
18842
18860
18879
18880
18882
18887
18889
18891
18896
18901
18901
18904
18929
18931
18940
18950
18952
18954
18965
18974
18988
18989
18994
18995
18995
18997
18998
19000
19000
19002
19003
19011
19014
19035
19048
19052
19056
19069
19070
19073
19077
19077
19079
19081
19082
19088
19089
19089
19092
19094
19117
19121
19122
19123
19125
19135
19146
19146
19153
19162
19162
19166
19167
19169
19175
19175
19175
19177
19177
19191
19192
19195
19196
19200
19203
19206
19206
19207
19207
19222
19227
19230
19247
19252
19252
19255
19259
19267
19270
19276
19276
19277
19288
19296
19298
19300
19303
19317
19321
19323
19324
19334
19334
19336
19355
19361
19361
19361
19363
19372
19373
19380
19385
19394
19396
19397
19413
19425
19429
19430
19431
19438
19440
19441
19445
19453
19456
19461
19465
19469
19471
19475
19492
19492
19496
19497
19503
19511
19523
19529
19530
19532
19535
19541
19549
19550
19562
19568
19571
19582
19588
19590
19591
19597
19598
19599
19600
19601
19606
19632
19636
19642
19643
19644
19647
19649
19655
19664
19666
19668
19675
19677
19684
19687
19688
19692
19693
19703
19703
19704
19708
19713
19719
19720
19725
19727
19728
19741
19744
19744
19764
19768
19771
19775
19784
19785
19786
19804
19804
19814
19822
19829
19836
19837
19837
19841
19851
19853
19859
19862
19867
19871
19871
19874
19875
19894
19912
19919
19925
19927
19927
19934
19935
19935
19937
19937
19944
19949
19950
19950
19956
19956
19957
19959
19959
19960
19966
19967
19970
19972
19974
19975
19977
19979
19981
19984
19988
19992
20000
20000
20012
20015
20024
20028
20031
20041
20045
20052
20061
20062
20065
20066
20069
20071
20073
20082
20084
20086
20088
20094
20107
20108
20110
20112
20119
20120
20125
20126
20127
20139
20142
20142
20145
20151
20159
20159
20162
20166
20172
20174
20174
20189
20189
20192
20198
20201
20205
20205
20209
20211
20221
20221
20234
20237
20237
20237
20239
20239
20242
20247
20251
20262
20288
20291
20296
20307
20312
20313
20321
20324
20325
20326
20334
20336
20343
20345
20351
20356
20356
20357
20362
20363
20389
20390
20390
20394
20396
20398
20401
20409
20423
20426
20429
20439
20440
20451
20454
20455
20457
20464
20468
20468
20473
20482
20484
20485
20487
20488
20521
20530
20530
20535
20542
20559
20561
20562
20565
20569
20572
20580
20582
20583
20583
20586
20587
20591
20592
20592
20593
20597
20604
20607
20608
20608
20614
20615
20621
20622
20640
20642
20654
20654
20670
20678
20680
20681
20684
20686
20691
20694
20703
20705
20706
20706
20710
20712
20727
20746
20761
20764
20764
20768
20772
20778
20780
20795
20802
20805
20819
20824
20828
20841
20845
20849
20853
20859
20859
20864
20874
20875
20877
20877
20880
20881
20884
20889
20892
20895
20900
20903
20904
20911
20917
20918
20920
20921
20926
20930
20936
20939
20943
20948
20950
20951
20953
20956
20965
20969
20972
20976
20981
20990
20998
21001
21004
21019
21020
21027
21040
21047
21048
21049
21051
21053
21054
21055
21065
21068
21070
21081
21090
21094
21098
21103
21103
21105
21105
21106
21114
21133
21150
21153
21157
21160
21163
21172
21178
21188
21190
21191
21199
21200
21205
21218
21221
21225
21237
21237
21238
21240
21241
21242
21243
21250
21254
21265
21265
21276
21284
21288
21289
21291
21293
21295
21299
21302
21302
21304
21309
21314
21335
21335
21351
21354
21358
21360
21362
21362
21382
21388
21393
21395
21403
21404
21410
21415
21433
21437
21443
21443
21444
21444
21448
21454
21455
21459
21460
21462
21465
21465
21466
21466
21469
21473
21475
21475
21476
21481
21482
21487
21491
21500
21501
21503
21514
21524
21528
21545
21557
21560
21564
21567
21591
21598
21615
21619
21626
21642
21645
21647
21648
21656
21665
21666
21666
21668
21678
21678
21697
21699
21699
21700
21701
21701
21702
21702
21704
21704
21705
21712
21713
21717
21720
21725
21726
21727
21728
21729
21733
21734
21734
21744
21762
21783
21784
21788
21794
21802
21803
21808
21815
21818
21819
21832
21850
21856
21858
21860
21864
21870
21873
21876
21882
21886
21888
21889
21898
21899
21906
21911
21915
21923
21929
21938
21945
21965
21965
21966
21968
21974
21978
21983
21983
22000
22004
22011
22018
22025
22031
22035
22040
22044
22046
22048
22048
22053
22063
22066
22069
22075
22079
22082
22082
22084
22084
22087
22092
22094
22098
22098
22110
22110
22111
22113
22115
22118
22119
22120
22121
22125
22125
22128
22128
22131
22132
22136
22143
22151
22154
22156
22158
22176
22178
22191
22205
22225
22237
22242
22243
22252
22261
22261
22261
22262
22268
22269
22278
22279
22282
22289
22292
22318
22319
22321
22323
22326
22330
22350
22356
22366
22368
22370
22371
22375
22381
22384
22385
22386
22391
22392
22394
22401
22409
22410
22412
22416
22421
22422
22430
22435
22439
22444
22449
22457
22463
22466
22486
22490
22496
22498
22509
22509
22510
22519
22519
22520
22522
22526
22536
22541
22543
22546
22548
22551
22566
22571
22572
22573
22577
22597
22602
22603
22614
22615
22618
22620
22621
22626
22631
22632
22637
22638
22652
22653
22653
22655
22658
22665
22668
22671
22674
22679
22704
22711
22712
22715
22720
22722
22728
22736
22738
22759
22762
22768
22771
22772
22775
22788
22793
22793
22794
22808
22811
22812
22819
22826
22828
22831
22834
22836
22837
22842
22847
22850
22857
22858
22870
22874
22877
22882
22884
22890
22898
22898
22899
22900
22903
22903
22907
22907
22908
22911
22924
22942
22942
22943
22954
22956
22961
22962
22966
22972
22984
22990
22992
22995
22998
23005
23010
23012
23015
23020
23026
23032
23032
23032
23034
23052
23055
23059
23059
23060
23061
23062
23070
23072
23080
23082
23083
23084
23088
23089
23093
23096
23109
23110
23122
23126
23127
23135
23139
23152
23154
23157
23160
23162
23166
23170
23172
23181
23183
23187
23191
23192
23202
23202
23205
23218
23219
23224
23238
23238
23250
23271
23272
23275
23286
23291
23291
23309
23322
23337
23338
23341
23348
23364
23369
23378
23380
23380
23382
23384
23384
23390
23394
23396
23416
23420
23424
23424
23445
23445
23448
23450
23459
23462
23484
23497
23504
23511
23512
23515
23516
23517
23520
23527
23529
23530
23541
23544
23545
23550
23558
23564
23568
23573
23583
23589
23598
23600
23601
23604
23610
23613
23617
23619
23624
23627
23627
23631
23639
23642
23642
23644
23646
23656
23662
23675
23680
23682
23682
23693
23699
23700
23702
23708
23718
23720
23722
23722
23726
23731
23739
23743
23747
23751
23755
23755
23760
23767
23775
23784
23790
23797
23799
23804
23810
23812
23818
23822
23837
23842
23849
23849
23850
23850
23857
23859
23861
23864
23871
23872
23879
23884
23888
23903
23904
23915
23915
23917
23920
23926
23930
23940
23940
23948
23989
23993
23994
23997
24008
24011
24016
24017
24019
24034
24038
24043
24044
24045
24045
24050
24053
24063
24070
24070
24076
24077
24087
24090
24090
24092
24097
24098
24098
24101
24104
24105
24105
24109
24117
24121
24129
24132
24133
24135
24142
24144
24148
24155
24160
24160
24163
24171
24177
24190
24196
24203
24204
24238
24255
24258
24263
24264
24282
24286
24291
24292
24300
24303
24307
24307
24309
24316
24318
24318
24325
24327
24329
24354
24362
24365
24365
24368
24372
24373
24375
24378
24381
24382
24383
24384
24402
24413
24415
24428
24429
24436
24451
24452
24453
24459
24460
24463
24468
24474
24482
24486
24491
24497
24502
24504
24508
24508
24511
24514
24514
24518
24521
24524
24533
24563
24567
24571
24571
24572
24573
24574
24588
24601
24609
24622
24622
24623
24624
24626
24629
24633
24634
24638
24644
24647
24650
24650
24659
24661
24670
24670
24675
24681
24688
24690
24693
24704
24709
24710
24711
24713
24721
24730
24740
24743
24748
24761
24766
24793
24794
24805
24807
24829
24832
24832
24834
24840
24846
24848
24852
24864
24876
24879
24881
24889
24891
24893
24893
24901
24908
24912
24915
24920
24922
24943
24943
24947
24951
24963
24964
24969
24970
24975
24978
24980
24996
24997
25000
25018
25021
25022
25025
25025
25029
25034
25039
25070
25072
25084
25091
25091
25099
25100
25100
25111
25118
25125
25126
25139
25145
25145
25164
25168
25173
25175
25184
25193
25198
25201
25204
25218
25219
25230
25235
25243
25246
25253
25253
25261
25264
25274
25276
25276
25280
25280
25280
25284
25286
25294
25295
25296
25301
25307
25307
25307
25312
25315
25319
25325
25338
25340
25348
25352
25353
25359
25364
25366
25367
25369
25372
25381
25384
25390
25398
25402
25405
25408
25411
25411
25413
25421
25423
25426
25426
25427
25427
25431
25435
25442
25443
25458
25459
25459
25477
25479
25482
25482
25487
25488
25494
25500
25503
25510
25515
25521
25521
25523
25532
25534
25534
25542
25543
25544
25545
25546
25546
25548
25551
25554
25585
25586
25591
25596
25603
25612
25627
25628
25632
25649
25652
25659
25659
25666
25680
25680
25681
25683
25684
25688
25708
25709
25727
25733
25740
25740
25745
25747
25747
25748
25766
25771
25773
25779
25783
25788
25789
25795
25797
25797
25801
25803
25806
25813
25817
25817
25820
25823
25824
25826
25837
25839
25841
25841
25841
25843
25845
25846
25849
25849
25854
25855
25866
25868
25889
25901
25906
25907
25911
25919
25923
25924
25924
25926
25927
25928
25942
25946
25949
25963
25976
25977
25978
25985
25986
25998
25999
26000
26004
26012
26013
26013
26014
26019
26038
26044
26047
26050
26051
26059
26060
26062
26071
26084
26087
26100
26102
26104
26110
26111
26113
26116
26116
26128
26130
26131
26138
26146
26153
26175
26177
26177
26189
26190
26191
26193
26198
26204
26213
26216
26219
26232
26237
26238
26241
26242
26242
26244
26250
26261
26263
26268
26274
26274
26281
26283
26286
26287
26301
26305
26323
26325
26326
26329
26331
26333
26336
26338
26349
26356
26357
26372
26375
26380
26381
26383
26386
26389
26394
26394
26398
26399
26401
26402
26422
26425
26426
26435
26447
26447
26448
26458
26458
26474
26484
26486
26487
26490
26491
26497
26500
26505
26505
26510
26517
26518
26521
26530
26533
26539
26550
26556
26562
26562
26576
26580
26590
26594
26596
26598
26599
26610
26613
26616
26617
26621
26623
26625
26636
26640
26645
26647
26649
26651
26656
26663
26674
26679
26681
26682
26685
26695
26697
26699
26701
26705
26710
26719
26729
26730
26731
26731
26743
26752
26756
26756
26761
26765
26775
26775
26776
26779
26784
26786
26793
26793
26798
26808
26816
26816
26819
26822
26823
26828
26829
26845
26858
26859
26860
26862
26865
26871
26872
26887
26899
26916
26917
26926
26926
26939
26945
26950
26962
26965
26974
26982
26982
26983
26984
26988
26999
27001
27007
27011
27016
27023
27026
27045
27047
27060
27060
27070
27079
27082
27083
27084
27085
27088
27090
27092
27094
27094
27124
27132
27143
27148
27148
27150
27152
27152
27157
27164
27167
27177
27182
27183
27189
27194
27201
27208
27208
27212
27217
27221
27232
27235
27244
27249
27256
27259
27260
27267
27273
27277
27277
27280
27284
27285
27289
27301
27313
27330
27331
27341
27342
27354
27358
27359
27360
27367
27385
27388
27391
27393
27401
27402
27403
27417
27419
27420
27424
27426
27432
27435
27443
27444
27449
27452
27457
27460
27470
27475
27477
27484
27491
27500
27501
27505
27507
27513
27515
27517
27527
27533
27533
27547
27548
27550
27550
27550
27553
27561
27564
27581
27583
27587
27590
27594
27598
27600
27603
27622
27624
27631
27638
27646
27648
27653
27657
27659
27660
27675
27678
27682
27683
27685
27685
27689
27702
27705
27715
27716
27717
27720
27732
27737
27737
27749
27763
27776
27779
27789
27791
27793
27816
27819
27822
27830
27838
27840
27841
27849
27849
27875
27875
27877
27880
27881
27882
27882
27886
27886
27892
27901
27910
27913
27927
27930
27945
27954
27958
27960
27961
27961
27979
27984
27987
27995
28006
28013
28020
28020
28021
28023
28024
28031
28032
28032
28039
28042
28048
28059
28059
28061
28062
28064
28074
28076
28095
28101
28117
28119
28120
28121
28130
28132
28135
28136
28141
28149
28158
28159
28175
28188
28192
28193
28194
28205
28225
28233
28245
28247
28248
28256
28266
28275
28277
28283
28284
28294
28295
28296
28303
28305
28308
28325
28327
28331
28339
28341
28341
28353
28366
28367
28368
28376
28386
28397
28398
28399
28406
28414
28415
28418
28422
28422
28424
28426
28427
28437
28437
28446
28455
28460
28477
28494
28510
28514
28515
28517
28526
28528
28534
28539
28540
28541
28542
28544
28546
28568
28587
28587
28597
28598
28600
28602
28606
28609
28619
28624
28626
28633
28638
28640
28641
28641
28650
28654
28655
28668
28672
28673
28675
28686
28691
28692
28703
28715
28723
28724
28734
28735
28737
28760
28775
28791
28793
28796
28797
28803
28804
28808
28814
28823
28828
28828
28828
28836
28838
28841
28850
28852
28862
28864
28870
28875
28894
28895
28897
28900
28901
28902
28907
28907
28909
28912
28912
28924
28926
28934
28938
28940
28941
28946
28959
28960
28963
28966
28971
28973
28978
28985
28989
28989
28994
28997
28999
29006
29008
29010
29012
29016
29022
29024
29028
29034
29040
29047
29053
29058
29062
29066
29067
29076
29077
29084
29088
29090
29092
29096
29100
29103
29109
29118
29121
29125
29125
29127
29128
29140
29142
29145
29169
29169
29173
29175
29187
29193
29193
29195
29195
29201
29212
29214
29221
29227
29234
29248
29248
29250
29257
29263
29284
29286
29286
29288
29288
29293
29300
29304
29307
29308
29311
29313
29318
29335
29344
29345
29348
29349
29353
29355
29359
29376
29388
29390
29392
29396
29406
29407
29408
29408
29410
29410
29415
29417
29420
29421
29426
29428
29429
29442
29442
29444
29446
29461
29465
29476
29489
29490
29493
29496
29503
29505
29510
29514
29536
29545
29550
29568
29570
29571
29572
29594
29599
29605
29606
29606
29606
29609
29609
29619
29626
29630
29638
29641
29645
29656
29658
29664
29664
29665
29667
29669
29671
29673
29673
29685
29687
29695
29704
29711
29714
29719
29722
29725
29727
29730
29747
29754
29769
29771
29773
29777
29778
29781
29785
29792
29795
29802
29805
29805
29813
29818
29820
29820
29823
29830
29833
29835
29842
29847
29855
29856
29859
29860
29866
29881
29882
29886
29886
29904
29905
29916
29921
29924
29925
29931
29937
29940
29945
29956
29957
29960
29963
29965
29979
29982
29990
29995
29995
30005
30014
30026
30029
30030
30030
30038
30040
30042
30048
30049
30070
30073
30074
30074
30074
30075
30075
30076
30077
30079
30080
30082
30088
30090
30092
30095
30106
30107
30112
30117
30126
30133
30143
30143
30154
30155
30156
30166
30169
30175
30178
30180
30191
30191
30191
30197
30197
30201
30208
30212
30218
30220
30239
30244
30248
30257
30264
30283
30291
30292
30293
30297
30302
30306
30307
30310
30311
30314
30324
30329
30330
30345
30352
30361
30368
30368
30370
30375
30381
30382
30387
30396
30405
30415
30417
30420
30424
30439
30441
30441
30468
30485
30486
30499
30521
30525
30528
30530
30534
30542
30542
30559
30568
30572
30578
30580
30581
30589
30597
30600
30604
30606
30609
30613
30615
30621
30626
30627
30628
30630
30656
30660
30667
30667
30672
30685
30692
30697
30699
30701
30718
30720
30720
30721
30730
30743
30747
30773
30778
30819
30820
30829
30835
30841
30841
30849
30853
30859
30870
30873
30881
30891
30893
30897
30909
30910
30911
30915
30928
30939
30940
30946
30948
30952
30954
30954
30957
30958
30964
30969
30974
30978
30983
30999
30999
31005
31009
31010
31011
31015
31027
31028
31030
31040
31041
31046
31057
31063
31067
31070
31071
31071
31071
31073
31079
31084
31091
31092
31092
31092
31093
31104
31107
31113
31114
31115
31115
31118
31119
31127
31128
31133
31134
31146
31151
31158
31163
31174
31182
31194
31212
31218
31220
31221
31222
31223
31225
31225
31235
31239
31242
31247
31252
31252
31254
31256
31257
31268
31275
31277
31279
31290
31309
31326
31339
31345
31349
31356
31376
31377
31383
31383
31388
31389
31403
31407
31415
31418
31421
31426
31428
31431
31433
31440
31440
31450
31454
31465
31465
31480
31481
31488
31490
31493
31498
31499
31500
31508
31512
31516
31525
31531
31535
31539
31541
31543
31549
31552
31557
31560
31562
31565
31570
31577
31579
31581
31583
31587
31587
31587
31589
31595
31598
31598
31598
31601
31602
31604
31617
31619
31620
31621
31625
31631
31640
31642
31649
31664
31664
31674
31675
31682
31685
31687
31702
31704
31707
31708
31711
31719
31724
31729
31740
31745
31747
31764
31766
31772
31773
31775
31777
31782
31799
31804
31804
31822
31831
31834
31838
31839
31850
31854
31855
31857
31866
31871
31878
31881
31896
31897
31900
31902
31903
31904
31910
31914
31914
31914
31916
31917
31930
31931
31937
31942
31964
31969
31982
31986
31988
31993
31993
31995
31997
31997
32000
32001
32008
32010
32015
32033
32034
32038
32045
32048
32050
32053
32059
32059
32062
32073
32079
32098
32107
32109
32115
32116
32119
32123
32141
32144
32145
32146
32148
32152
32156
32157
32160
32167
32174
32181
32181
32182
32194
32201
32204
32207
32211
32212
32214
32218
32236
32242
32244
32247
32248
32248
32253
32262
32264
32270
32270
32271
32271
32275
32289
32289
32290
32290
32292
32294
32295
32311
32312
32312
32323
32326
32328
32336
32337
32337
32340
32342
32343
32347
32349
32355
32356
32370
32385
32388
32390
32404
32417
32429
32430
32431
32433
32445
32445
32448
32452
32456
32460
32460
32460
32464
32466
32474
32489
32498
32502
32511
32515
32519
32528
32536
32541
32548
32551
32553
32558
32561
32566
32573
32574
32577
32585
32586
32587
32590
32597
32598
32601
32605
32612
32613
32622
32636
32640
32649
32649
32650
32651
32659
32661
32664
32666
32680
32706
32717
32721
32723
32730
32731
32741
32744
32748
32750
32752
32755
32759
32765
