0
0
0
7
47
50
58
58
64
66
92
98
102
105
141
152
168
169
176
184
191
198
212
221
222
225
230
246
251
255
275
278
280
280
280
288
296
300
305
311
313
314
321
330
337
366
386
390
404
406
426
439
440
440
451
473
475
478
479
487
489
492
495
498
578
581
591
595
602
607
611
614
615
621
626
631
647
662
668
672
684
695
701
701
710
711
720
727
729
733
740
741
751
753
771
775
789
797
812
812
818
819
828
842
844
846
850
856
861
890
895
895
899
902
910
912
932
946
959
966
1013
1051
1052
1058
1094
1100
1103
1115
1118
1147
1157
1163
1165
1176
1185
1196
1198
1230
1232
1236
1255
1257
1274
1283
1299
1311
1312
1337
1351
1354
1362
1367
1374
1380
1388
1391
1392
1396
1415
1426
1429
1439
1439
1440
1446
1463
1486
1504
1506
1514
1523
1523
1528
1531
1531
1547
1573
1586
1588
1600
1601
1603
1609
1612
1613
1615
1619
1623
1624
1625
1628
1640
1641
1646
1656
1663
1663
1666
1674
1679
1680
1697
1699
1701
1713
1726
1730
1732
1741
1754
1762
1767
1768
1779
1807
1808
1822
1829
1838
1848
1849
1850
1854
1854
1864
1878
1879
1916
1916
1919
1924
1925
1930
1934
1948
1966
1966
1973
1973
1976
1991
1996
2040
2040
2043
2049
2068
2072
2076
2080
2093
2121
2126
2164
2166
2191
2196
2219
2221
2223
2242
2244
2244
2279
2293
2299
2308
2331
2349
2349
2356
2380
2387
2403
2416
2422
2423
2429
2435
2443
2445
2456
2457
2464
2480
2516
2534
2549
2565
2576
2585
2589
2615
2619
2619
2635
2655
2656
2658
2659
2659
2659
2661
2676
2705
2706
2714
2718
2726
2738
2740
2751
2772
2788
2790
2791
2792
2821
2840
2860
2884
2890
2894
2903
2908
2910
2933
2967
2985
3001
3009
3024
3034
3051
3063
3064
3077
3085
3091
3097
3112
3112
3113
3121
3124
3133
3142
3155
3167
3168
3169
3172
3174
3183
3183
3189
3190
3193
3196
3227
3241
3255
3282
3294
3302
3314
3316
3337
3340
3377
3387
3388
3428
3432
3432
3441
3462
3513
3550
3551
3562
3563
3580
3583
3587
3598
3615
3623
3625
3629
3633
3642
3658
3672
3677
3682
3685
3690
3696
3701
3710
3724
3728
3733
3745
3768
3772
3773
3795
3800
3810
3810
3822
3832
3838
3845
3852
3852
3853
3856
3861
3872
3877
3891
3911
3913
3920
3931
3933
3954
3968
3976
3978
3984
3986
3989
3994
4018
4026
4035
4067
4078
4079
4098
4108
4116
4117
4122
4129
4137
4139
4162
4192
4197
4205
4219
4261
4262
4275
4278
4279
4291
4295
4297
4312
4351
4379
4381
4397
4402
4404
4414
4428
4429
4440
4442
4460
4467
4468
4469
4472
4480
4492
4503
4522
4526
4541
4549
4567
4567
4590
4592
4593
4602
4605
4634
4634
4634
4645
4648
4652
4668
4677
4684
4688
4693
4703
4708
4708
4708
4726
4751
4761
4768
4777
4779
4787
4791
4804
4815
4827
4831
4834
4839
4854
4864
4887
4888
4889
4901
4910
4911
4929
4930
4934
4938
4956
4968
4983
4984
4987
4994
5006
5012
5020
5027
5049
5056
5058
5070
5072
5075
5081
5105
5105
5107
5107
5108
5109
5146
5147
5156
5169
5177
5179
5181
5188
5192
5202
5217
5225
5245
5247
5260
5261
5266
5276
5288
5300
5304
5332
5341
5352
5362
5363
5369
5396
5415
5424
5427
5449
5450
5454
5460
5473
5477
5481
5494
5495
5512
5513
5515
5525
5529
5530
5537
5543
5548
5549
5566
5583
5593
5612
5623
5624
5627
5645
5647
5648
5649
5653
5657
5674
5675
5682
5689
5692
5692
5711
5719
5725
5732
5734
5735
5745
5747
5769
5779
5782
5793
5807
5817
5827
5868
5883
5887
5893
5895
5895
5933
5944
5948
5949
5954
5961
5964
5987
5998
6014
6018
6034
6036
6037
6056
6060
6063
6067
6087
6128
6135
6147
6147
6147
6152
6182
6195
6209
6210
6216
6235
6239
6242
6254
6257
6269
6271
6311
6317
6327
6333
6334
6339
6346
6350
6363
6366
6369
6374
6382
6386
6389
6401
6403
6403
6416
6424
6442
6459
6467
6473
6482
6482
6501
6501
6508
6515
6522
6539
6546
6549
6568
6583
6608
6628
6629
6631
6649
6664
6669
6672
6676
6679
6691
6716
6724
6734
6739
6762
6770
6790
6795
6806
6816
6825
6831
6831
6854
6864
6865
6870
6890
6895
6916
6947
6957
6959
6966
6983
6994
6995
7000
7005
7013
7029
7032
7040
7049
7062
7073
7075
7087
7096
7104
7106
7115
7120
7122
7124
7128
7136
7141
7144
7149
7164
7171
7171
7178
7180
7181
7182
7187
7192
7196
7205
7209
7209
7212
7222
7230
7240
7254
7255
7318
7324
7328
7333
7336
7338
7347
7375
7381
7383
7390
7396
7412
7416
7425
7447
7463
7464
7467
7480
7485
7492
7508
7512
7513
7531
7535
7539
7540
7541
7549
7554
7555
7555
7562
7570
7570
7573
7588
7589
7595
7604
7604
7605
7615
7616
7631
7632
7651
7672
7680
7681
7708
7733
7751
7762
7768
7770
7784
7796
7818
7828
7830
7831
7833
7836
7837
7844
7888
7896
7909
7913
7916
7918
7935
7935
7945
7946
7947
7948
7952
7956
7957
7959
7964
7969
7973
7974
8009
8010
8011
8011
8027
8034
8036
8039
8047
8049
8058
8060
8061
8064
8066
8073
8083
8087
8089
8104
8110
8133
8143
8149
8171
8176
8187
8207
8223
8231
8239
8244
8245
8246
8253
8272
8280
8296
8300
8302
8324
8355
8356
8363
8366
8371
8398
8400
8405
8426
8433
8442
8449
8452
8456
8471
8514
8515
8517
8518
8520
8553
8556
8561
8562
8566
8571
8581
8599
8600
8602
8622
8626
8632
8657
8660
8661
8673
8683
8706
8708
8731
8732
8752
8756
8756
8770
8772
8775
8778
8783
8800
8827
8832
8851
8854
8859
8874
8879
8881
8887
8905
8910
8912
8928
8933
8967
8981
8998
9026
9031
9052
9053
9054
9077
9095
9095
9096
9101
9109
9110
9152
9165
9189
9190
9201
9206
9216
9218
9226
9227
9232
9240
9243
9249
9282
9294
9300
9301
9306
9307
9311
9320
9334
9341
9344
9348
9348
9353
9357
9359
9359
9364
9375
9376
9388
9388
9389
9408
9429
9434
9448
9463
9477
9486
9498
9500
9510
9515
9525
9527
9531
9548
9560
9566
9582
9592
9593
9595
9605
9607
9623
9628
9638
9639
9656
9691
9693
9696
9703
9707
9710
9712
9720
9723
9724
9732
9734
9735
9739
9749
9751
9758
9770
9789
9806
9829
9835
9841
9843
9844
9845
9849
9858
9867
9867
9868
9878
9898
9904
9906
9919
9922
9937
9946
9948
9949
9965
9973
9991
10003
10009
10015
10018
10020
10036
10036
10062
10072
10074
10079
10081
10092
10106
10110
10112
10115
10116
10124
10133
10143
10159
10166
10169
10180
10180
10182
10183
10211
10220
10247
10255
10262
10270
10272
10278
10291
10302
10334
10343
10349
10350
10353
10364
10376
10377
10408
10413
10418
10423
10439
10439
10477
10484
10504
10509
10516
10535
10544
10546
10549
10556
10556
10570
10572
10583
10598
10613
10618
10622
10622
10644
10647
10652
10665
10671
10677
10688
10688
10689
10700
10712
10715
10729
10733
10739
10746
10766
10767
10773
10782
10802
10807
10811
10811
10818
10820
10832
10834
10844
10868
10882
10889
10898
10899
10906
10924
10929
10932
10934
10948
10953
10963
10988
10990
10993
11019
11027
11029
11034
11039
11061
11062
11068
11071
11082
11086
11099
11106
11109
11117
11125
11135
11137
11144
11163
11187
11194
11197
11205
11206
11218
11218
11228
11228
11234
11249
11250
11276
11280
11280
11287
11287
11295
11299
11304
11305
11320
11334
11373
11395
11410
11413
11418
11421
11429
11432
11442
11448
11454
11458
11462
11465
11466
11485
11489
11495
11499
11502
11506
11513
11525
11540
11577
11581
11616
11630
11630
11635
11649
11659
11662
11663
11665
11677
11679
11690
11698
11700
11702
11707
11725
11727
11732
11751
11757
11778
11783
11785
11817
11819
11849
11864
11873
11875
11876
11894
11903
11904
11951
11965
11975
11980
11981
11984
11989
11999
12012
12027
12034
12042
12043
12043
12047
12061
12081
12082
12084
12088
12105
12112
12126
12133
12152
12155
12159
12166
12166
12174
12177
12200
12206
12211
12213
12214
12219
12230
12239
12239
12240
12247
12247
12253
12253
12257
12261
12265
12279
12310
12314
12344
12352
12368
12370
12370
12372
12376
12396
12398
12418
12430
12438
12450
12477
12480
12494
12497
12499
12505
12517
12519
12532
12535
12538
12539
12547
12558
12568
12573
12585
12588
12603
12607
12610
12657
12661
12682
12722
12729
12749
12761
12782
12793
12794
12796
12801
12805
12811
12826
12845
12850
12853
12865
12866
12872
12900
12901
12924
12929
12933
12950
12956
12977
12980
12985
12985
12995
13005
13033
13040
13050
13058
13068
13068
13070
13071
13081
13083
13090
13094
13097
13109
13112
13115
13116
13116
13133
13151
13151
13161
13175
13178
13181
13182
13204
13206
13218
13226
13232
13237
13257
13258
13283
13305
13307
13315
13316
13321
13339
13345
13346
13373
13377
13390
13415
13423
13429
13435
13438
13451
13463
13469
13474
13478
13493
13494
13498
13504
13505
13506
13516
13516
13536
13543
13543
13545
13548
13555
13575
13579
13582
13583
13589
13591
13594
13595
13597
13597
13623
13623
13643
13646
13646
13659
13685
13692
13693
13715
13716
13730
13732
13740
13744
13750
13752
13768
13798
13813
13817
13821
13853
13861
13875
13880
13885
13924
13927
13930
13935
13941
13943
13957
13963
13980
13987
13996
14007
14013
14014
14018
14018
14028
14031
14039
14060
14073
14106
14109
14111
14129
14144
14159
14172
14174
14175
14182
14185
14187
14241
14242
14246
14251
14252
14256
14264
14274
14285
14302
14305
14320
14322
14326
14327
14331
14340
14354
14361
14362
14366
14388
14405
14410
14421
14422
14435
14437
14439
14477
14483
14490
14502
14513
14516
14527
14530
14534
14542
14554
14555
14567
14572
14578
14627
14628
14630
14630
14653
14655
14655
14660
14666
14700
14703
14730
14740
14741
14742
14742
14760
14764
14779
14789
14804
14818
14825
14844
14845
14850
14850
14860
14871
14877
14885
14898
14901
14917
14930
14947
14953
14958
14959
14965
14992
15005
15015
15062
15072
15081
15083
15093
15129
15129
15135
15137
15148
15180
15194
15199
15228
15247
15274
15294
15298
15299
15308
15318
15333
15355
15355
15357
15373
15396
15402
15411
15416
15417
15442
15473
15481
15482
15485
15492
15507
15507
15520
15522
15534
15552
15556
15565
15565
15572
15601
15601
15603
15612
15625
15629
15632
15642
15647
15656
15663
15680
15687
15688
15703
15720
15730
15730
15737
15745
15758
15764
15778
15804
15805
15816
15819
15826
15826
15829
15830
15848
15894
15898
15901
15908
15910
15913
15950
15950
15968
15993
15994
16000
16000
16001
16018
16026
16049
16052
16060
16065
16067
16073
16074
16121
16122
16144
16160
16160
16161
16176
16183
16184
16205
16206
16214
16219
16220
16229
16232
16256
16260
16276
16277
16282
16285
16294
16297
16315
16322
16322
16325
16328
16336
16366
16373
16405
16416
16448
16475
16485
16493
16495
16500
16504
16508
16513
16514
16539
16539
16557
16579
16595
16597
16603
16610
16613
16613
16626
16629
16629
16634
16637
16637
16644
16650
16655
16661
16663
16669
16676
16677
16679
16683
16687
16699
16706
16714
16723
16731
16741
16743
16743
16752
16754
16758
16768
16773
16816
16823
16836
16837
16841
16843
16846
16852
16855
16859
16866
16884
16887
16889
16901
16924
16926
16932
16935
16944
16947
16950
16957
16972
16983
16986
17000
17005
17009
17061
17064
17069
17070
17070
17078
17085
17098
17109
17110
17123
17123
17127
17135
17144
17153
17161
17174
17198
17203
17204
17236
17244
17253
17262
17276
17283
17298
17305
17313
17321
17333
17336
17345
17349
17362
17365
17366
17396
17400
17409
17414
17456
17468
17469
17476
17508
17517
17519
17526
17529
17537
17548
17550
17564
17581
17587
17587
17594
17612
17617
17619
17626
17628
17631
17632
17632
17634
17635
17637
17645
17663
17668
17675
17693
17696
17697
17697
17698
17702
17735
17735
17743
17748
17762
17763
17803
17816
17824
17838
17845
17845
17864
17864
17874
17877
17888
17889
17904
17914
17918
17925
17927
17937
17938
17949
17965
17978
17987
17995
18003
18011
18018
18019
18031
18042
18060
18064
18064
18073
18089
18094
18098
18099
18112
18120
18123
18130
18134
18153
18154
18154
18159
18161
18165
18166
18179
18182
18190
18199
18203
18207
18215
18216
18229
18246
18271
18280
18287
18297
18309
18314
18317
18323
18337
18338
18342
18345
18381
18384
18398
18453
18496
18510
18511
18525
18543
18551
18551
18569
18571
18573
18578
18598
18603
18610
18617
18637
18645
18647
18649
18656
18656
18663
18671
18673
18710
18737
18740
18744
18752
18754
18754
18761
18765
18770
18789
18810
18816
18823
18823
18831
18847
18849
18861
18869
18873
18883
18887
18896
18899
18902
18908
18911
18911
18932
18940
18941
18944
18957
18970
19000
19003
19009
19010
19023
19024
19028
19029
19035
19039
19042
19044
19051
19069
19070
19091
19092
19099
19112
19113
19122
19158
19178
19179
19189
19203
19235
19244
19251
19255
19260
19290
19294
19310
19312
19314
19321
19325
19332
19336
19337
19338
19346
19350
19366
19369
19372
19379
19388
19391
19398
19400
19401
19406
19415
19425
19435
19435
19435
19462
19483
19484
19494
19506
19508
19524
19528
19535
19553
19559
19566
19582
19585
19597
19625
19626
19629
19630
19633
19642
19647
19664
19665
19671
19680
19685
19688
19694
19717
19737
19745
19751
19770
19789
19813
19845
19846
19852
19856
19859
19863
19868
19887
19888
19898
19906
19917
19940
19944
19944
19946
19951
19975
19976
19979
19983
19984
19990
19993
20003
20011
20034
20054
20058
20059
20061
20084
20093
20103
20108
20114
20117
20138
20139
20147
20160
20161
20163
20186
20211
20224
20253
20264
20265
20282
20289
20309
20322
20325
20334
20335
20338
20371
20371
20374
20387
20388
20411
20417
20419
20437
20451
20464
20494
20518
20524
20530
20538
20564
20572
20586
20605
20607
20614
20632
20634
20636
20691
20700
20703
20706
20709
20714
20737
20753
20766
20779
20784
20788
20824
20832
20852
20855
20865
20872
20886
20890
20898
20919
20924
20935
20937
20939
20943
20947
20950
20964
20975
20988
21000
21005
21015
21021
21024
21033
21038
21047
21048
21053
21056
21058
21058
21088
21099
21101
21106
21110
21112
21137
21145
21168
21170
21180
21190
21213
21216
21217
21224
21232
21255
21260
21263
21276
21296
21315
21320
21337
21337
21341
21348
21355
21364
21373
21403
21411
21418
21444
21447
21449
21452
21454
21457
21460
21474
21475
21486
21489
21490
21495
21515
21526
21528
21530
21533
21544
21551
21555
21555
21567
21568
21577
21581
21585
21586
21603
21607
21649
21658
21659
21688
21711
21712
21733
21736
21775
21776
21781
21788
21790
21809
21809
21810
21820
21828
21829
21831
21840
21853
21854
21880
21881
21886
21899
21915
21917
21920
21923
21929
21953
21963
21965
21977
21980
22027
22032
22044
22047
22055
22078
22078
22090
22092
22105
22124
22130
22131
22144
22145
22174
22198
22213
22213
22219
22223
22235
22237
22242
22243
22253
22254
22258
22263
22272
22324
22324
22330
22336
22343
22345
22367
22389
22404
22416
22419
22423
22428
22428
22430
22432
22433
22458
22459
22470
22485
22490
22495
22505
22520
22534
22550
22561
22566
22577
22577
22593
22605
22608
22610
22611
22614
22641
22641
22657
22677
22688
22696
22708
22713
22713
22719
22724
22727
22734
22736
22741
22741
22746
22746
22753
22778
22779
22786
22820
22821
22828
22837
22860
22862
22864
22874
22885
22892
22897
22900
22906
22920
22920
22931
22932
22932
22936
22946
22959
22974
22994
23002
23016
23019
23027
23034
23061
23063
23064
23067
23073
23075
23081
23086
23088
23095
23120
23131
23150
23155
23155
23173
23177
23178
23182
23192
23204
23218
23236
23239
23240
23261
23266
23266
23270
23273
23279
23290
23297
23304
23318
23323
23353
23355
23360
23362
23364
23365
23393
23403
23410
23423
23427
23428
23433
23437
23438
23441
23442
23443
23453
23455
23458
23461
23471
23486
23486
23494
23497
23498
23500
23512
23528
23530
23533
23535
23553
23561
23566
23581
23587
23589
23594
23621
23633
23637
23641
23642
23647
23666
23668
23672
23675
23683
23703
23706
23717
23721
23722
23746
23748
23751
23766
23805
23806
23807
23851
23877
23886
23888
23898
23917
23919
23923
23924
23926
23937
23938
23947
23963
23973
23989
24009
24010
24028
24033
24037
24049
24079
24095
24117
24139
24165
24166
24167
24169
24178
24178
24179
24185
24188
24198
24216
24217
24226
24242
24254
24255
24271
24275
24276
24277
24281
24284
24299
24302
24306
24314
24317
24319
24342
24351
24354
24358
24376
24383
24398
24441
24441
24447
24454
24459
24476
24485
24492
24494
24496
24501
24511
24512
24516
24520
24524
24528
24541
24546
24550
24552
24554
24559
24584
24595
24612
24618
24650
24661
24681
24700
24715
24719
24722
24725
24730
24733
24740
24741
24752
24761
24763
24766
24769
24782
24805
24848
24857
24863
24870
24872
24879
24881
24891
24899
24902
24906
24909
24912
24917
24918
24927
24939
24941
24957
24969
24976
24977
24999
25008
25015
25028
25043
25069
25090
25091
25098
25101
25101
25102
25103
25112
25115
25120
25122
25124
25132
25153
25173
25183
25187
25208
25212
25217
25219
25248
25264
25265
25267
25277
25279
25302
25303
25328
25329
25341
25355
25357
25375
25396
25397
25403
25410
25414
25416
25416
25419
25425
25442
25446
25448
25476
25489
25489
25490
25501
25508
25509
25517
25530
25531
25550
25555
25567
25569
25578
25584
25605
25610
25611
25618
25619
25623
25628
25633
25642
25649
25654
25655
25667
25700
25710
25714
25716
25731
25735
25738
25741
25754
25757
25766
25790
25801
25819
25826
25830
25842
25877
25886
25889
25890
25900
25911
25916
25918
25930
25930
25934
25948
25952
25956
25967
25983
25996
25999
26000
26025
26030
26040
26060
26074
26085
26116
26130
26140
26155
26173
26182
26192
26200
26203
26205
26207
26207
26223
26233
26239
26240
26262
26272
26283
26329
26331
26334
26343
26381
26392
26393
26409
26420
26421
26422
26430
26444
26449
26478
26482
26485
26488
26503
26507
26509
26511
26518
26540
26551
26553
26558
26560
26561
26570
26587
26590
26618
26621
26629
26632
26651
26655
26667
26671
26679
26743
26743
26744
26758
26765
26770
26776
26821
26823
26831
26855
26856
26857
26880
26893
26894
26908
26912
26957
26968
26971
26974
26975
26997
27002
27009
27021
27037
27037
27050
27052
27055
27057
27064
27066
27073
27081
27089
27105
27108
27109
27112
27129
27146
27147
27153
27171
27176
27184
27187
27197
27201
27203
27205
27207
27225
27231
27233
27245
27256
27265
27267
27269
27286
27291
27300
27325
27327
27334
27335
27344
27363
27369
27389
27392
27393
27396
27408
27424
27425
27425
27426
27427
27445
27449
27457
27462
27466
27498
27510
27517
27518
27533
27542
27543
27561
27580
27588
27588
27590
27591
27601
27605
27611
27612
27620
27624
27625
27634
27637
27639
27640
27649
27655
27660
27672
27675
27693
27712
27730
27737
27751
27763
27788
27797
27800
27821
27822
27847
27867
27871
27877
27909
27911
27913
27914
27914
27919
27922
27929
27930
27931
27948
27950
27956
27973
27977
28004
28025
28037
28050
28055
28065
28067
28071
28085
28094
28121
28147
28151
28184
28196
28206
28225
28228
28237
28241
28245
28285
28292
28301
28321
28322
28323
28324
28331
28335
28339
28344
28370
28379
28389
28394
28397
28401
28406
28408
28409
28413
28414
28429
28456
28458
28460
28463
28468
28468
28475
28488
28511
28514
28520
28528
28533
28559
28562
28572
28581
28617
28629
28632
28662
28674
28689
28695
28705
28707
28727
28733
28751
28760
28764
28767
28777
28780
28782
28797
28822
28826
28826
28834
28843
28868
28874
28876
28882
28893
28901
28901
28902
28912
28923
28932
28937
28944
28972
28977
28981
28991
29013
29015
29015
29017
29025
29040
29043
29055
29061
29063
29064
29069
29074
29082
29082
29086
29099
29109
29118
29126
29129
29163
29166
29176
29199
29238
29238
29242
29250
29252
29261
29268
29270
29271
29272
29280
29284
29289
29313
29340
29351
29369
29383
29402
29417
29426
29436
29442
29468
29471
29478
29480
29502
29525
29527
29531
29542
29545
29546
29554
29566
29584
29596
29606
29614
29631
29638
29646
29661
29665
29684
29691
29698
29705
29706
29708
29726
29731
29735
29742
29780
29783
29784
29786
29790
29797
29798
29801
29802
29803
29804
29806
29814
29843
29851
29851
29852
29861
29869
29870
29873
29877
29902
29925
29928
29933
29946
30000
30003
30004
30021
30031
30039
30069
30076
30082
30083
30121
30122
30128
30131
30164
30168
30174
30183
30185
30190
30198
30208
30211
30218
30235
30254
30255
30256
30257
30264
30267
30273
30274
30295
30298
30305
30307
30314
30327
30329
30337
30349
30357
30382
30388
30390
30391
30395
30396
30401
30403
30406
30414
30418
30425
30437
30444
30468
30473
30479
30479
30484
30490
30496
30498
30502
30543
30554
30555
30564
30582
30594
30595
30598
30610
30618
30628
30634
30635
30638
30639
30644
30650
30671
30674
30686
30689
30702
30743
30749
30752
30753
30754
30787
30805
30806
30807
30808
30814
30819
30820
30823
30829
30829
30838
30865
30921
30927
30945
30947
30952
30956
30967
30969
30969
30977
30993
31000
31019
31023
31037
31039
31048
31049
31060
31081
31088
31114
31121
31122
31129
31147
31159
31163
31175
31193
31194
31220
31229
31231
31232
31244
31244
31282
31292
31308
31312
31315
31315
31316
31321
31322
31322
31334
31361
31366
31366
31367
31368
31373
31377
31385
31387
31389
31404
31406
31410
31415
31425
31448
31454
31459
31464
31465
31482
31483
31493
31505
31508
31571
31581
31583
31600
31616
31616
31627
31630
31640
31674
31684
31699
31709
31724
31729
31744
31744
31758
31759
31780
31799
31803
31822
31822
31827
31839
31849
31865
31886
31892
31892
31897
31901
31904
31919
31921
31943
31943
31957
31963
31983
31991
31993
32005
32013
32033
32045
32059
32062
32066
32085
32087
32088
32092
32093
32121
32128
32131
32145
32164
32166
32172
32198
32203
32216
32217
32223
32240
32242
32245
32249
32292
32310
32325
32325
32330
32331
32342
32358
32366
32367
32369
32373
32382
32394
32423
32426
32430
32433
32448
32449
32452
32456
32472
32517
32521
32534
32543
32565
32572
32583
32602
32604
32605
32609
32609
32635
32636
32652
32667
32670
32701
32718
32744
32748
